running egg_info
creating ../../build/crazyflie_mpc/crazyflie_mpc.egg-info
writing ../../build/crazyflie_mpc/crazyflie_mpc.egg-info/PKG-INFO
writing dependency_links to ../../build/crazyflie_mpc/crazyflie_mpc.egg-info/dependency_links.txt
writing entry points to ../../build/crazyflie_mpc/crazyflie_mpc.egg-info/entry_points.txt
writing requirements to ../../build/crazyflie_mpc/crazyflie_mpc.egg-info/requires.txt
writing top-level names to ../../build/crazyflie_mpc/crazyflie_mpc.egg-info/top_level.txt
writing manifest file '../../build/crazyflie_mpc/crazyflie_mpc.egg-info/SOURCES.txt'
reading manifest file '../../build/crazyflie_mpc/crazyflie_mpc.egg-info/SOURCES.txt'
writing manifest file '../../build/crazyflie_mpc/crazyflie_mpc.egg-info/SOURCES.txt'
running build
running build_py
creating /home/zyf/crazyflies/group-crazyflie-1/test/sim_test/CrazySim/ros2_ws/build/crazyflie_mpc/build
creating /home/zyf/crazyflies/group-crazyflie-1/test/sim_test/CrazySim/ros2_ws/build/crazyflie_mpc/build/lib
creating /home/zyf/crazyflies/group-crazyflie-1/test/sim_test/CrazySim/ros2_ws/build/crazyflie_mpc/build/lib/crazyflie_mpc
copying crazyflie_mpc/quadrotor_simplified_model.py -> /home/zyf/crazyflies/group-crazyflie-1/test/sim_test/CrazySim/ros2_ws/build/crazyflie_mpc/build/lib/crazyflie_mpc
copying crazyflie_mpc/trajectory_tracking_mpc.py -> /home/zyf/crazyflies/group-crazyflie-1/test/sim_test/CrazySim/ros2_ws/build/crazyflie_mpc/build/lib/crazyflie_mpc
copying crazyflie_mpc/crazyflie_multiagent_mpc.py -> /home/zyf/crazyflies/group-crazyflie-1/test/sim_test/CrazySim/ros2_ws/build/crazyflie_mpc/build/lib/crazyflie_mpc
copying crazyflie_mpc/__init__.py -> /home/zyf/crazyflies/group-crazyflie-1/test/sim_test/CrazySim/ros2_ws/build/crazyflie_mpc/build/lib/crazyflie_mpc
running install
running install_lib
creating /home/zyf/crazyflies/group-crazyflie-1/test/sim_test/CrazySim/ros2_ws/install/crazyflie_mpc/lib/python3.10/site-packages/crazyflie_mpc
copying /home/zyf/crazyflies/group-crazyflie-1/test/sim_test/CrazySim/ros2_ws/build/crazyflie_mpc/build/lib/crazyflie_mpc/quadrotor_simplified_model.py -> /home/zyf/crazyflies/group-crazyflie-1/test/sim_test/CrazySim/ros2_ws/install/crazyflie_mpc/lib/python3.10/site-packages/crazyflie_mpc
copying /home/zyf/crazyflies/group-crazyflie-1/test/sim_test/CrazySim/ros2_ws/build/crazyflie_mpc/build/lib/crazyflie_mpc/trajectory_tracking_mpc.py -> /home/zyf/crazyflies/group-crazyflie-1/test/sim_test/CrazySim/ros2_ws/install/crazyflie_mpc/lib/python3.10/site-packages/crazyflie_mpc
copying /home/zyf/crazyflies/group-crazyflie-1/test/sim_test/CrazySim/ros2_ws/build/crazyflie_mpc/build/lib/crazyflie_mpc/crazyflie_multiagent_mpc.py -> /home/zyf/crazyflies/group-crazyflie-1/test/sim_test/CrazySim/ros2_ws/install/crazyflie_mpc/lib/python3.10/site-packages/crazyflie_mpc
copying /home/zyf/crazyflies/group-crazyflie-1/test/sim_test/CrazySim/ros2_ws/build/crazyflie_mpc/build/lib/crazyflie_mpc/__init__.py -> /home/zyf/crazyflies/group-crazyflie-1/test/sim_test/CrazySim/ros2_ws/install/crazyflie_mpc/lib/python3.10/site-packages/crazyflie_mpc
byte-compiling /home/zyf/crazyflies/group-crazyflie-1/test/sim_test/CrazySim/ros2_ws/install/crazyflie_mpc/lib/python3.10/site-packages/crazyflie_mpc/quadrotor_simplified_model.py to quadrotor_simplified_model.cpython-310.pyc
byte-compiling /home/zyf/crazyflies/group-crazyflie-1/test/sim_test/CrazySim/ros2_ws/install/crazyflie_mpc/lib/python3.10/site-packages/crazyflie_mpc/trajectory_tracking_mpc.py to trajectory_tracking_mpc.cpython-310.pyc
byte-compiling /home/zyf/crazyflies/group-crazyflie-1/test/sim_test/CrazySim/ros2_ws/install/crazyflie_mpc/lib/python3.10/site-packages/crazyflie_mpc/crazyflie_multiagent_mpc.py to crazyflie_multiagent_mpc.cpython-310.pyc
byte-compiling /home/zyf/crazyflies/group-crazyflie-1/test/sim_test/CrazySim/ros2_ws/install/crazyflie_mpc/lib/python3.10/site-packages/crazyflie_mpc/__init__.py to __init__.cpython-310.pyc
running install_data
running install_egg_info
Copying ../../build/crazyflie_mpc/crazyflie_mpc.egg-info to /home/zyf/crazyflies/group-crazyflie-1/test/sim_test/CrazySim/ros2_ws/install/crazyflie_mpc/lib/python3.10/site-packages/crazyflie_mpc-0.0.0-py3.10.egg-info
running install_scripts
Installing crazyflie_multiagent_mpc script to /home/zyf/crazyflies/group-crazyflie-1/test/sim_test/CrazySim/ros2_ws/install/crazyflie_mpc/lib/crazyflie_mpc
writing list of installed files to '/home/zyf/crazyflies/group-crazyflie-1/test/sim_test/CrazySim/ros2_ws/build/crazyflie_mpc/install.log'
