/home/zyf/crazyflies/group-crazyflie-1/test/sim_test/CrazySim/ros2_ws/install/crazyflie_mpc/lib/python3.10/site-packages/crazyflie_mpc/quadrotor_simplified_model.py
/home/zyf/crazyflies/group-crazyflie-1/test/sim_test/CrazySim/ros2_ws/install/crazyflie_mpc/lib/python3.10/site-packages/crazyflie_mpc/trajectory_tracking_mpc.py
/home/zyf/crazyflies/group-crazyflie-1/test/sim_test/CrazySim/ros2_ws/install/crazyflie_mpc/lib/python3.10/site-packages/crazyflie_mpc/trajectory_tracking_mpc_.py
/home/zyf/crazyflies/group-crazyflie-1/test/sim_test/CrazySim/ros2_ws/install/crazyflie_mpc/lib/python3.10/site-packages/crazyflie_mpc/crazyflie_multiagent_mpc.py
/home/zyf/crazyflies/group-crazyflie-1/test/sim_test/CrazySim/ros2_ws/install/crazyflie_mpc/lib/python3.10/site-packages/crazyflie_mpc/__init__.py
/home/zyf/crazyflies/group-crazyflie-1/test/sim_test/CrazySim/ros2_ws/install/crazyflie_mpc/lib/python3.10/site-packages/crazyflie_mpc/__pycache__/quadrotor_simplified_model.cpython-310.pyc
/home/zyf/crazyflies/group-crazyflie-1/test/sim_test/CrazySim/ros2_ws/install/crazyflie_mpc/lib/python3.10/site-packages/crazyflie_mpc/__pycache__/trajectory_tracking_mpc.cpython-310.pyc
/home/zyf/crazyflies/group-crazyflie-1/test/sim_test/CrazySim/ros2_ws/install/crazyflie_mpc/lib/python3.10/site-packages/crazyflie_mpc/__pycache__/trajectory_tracking_mpc_.cpython-310.pyc
/home/zyf/crazyflies/group-crazyflie-1/test/sim_test/CrazySim/ros2_ws/install/crazyflie_mpc/lib/python3.10/site-packages/crazyflie_mpc/__pycache__/crazyflie_multiagent_mpc.cpython-310.pyc
/home/zyf/crazyflies/group-crazyflie-1/test/sim_test/CrazySim/ros2_ws/install/crazyflie_mpc/lib/python3.10/site-packages/crazyflie_mpc/__pycache__/__init__.cpython-310.pyc
/home/zyf/crazyflies/group-crazyflie-1/test/sim_test/CrazySim/ros2_ws/install/crazyflie_mpc/share/ament_index/resource_index/packages/crazyflie_mpc
/home/zyf/crazyflies/group-crazyflie-1/test/sim_test/CrazySim/ros2_ws/install/crazyflie_mpc/share/crazyflie_mpc/package.xml
/home/zyf/crazyflies/group-crazyflie-1/test/sim_test/CrazySim/ros2_ws/install/crazyflie_mpc/share/crazyflie_mpc/launch/crazyflie_multiagent_mpc_launch.py
/home/zyf/crazyflies/group-crazyflie-1/test/sim_test/CrazySim/ros2_ws/install/crazyflie_mpc/lib/python3.10/site-packages/crazyflie_mpc-0.0.0-py3.10.egg-info/entry_points.txt
/home/zyf/crazyflies/group-crazyflie-1/test/sim_test/CrazySim/ros2_ws/install/crazyflie_mpc/lib/python3.10/site-packages/crazyflie_mpc-0.0.0-py3.10.egg-info/top_level.txt
/home/zyf/crazyflies/group-crazyflie-1/test/sim_test/CrazySim/ros2_ws/install/crazyflie_mpc/lib/python3.10/site-packages/crazyflie_mpc-0.0.0-py3.10.egg-info/zip-safe
/home/zyf/crazyflies/group-crazyflie-1/test/sim_test/CrazySim/ros2_ws/install/crazyflie_mpc/lib/python3.10/site-packages/crazyflie_mpc-0.0.0-py3.10.egg-info/SOURCES.txt
/home/zyf/crazyflies/group-crazyflie-1/test/sim_test/CrazySim/ros2_ws/install/crazyflie_mpc/lib/python3.10/site-packages/crazyflie_mpc-0.0.0-py3.10.egg-info/requires.txt
/home/zyf/crazyflies/group-crazyflie-1/test/sim_test/CrazySim/ros2_ws/install/crazyflie_mpc/lib/python3.10/site-packages/crazyflie_mpc-0.0.0-py3.10.egg-info/dependency_links.txt
/home/zyf/crazyflies/group-crazyflie-1/test/sim_test/CrazySim/ros2_ws/install/crazyflie_mpc/lib/python3.10/site-packages/crazyflie_mpc-0.0.0-py3.10.egg-info/PKG-INFO
/home/zyf/crazyflies/group-crazyflie-1/test/sim_test/CrazySim/ros2_ws/install/crazyflie_mpc/lib/crazyflie_mpc/crazyflie_multiagent_mpc
