[0.185s] Invoking command in '/home/zyf/crazyflies/group-crazyflie-1/test/sim_test/CrazySim/ros2_ws/build/crazyflie': CMAKE_PREFIX_PATH=/home/zyf/crazyflies/group-crazyflie-1/test/sim_test/CrazySim/ros2_ws/install/motion_capture_tracking_interfaces:/home/zyf/crazyflies/group-crazyflie-1/test/sim_test/CrazySim/ros2_ws/install/crazyflie_interfaces:/home/zyf/crazyflies/group-crazyflie-1/test/sim_test/CrazySim/ros2_ws/install/motion_capture_tracking:/home/zyf/crazyflies/group-crazyflie-1/test/sim_test/CrazySim/ros2_ws/install/crazyflie:/home/zyf/crazyflies/group-crazyflie-1/test/sim_test/CrazySim/ros2_ws/install/crazyflie_sim:/home/zyf/crazyflies/group-crazyflie-1/test/sim_test/CrazySim/ros2_ws/install/crazyflie_examples:/home/zyf/crazyflies/group-crazyflie-1/test/sim_test/CrazySim/ros2_ws/install/crazyflie_mpc:/home/zyf/crazyflies/group-crazyflie-1/test/sim_test/CrazySim/ros2_ws/install/crazyflie_py:/opt/ros/humble /usr/bin/cmake --build /home/zyf/crazyflies/group-crazyflie-1/test/sim_test/CrazySim/ros2_ws/build/crazyflie -- -j16 -l16
[0.235s] [ 25%] Built target crazyflieLinkCpp
[0.237s] [ 30%] Built target teleop
[0.255s] [ 38%] Built target crazyflie_cpp
[0.291s] [ 44%] Built target scan
[0.295s] [ 50%] Built target crazyflie_server
[0.297s] [ 55%] Built target listLogVariables
[0.299s] [ 61%] Built target listMemories
[0.300s] [ 66%] Built target battery
[0.300s] [ 72%] Built target listParams
[0.303s] [ 77%] Built target console
[0.306s] [ 88%] Built target version
[0.306s] [ 88%] Built target log
[0.307s] [ 94%] Built target reboot
[0.308s] [100%] Built target setParam
[0.319s] Invoked command in '/home/zyf/crazyflies/group-crazyflie-1/test/sim_test/CrazySim/ros2_ws/build/crazyflie' returned '0': CMAKE_PREFIX_PATH=/home/zyf/crazyflies/group-crazyflie-1/test/sim_test/CrazySim/ros2_ws/install/motion_capture_tracking_interfaces:/home/zyf/crazyflies/group-crazyflie-1/test/sim_test/CrazySim/ros2_ws/install/crazyflie_interfaces:/home/zyf/crazyflies/group-crazyflie-1/test/sim_test/CrazySim/ros2_ws/install/motion_capture_tracking:/home/zyf/crazyflies/group-crazyflie-1/test/sim_test/CrazySim/ros2_ws/install/crazyflie:/home/zyf/crazyflies/group-crazyflie-1/test/sim_test/CrazySim/ros2_ws/install/crazyflie_sim:/home/zyf/crazyflies/group-crazyflie-1/test/sim_test/CrazySim/ros2_ws/install/crazyflie_examples:/home/zyf/crazyflies/group-crazyflie-1/test/sim_test/CrazySim/ros2_ws/install/crazyflie_mpc:/home/zyf/crazyflies/group-crazyflie-1/test/sim_test/CrazySim/ros2_ws/install/crazyflie_py:/opt/ros/humble /usr/bin/cmake --build /home/zyf/crazyflies/group-crazyflie-1/test/sim_test/CrazySim/ros2_ws/build/crazyflie -- -j16 -l16
[0.357s] Invoking command in '/home/zyf/crazyflies/group-crazyflie-1/test/sim_test/CrazySim/ros2_ws/build/crazyflie': CMAKE_PREFIX_PATH=/home/zyf/crazyflies/group-crazyflie-1/test/sim_test/CrazySim/ros2_ws/install/motion_capture_tracking_interfaces:/home/zyf/crazyflies/group-crazyflie-1/test/sim_test/CrazySim/ros2_ws/install/crazyflie_interfaces:/home/zyf/crazyflies/group-crazyflie-1/test/sim_test/CrazySim/ros2_ws/install/motion_capture_tracking:/home/zyf/crazyflies/group-crazyflie-1/test/sim_test/CrazySim/ros2_ws/install/crazyflie:/home/zyf/crazyflies/group-crazyflie-1/test/sim_test/CrazySim/ros2_ws/install/crazyflie_sim:/home/zyf/crazyflies/group-crazyflie-1/test/sim_test/CrazySim/ros2_ws/install/crazyflie_examples:/home/zyf/crazyflies/group-crazyflie-1/test/sim_test/CrazySim/ros2_ws/install/crazyflie_mpc:/home/zyf/crazyflies/group-crazyflie-1/test/sim_test/CrazySim/ros2_ws/install/crazyflie_py:/opt/ros/humble /usr/bin/cmake --install /home/zyf/crazyflies/group-crazyflie-1/test/sim_test/CrazySim/ros2_ws/build/crazyflie
[0.364s] -- Install configuration: ""
[0.365s] -- Up-to-date: /home/zyf/crazyflies/group-crazyflie-1/test/sim_test/CrazySim/ros2_ws/install/crazyflie/lib/crazyflie/scan
[0.365s] -- Up-to-date: /home/zyf/crazyflies/group-crazyflie-1/test/sim_test/CrazySim/ros2_ws/install/crazyflie/lib/crazyflie/listParams
[0.365s] -- Up-to-date: /home/zyf/crazyflies/group-crazyflie-1/test/sim_test/CrazySim/ros2_ws/install/crazyflie/lib/crazyflie/listLogVariables
[0.365s] -- Up-to-date: /home/zyf/crazyflies/group-crazyflie-1/test/sim_test/CrazySim/ros2_ws/install/crazyflie/lib/crazyflie/listMemories
[0.365s] -- Up-to-date: /home/zyf/crazyflies/group-crazyflie-1/test/sim_test/CrazySim/ros2_ws/install/crazyflie/lib/crazyflie/reboot
[0.365s] -- Up-to-date: /home/zyf/crazyflies/group-crazyflie-1/test/sim_test/CrazySim/ros2_ws/install/crazyflie/lib/crazyflie/battery
[0.366s] -- Up-to-date: /home/zyf/crazyflies/group-crazyflie-1/test/sim_test/CrazySim/ros2_ws/install/crazyflie/lib/crazyflie/version
[0.366s] -- Up-to-date: /home/zyf/crazyflies/group-crazyflie-1/test/sim_test/CrazySim/ros2_ws/install/crazyflie/lib/crazyflie/console
[0.366s] -- Up-to-date: /home/zyf/crazyflies/group-crazyflie-1/test/sim_test/CrazySim/ros2_ws/install/crazyflie/lib/crazyflie/log
[0.366s] -- Up-to-date: /home/zyf/crazyflies/group-crazyflie-1/test/sim_test/CrazySim/ros2_ws/install/crazyflie/lib/crazyflie/setParam
[0.366s] -- Up-to-date: /home/zyf/crazyflies/group-crazyflie-1/test/sim_test/CrazySim/ros2_ws/install/crazyflie/lib/crazyflie/teleop
[0.366s] -- Up-to-date: /home/zyf/crazyflies/group-crazyflie-1/test/sim_test/CrazySim/ros2_ws/install/crazyflie/lib/crazyflie/crazyflie_server
[0.367s] -- Up-to-date: /home/zyf/crazyflies/group-crazyflie-1/test/sim_test/CrazySim/ros2_ws/install/crazyflie/lib/crazyflie/crazyflie_server.py
[0.367s] -- Up-to-date: /home/zyf/crazyflies/group-crazyflie-1/test/sim_test/CrazySim/ros2_ws/install/crazyflie/lib/crazyflie/chooser.py
[0.367s] -- Up-to-date: /home/zyf/crazyflies/group-crazyflie-1/test/sim_test/CrazySim/ros2_ws/install/crazyflie/lib/crazyflie/vel_mux.py
[0.367s] -- Up-to-date: /home/zyf/crazyflies/group-crazyflie-1/test/sim_test/CrazySim/ros2_ws/install/crazyflie/lib/crazyflie/cfmult.py
[0.367s] -- Up-to-date: /home/zyf/crazyflies/group-crazyflie-1/test/sim_test/CrazySim/ros2_ws/install/crazyflie/lib/crazyflie/cf_tf_follower.py
[0.367s] -- Up-to-date: /home/zyf/crazyflies/group-crazyflie-1/test/sim_test/CrazySim/ros2_ws/install/crazyflie/lib/crazyflie/cf_listener.py
[0.367s] -- Up-to-date: /home/zyf/crazyflies/group-crazyflie-1/test/sim_test/CrazySim/ros2_ws/install/crazyflie/lib/crazyflie/move_cf_tf.py
[0.367s] -- Up-to-date: /home/zyf/crazyflies/group-crazyflie-1/test/sim_test/CrazySim/ros2_ws/install/crazyflie/lib/crazyflie/cf_move.py
[0.367s] -- Up-to-date: /home/zyf/crazyflies/group-crazyflie-1/test/sim_test/CrazySim/ros2_ws/install/crazyflie/share/crazyflie//launch
[0.367s] -- Up-to-date: /home/zyf/crazyflies/group-crazyflie-1/test/sim_test/CrazySim/ros2_ws/install/crazyflie/share/crazyflie//launch/launch_teleop2.py
[0.367s] -- Up-to-date: /home/zyf/crazyflies/group-crazyflie-1/test/sim_test/CrazySim/ros2_ws/install/crazyflie/share/crazyflie//launch/start_tf_fixes.launch.xml
[0.367s] -- Up-to-date: /home/zyf/crazyflies/group-crazyflie-1/test/sim_test/CrazySim/ros2_ws/install/crazyflie/share/crazyflie//launch/teleop_launch.py
[0.367s] -- Up-to-date: /home/zyf/crazyflies/group-crazyflie-1/test/sim_test/CrazySim/ros2_ws/install/crazyflie/share/crazyflie//launch/publish_static_transform_cf_to_world.launch.py
[0.367s] -- Up-to-date: /home/zyf/crazyflies/group-crazyflie-1/test/sim_test/CrazySim/ros2_ws/install/crazyflie/share/crazyflie//launch/launch.py
[0.367s] -- Up-to-date: /home/zyf/crazyflies/group-crazyflie-1/test/sim_test/CrazySim/ros2_ws/install/crazyflie/share/crazyflie//launch/follower.launch.py
[0.367s] -- Up-to-date: /home/zyf/crazyflies/group-crazyflie-1/test/sim_test/CrazySim/ros2_ws/install/crazyflie/share/crazyflie//config
[0.367s] -- Installing: /home/zyf/crazyflies/group-crazyflie-1/test/sim_test/CrazySim/ros2_ws/install/crazyflie/share/crazyflie//config/config.rviz
[0.367s] -- Up-to-date: /home/zyf/crazyflies/group-crazyflie-1/test/sim_test/CrazySim/ros2_ws/install/crazyflie/share/crazyflie//config/crazyflies.yaml
[0.368s] -- Up-to-date: /home/zyf/crazyflies/group-crazyflie-1/test/sim_test/CrazySim/ros2_ws/install/crazyflie/share/crazyflie//config/teleop.yaml
[0.368s] -- Up-to-date: /home/zyf/crazyflies/group-crazyflie-1/test/sim_test/CrazySim/ros2_ws/install/crazyflie/share/crazyflie//config/motion_capture.yaml
[0.368s] -- Up-to-date: /home/zyf/crazyflies/group-crazyflie-1/test/sim_test/CrazySim/ros2_ws/install/crazyflie/share/crazyflie//config/server.yaml
[0.368s] -- Up-to-date: /home/zyf/crazyflies/group-crazyflie-1/test/sim_test/CrazySim/ros2_ws/install/crazyflie/share/ament_index/resource_index/package_run_dependencies/crazyflie
[0.368s] -- Up-to-date: /home/zyf/crazyflies/group-crazyflie-1/test/sim_test/CrazySim/ros2_ws/install/crazyflie/share/ament_index/resource_index/parent_prefix_path/crazyflie
[0.368s] -- Up-to-date: /home/zyf/crazyflies/group-crazyflie-1/test/sim_test/CrazySim/ros2_ws/install/crazyflie/share/crazyflie/environment/ament_prefix_path.dsv
[0.368s] -- Up-to-date: /home/zyf/crazyflies/group-crazyflie-1/test/sim_test/CrazySim/ros2_ws/install/crazyflie/share/crazyflie/environment/path.dsv
[0.368s] -- Up-to-date: /home/zyf/crazyflies/group-crazyflie-1/test/sim_test/CrazySim/ros2_ws/install/crazyflie/share/crazyflie/local_setup.bash
[0.368s] -- Up-to-date: /home/zyf/crazyflies/group-crazyflie-1/test/sim_test/CrazySim/ros2_ws/install/crazyflie/share/crazyflie/local_setup.sh
[0.368s] -- Up-to-date: /home/zyf/crazyflies/group-crazyflie-1/test/sim_test/CrazySim/ros2_ws/install/crazyflie/share/crazyflie/local_setup.zsh
[0.368s] -- Up-to-date: /home/zyf/crazyflies/group-crazyflie-1/test/sim_test/CrazySim/ros2_ws/install/crazyflie/share/crazyflie/local_setup.dsv
[0.368s] -- Installing: /home/zyf/crazyflies/group-crazyflie-1/test/sim_test/CrazySim/ros2_ws/install/crazyflie/share/crazyflie/package.dsv
[0.368s] -- Up-to-date: /home/zyf/crazyflies/group-crazyflie-1/test/sim_test/CrazySim/ros2_ws/install/crazyflie/share/ament_index/resource_index/packages/crazyflie
[0.368s] -- Up-to-date: /home/zyf/crazyflies/group-crazyflie-1/test/sim_test/CrazySim/ros2_ws/install/crazyflie/share/crazyflie/cmake/crazyflieConfig.cmake
[0.368s] -- Up-to-date: /home/zyf/crazyflies/group-crazyflie-1/test/sim_test/CrazySim/ros2_ws/install/crazyflie/share/crazyflie/cmake/crazyflieConfig-version.cmake
[0.368s] -- Up-to-date: /home/zyf/crazyflies/group-crazyflie-1/test/sim_test/CrazySim/ros2_ws/install/crazyflie/share/crazyflie/package.xml
[0.370s] Invoked command in '/home/zyf/crazyflies/group-crazyflie-1/test/sim_test/CrazySim/ros2_ws/build/crazyflie' returned '0': CMAKE_PREFIX_PATH=/home/zyf/crazyflies/group-crazyflie-1/test/sim_test/CrazySim/ros2_ws/install/motion_capture_tracking_interfaces:/home/zyf/crazyflies/group-crazyflie-1/test/sim_test/CrazySim/ros2_ws/install/crazyflie_interfaces:/home/zyf/crazyflies/group-crazyflie-1/test/sim_test/CrazySim/ros2_ws/install/motion_capture_tracking:/home/zyf/crazyflies/group-crazyflie-1/test/sim_test/CrazySim/ros2_ws/install/crazyflie:/home/zyf/crazyflies/group-crazyflie-1/test/sim_test/CrazySim/ros2_ws/install/crazyflie_sim:/home/zyf/crazyflies/group-crazyflie-1/test/sim_test/CrazySim/ros2_ws/install/crazyflie_examples:/home/zyf/crazyflies/group-crazyflie-1/test/sim_test/CrazySim/ros2_ws/install/crazyflie_mpc:/home/zyf/crazyflies/group-crazyflie-1/test/sim_test/CrazySim/ros2_ws/install/crazyflie_py:/opt/ros/humble /usr/bin/cmake --install /home/zyf/crazyflies/group-crazyflie-1/test/sim_test/CrazySim/ros2_ws/build/crazyflie
