[0.007s] Invoking command in '/home/zyf/crazyflies/group-crazyflie-1/test/sim_test/CrazySim/ros2_ws/build/motion_capture_tracking_interfaces': CMAKE_PREFIX_PATH=/opt/ros/humble /usr/bin/cmake --build /home/zyf/crazyflies/group-crazyflie-1/test/sim_test/CrazySim/ros2_ws/build/motion_capture_tracking_interfaces -- -j16 -l16
[0.011s] [0mCMake Error: The current CMakeCache.txt directory /home/zyf/crazyflies/group-crazyflie-1/test/sim_test/CrazySim/ros2_ws/build/motion_capture_tracking_interfaces/CMakeCache.txt is different than the directory /home/zyf/crazyflies/CrazySim/ros2_ws/build/motion_capture_tracking_interfaces where CMakeCache.txt was created. This may result in binaries being created in the wrong place. If you are not sure, reedit the CMakeCache.txt[0m
[0.050s] [35m[1mConsolidate compiler generated dependencies of target motion_capture_tracking_interfaces__rosidl_generator_c[0m
[0.057s] [  2%] Built target motion_capture_tracking_interfaces__cpp
[0.058s] [ 12%] Built target motion_capture_tracking_interfaces__rosidl_generator_c
[0.066s] [ 12%] Built target ament_cmake_python_symlink_motion_capture_tracking_interfaces
[0.067s] [35m[1mConsolidate compiler generated dependencies of target motion_capture_tracking_interfaces__rosidl_typesupport_c[0m
[0.067s] [35m[1mConsolidate compiler generated dependencies of target motion_capture_tracking_interfaces__rosidl_typesupport_cpp[0m
[0.067s] [35m[1mConsolidate compiler generated dependencies of target motion_capture_tracking_interfaces__rosidl_typesupport_fastrtps_cpp[0m
[0.067s] [35m[1mConsolidate compiler generated dependencies of target motion_capture_tracking_interfaces__rosidl_typesupport_introspection_cpp[0m
[0.067s] [35m[1mConsolidate compiler generated dependencies of target motion_capture_tracking_interfaces__rosidl_typesupport_fastrtps_c[0m
[0.068s] [35m[1mConsolidate compiler generated dependencies of target motion_capture_tracking_interfaces__rosidl_typesupport_introspection_c[0m
[0.077s] [ 23%] Built target motion_capture_tracking_interfaces__rosidl_typesupport_c
[0.082s] [ 66%] Built target motion_capture_tracking_interfaces__rosidl_typesupport_cpp
[0.082s] [ 66%] Built target motion_capture_tracking_interfaces__rosidl_typesupport_introspection_cpp
[0.082s] [ 74%] Built target motion_capture_tracking_interfaces__rosidl_typesupport_introspection_c
[0.082s] [ 74%] Built target motion_capture_tracking_interfaces__rosidl_typesupport_fastrtps_cpp
[0.082s] [ 74%] Built target motion_capture_tracking_interfaces__rosidl_typesupport_fastrtps_c
[0.101s] [ 74%] Built target motion_capture_tracking_interfaces
[0.116s] [ 76%] Built target motion_capture_tracking_interfaces__py
[0.125s] [35m[1mConsolidate compiler generated dependencies of target motion_capture_tracking_interfaces__rosidl_generator_py[0m
[0.136s] [ 84%] Built target motion_capture_tracking_interfaces__rosidl_generator_py
[0.144s] [35m[1mConsolidate compiler generated dependencies of target motion_capture_tracking_interfaces__rosidl_typesupport_c__pyext[0m
[0.144s] [35m[1mConsolidate compiler generated dependencies of target motion_capture_tracking_interfaces__rosidl_typesupport_introspection_c__pyext[0m
[0.145s] [35m[1mConsolidate compiler generated dependencies of target motion_capture_tracking_interfaces__rosidl_typesupport_fastrtps_c__pyext[0m
[0.155s] [ 94%] Built target motion_capture_tracking_interfaces__rosidl_typesupport_introspection_c__pyext
[0.155s] [ 97%] Built target motion_capture_tracking_interfaces__rosidl_typesupport_c__pyext
[0.155s] [100%] Built target motion_capture_tracking_interfaces__rosidl_typesupport_fastrtps_c__pyext
[0.211s] running egg_info
[0.212s] writing motion_capture_tracking_interfaces.egg-info/PKG-INFO
[0.212s] writing dependency_links to motion_capture_tracking_interfaces.egg-info/dependency_links.txt
[0.212s] writing top-level names to motion_capture_tracking_interfaces.egg-info/top_level.txt
[0.213s] reading manifest file 'motion_capture_tracking_interfaces.egg-info/SOURCES.txt'
[0.214s] writing manifest file 'motion_capture_tracking_interfaces.egg-info/SOURCES.txt'
[0.236s] [100%] Built target ament_cmake_python_build_motion_capture_tracking_interfaces_egg
[0.245s] Invoked command in '/home/zyf/crazyflies/group-crazyflie-1/test/sim_test/CrazySim/ros2_ws/build/motion_capture_tracking_interfaces' returned '0': CMAKE_PREFIX_PATH=/opt/ros/humble /usr/bin/cmake --build /home/zyf/crazyflies/group-crazyflie-1/test/sim_test/CrazySim/ros2_ws/build/motion_capture_tracking_interfaces -- -j16 -l16
[0.315s] Invoking command in '/home/zyf/crazyflies/group-crazyflie-1/test/sim_test/CrazySim/ros2_ws/build/motion_capture_tracking_interfaces': CMAKE_PREFIX_PATH=/opt/ros/humble /usr/bin/cmake --install /home/zyf/crazyflies/group-crazyflie-1/test/sim_test/CrazySim/ros2_ws/build/motion_capture_tracking_interfaces
[0.324s] -- Install configuration: ""
[0.325s] -- Execute custom install script
[0.325s] -- Up-to-date symlink: /home/zyf/crazyflies/CrazySim/ros2_ws/install/motion_capture_tracking_interfaces/share/ament_index/resource_index/rosidl_interfaces/motion_capture_tracking_interfaces
[0.325s] -- Up-to-date symlink: /home/zyf/crazyflies/CrazySim/ros2_ws/install/motion_capture_tracking_interfaces/include/motion_capture_tracking_interfaces/motion_capture_tracking_interfaces/msg/detail/named_pose__functions.h
[0.325s] -- Up-to-date symlink: /home/zyf/crazyflies/CrazySim/ros2_ws/install/motion_capture_tracking_interfaces/include/motion_capture_tracking_interfaces/motion_capture_tracking_interfaces/msg/detail/named_pose__struct.h
[0.326s] -- Up-to-date symlink: /home/zyf/crazyflies/CrazySim/ros2_ws/install/motion_capture_tracking_interfaces/include/motion_capture_tracking_interfaces/motion_capture_tracking_interfaces/msg/detail/named_pose__type_support.h
[0.326s] -- Up-to-date symlink: /home/zyf/crazyflies/CrazySim/ros2_ws/install/motion_capture_tracking_interfaces/include/motion_capture_tracking_interfaces/motion_capture_tracking_interfaces/msg/detail/named_pose_array__functions.h
[0.326s] -- Up-to-date symlink: /home/zyf/crazyflies/CrazySim/ros2_ws/install/motion_capture_tracking_interfaces/include/motion_capture_tracking_interfaces/motion_capture_tracking_interfaces/msg/detail/named_pose_array__struct.h
[0.326s] -- Up-to-date symlink: /home/zyf/crazyflies/CrazySim/ros2_ws/install/motion_capture_tracking_interfaces/include/motion_capture_tracking_interfaces/motion_capture_tracking_interfaces/msg/detail/named_pose_array__type_support.h
[0.326s] -- Up-to-date symlink: /home/zyf/crazyflies/CrazySim/ros2_ws/install/motion_capture_tracking_interfaces/include/motion_capture_tracking_interfaces/motion_capture_tracking_interfaces/msg/named_pose.h
[0.326s] -- Up-to-date symlink: /home/zyf/crazyflies/CrazySim/ros2_ws/install/motion_capture_tracking_interfaces/include/motion_capture_tracking_interfaces/motion_capture_tracking_interfaces/msg/named_pose_array.h
[0.326s] -- Up-to-date symlink: /home/zyf/crazyflies/CrazySim/ros2_ws/install/motion_capture_tracking_interfaces/include/motion_capture_tracking_interfaces/motion_capture_tracking_interfaces/msg/rosidl_generator_c__visibility_control.h
[0.326s] -- Up-to-date symlink: /home/zyf/crazyflies/CrazySim/ros2_ws/install/motion_capture_tracking_interfaces/share/motion_capture_tracking_interfaces/environment/library_path.sh
[0.326s] -- Up-to-date symlink: /home/zyf/crazyflies/CrazySim/ros2_ws/install/motion_capture_tracking_interfaces/share/motion_capture_tracking_interfaces/environment/library_path.dsv
[0.326s] -- Up-to-date symlink: /home/zyf/crazyflies/CrazySim/ros2_ws/install/motion_capture_tracking_interfaces/include/motion_capture_tracking_interfaces/motion_capture_tracking_interfaces/msg/detail/named_pose__rosidl_typesupport_fastrtps_c.h
[0.327s] -- Up-to-date symlink: /home/zyf/crazyflies/CrazySim/ros2_ws/install/motion_capture_tracking_interfaces/include/motion_capture_tracking_interfaces/motion_capture_tracking_interfaces/msg/detail/named_pose_array__rosidl_typesupport_fastrtps_c.h
[0.327s] -- Up-to-date symlink: /home/zyf/crazyflies/CrazySim/ros2_ws/install/motion_capture_tracking_interfaces/include/motion_capture_tracking_interfaces/motion_capture_tracking_interfaces/msg/rosidl_typesupport_fastrtps_c__visibility_control.h
[0.327s] -- Up-to-date symlink: /home/zyf/crazyflies/CrazySim/ros2_ws/install/motion_capture_tracking_interfaces/include/motion_capture_tracking_interfaces/motion_capture_tracking_interfaces/msg/detail/named_pose__builder.hpp
[0.327s] -- Up-to-date symlink: /home/zyf/crazyflies/CrazySim/ros2_ws/install/motion_capture_tracking_interfaces/include/motion_capture_tracking_interfaces/motion_capture_tracking_interfaces/msg/detail/named_pose__struct.hpp
[0.327s] -- Up-to-date symlink: /home/zyf/crazyflies/CrazySim/ros2_ws/install/motion_capture_tracking_interfaces/include/motion_capture_tracking_interfaces/motion_capture_tracking_interfaces/msg/detail/named_pose__traits.hpp
[0.327s] -- Up-to-date symlink: /home/zyf/crazyflies/CrazySim/ros2_ws/install/motion_capture_tracking_interfaces/include/motion_capture_tracking_interfaces/motion_capture_tracking_interfaces/msg/detail/named_pose_array__builder.hpp
[0.327s] -- Up-to-date symlink: /home/zyf/crazyflies/CrazySim/ros2_ws/install/motion_capture_tracking_interfaces/include/motion_capture_tracking_interfaces/motion_capture_tracking_interfaces/msg/detail/named_pose_array__struct.hpp
[0.327s] -- Up-to-date symlink: /home/zyf/crazyflies/CrazySim/ros2_ws/install/motion_capture_tracking_interfaces/include/motion_capture_tracking_interfaces/motion_capture_tracking_interfaces/msg/detail/named_pose_array__traits.hpp
[0.327s] -- Up-to-date symlink: /home/zyf/crazyflies/CrazySim/ros2_ws/install/motion_capture_tracking_interfaces/include/motion_capture_tracking_interfaces/motion_capture_tracking_interfaces/msg/named_pose.hpp
[0.327s] -- Up-to-date symlink: /home/zyf/crazyflies/CrazySim/ros2_ws/install/motion_capture_tracking_interfaces/include/motion_capture_tracking_interfaces/motion_capture_tracking_interfaces/msg/named_pose_array.hpp
[0.328s] -- Up-to-date symlink: /home/zyf/crazyflies/CrazySim/ros2_ws/install/motion_capture_tracking_interfaces/include/motion_capture_tracking_interfaces/motion_capture_tracking_interfaces/msg/detail/named_pose__rosidl_typesupport_fastrtps_cpp.hpp
[0.328s] -- Up-to-date symlink: /home/zyf/crazyflies/CrazySim/ros2_ws/install/motion_capture_tracking_interfaces/include/motion_capture_tracking_interfaces/motion_capture_tracking_interfaces/msg/detail/named_pose_array__rosidl_typesupport_fastrtps_cpp.hpp
[0.328s] -- Up-to-date symlink: /home/zyf/crazyflies/CrazySim/ros2_ws/install/motion_capture_tracking_interfaces/include/motion_capture_tracking_interfaces/motion_capture_tracking_interfaces/msg/rosidl_typesupport_fastrtps_cpp__visibility_control.h
[0.328s] -- Up-to-date symlink: /home/zyf/crazyflies/CrazySim/ros2_ws/install/motion_capture_tracking_interfaces/include/motion_capture_tracking_interfaces/motion_capture_tracking_interfaces/msg/detail/named_pose__rosidl_typesupport_introspection_c.h
[0.328s] -- Up-to-date symlink: /home/zyf/crazyflies/CrazySim/ros2_ws/install/motion_capture_tracking_interfaces/include/motion_capture_tracking_interfaces/motion_capture_tracking_interfaces/msg/detail/named_pose_array__rosidl_typesupport_introspection_c.h
[0.328s] -- Up-to-date symlink: /home/zyf/crazyflies/CrazySim/ros2_ws/install/motion_capture_tracking_interfaces/include/motion_capture_tracking_interfaces/motion_capture_tracking_interfaces/msg/rosidl_typesupport_introspection_c__visibility_control.h
[0.328s] -- Up-to-date symlink: /home/zyf/crazyflies/CrazySim/ros2_ws/install/motion_capture_tracking_interfaces/include/motion_capture_tracking_interfaces/motion_capture_tracking_interfaces/msg/detail/named_pose__rosidl_typesupport_introspection_cpp.hpp
[0.328s] -- Up-to-date symlink: /home/zyf/crazyflies/CrazySim/ros2_ws/install/motion_capture_tracking_interfaces/include/motion_capture_tracking_interfaces/motion_capture_tracking_interfaces/msg/detail/named_pose_array__rosidl_typesupport_introspection_cpp.hpp
[0.328s] -- Up-to-date symlink: /home/zyf/crazyflies/CrazySim/ros2_ws/install/motion_capture_tracking_interfaces/share/motion_capture_tracking_interfaces/environment/pythonpath.sh
[0.329s] -- Up-to-date symlink: /home/zyf/crazyflies/CrazySim/ros2_ws/install/motion_capture_tracking_interfaces/share/motion_capture_tracking_interfaces/environment/pythonpath.dsv
[0.329s] -- Up-to-date symlink: /home/zyf/crazyflies/CrazySim/ros2_ws/install/motion_capture_tracking_interfaces/local/lib/python3.10/dist-packages/motion_capture_tracking_interfaces-1.0.5-py3.10.egg-info/PKG-INFO
[0.329s] -- Up-to-date symlink: /home/zyf/crazyflies/CrazySim/ros2_ws/install/motion_capture_tracking_interfaces/local/lib/python3.10/dist-packages/motion_capture_tracking_interfaces-1.0.5-py3.10.egg-info/SOURCES.txt
[0.329s] -- Up-to-date symlink: /home/zyf/crazyflies/CrazySim/ros2_ws/install/motion_capture_tracking_interfaces/local/lib/python3.10/dist-packages/motion_capture_tracking_interfaces-1.0.5-py3.10.egg-info/dependency_links.txt
[0.329s] -- Up-to-date symlink: /home/zyf/crazyflies/CrazySim/ros2_ws/install/motion_capture_tracking_interfaces/local/lib/python3.10/dist-packages/motion_capture_tracking_interfaces-1.0.5-py3.10.egg-info/top_level.txt
[0.329s] -- Up-to-date symlink: /home/zyf/crazyflies/CrazySim/ros2_ws/install/motion_capture_tracking_interfaces/local/lib/python3.10/dist-packages/motion_capture_tracking_interfaces/__init__.py
[0.329s] -- Up-to-date symlink: /home/zyf/crazyflies/CrazySim/ros2_ws/install/motion_capture_tracking_interfaces/local/lib/python3.10/dist-packages/motion_capture_tracking_interfaces/_motion_capture_tracking_interfaces_s.ep.rosidl_typesupport_c.c
[0.330s] -- Up-to-date symlink: /home/zyf/crazyflies/CrazySim/ros2_ws/install/motion_capture_tracking_interfaces/local/lib/python3.10/dist-packages/motion_capture_tracking_interfaces/_motion_capture_tracking_interfaces_s.ep.rosidl_typesupport_fastrtps_c.c
[0.330s] -- Up-to-date symlink: /home/zyf/crazyflies/CrazySim/ros2_ws/install/motion_capture_tracking_interfaces/local/lib/python3.10/dist-packages/motion_capture_tracking_interfaces/_motion_capture_tracking_interfaces_s.ep.rosidl_typesupport_introspection_c.c
[0.330s] -- Up-to-date symlink: /home/zyf/crazyflies/CrazySim/ros2_ws/install/motion_capture_tracking_interfaces/local/lib/python3.10/dist-packages/motion_capture_tracking_interfaces/libmotion_capture_tracking_interfaces__rosidl_generator_py.so
[0.330s] -- Up-to-date symlink: /home/zyf/crazyflies/CrazySim/ros2_ws/install/motion_capture_tracking_interfaces/local/lib/python3.10/dist-packages/motion_capture_tracking_interfaces/motion_capture_tracking_interfaces_s__rosidl_typesupport_c.cpython-310-x86_64-linux-gnu.so
[0.330s] -- Up-to-date symlink: /home/zyf/crazyflies/CrazySim/ros2_ws/install/motion_capture_tracking_interfaces/local/lib/python3.10/dist-packages/motion_capture_tracking_interfaces/motion_capture_tracking_interfaces_s__rosidl_typesupport_fastrtps_c.cpython-310-x86_64-linux-gnu.so
[0.330s] -- Up-to-date symlink: /home/zyf/crazyflies/CrazySim/ros2_ws/install/motion_capture_tracking_interfaces/local/lib/python3.10/dist-packages/motion_capture_tracking_interfaces/motion_capture_tracking_interfaces_s__rosidl_typesupport_introspection_c.cpython-310-x86_64-linux-gnu.so
[0.330s] -- Up-to-date symlink: /home/zyf/crazyflies/CrazySim/ros2_ws/install/motion_capture_tracking_interfaces/local/lib/python3.10/dist-packages/motion_capture_tracking_interfaces/msg/__init__.py
[0.330s] -- Up-to-date symlink: /home/zyf/crazyflies/CrazySim/ros2_ws/install/motion_capture_tracking_interfaces/local/lib/python3.10/dist-packages/motion_capture_tracking_interfaces/msg/_named_pose.py
[0.330s] -- Up-to-date symlink: /home/zyf/crazyflies/CrazySim/ros2_ws/install/motion_capture_tracking_interfaces/local/lib/python3.10/dist-packages/motion_capture_tracking_interfaces/msg/_named_pose_array.py
[0.330s] -- Up-to-date symlink: /home/zyf/crazyflies/CrazySim/ros2_ws/install/motion_capture_tracking_interfaces/local/lib/python3.10/dist-packages/motion_capture_tracking_interfaces/msg/_named_pose_array_s.c
[0.330s] -- Up-to-date symlink: /home/zyf/crazyflies/CrazySim/ros2_ws/install/motion_capture_tracking_interfaces/local/lib/python3.10/dist-packages/motion_capture_tracking_interfaces/msg/_named_pose_s.c
[0.330s] -- Up-to-date symlink: /home/zyf/crazyflies/CrazySim/ros2_ws/install/motion_capture_tracking_interfaces/local/lib/python3.10/dist-packages/motion_capture_tracking_interfaces/motion_capture_tracking_interfaces_s__rosidl_typesupport_fastrtps_c.cpython-310-x86_64-linux-gnu.so
[0.331s] -- Up-to-date symlink: /home/zyf/crazyflies/CrazySim/ros2_ws/install/motion_capture_tracking_interfaces/local/lib/python3.10/dist-packages/motion_capture_tracking_interfaces/motion_capture_tracking_interfaces_s__rosidl_typesupport_introspection_c.cpython-310-x86_64-linux-gnu.so
[0.331s] -- Up-to-date symlink: /home/zyf/crazyflies/CrazySim/ros2_ws/install/motion_capture_tracking_interfaces/local/lib/python3.10/dist-packages/motion_capture_tracking_interfaces/motion_capture_tracking_interfaces_s__rosidl_typesupport_c.cpython-310-x86_64-linux-gnu.so
[0.331s] -- Up-to-date symlink: /home/zyf/crazyflies/CrazySim/ros2_ws/install/motion_capture_tracking_interfaces/share/motion_capture_tracking_interfaces/msg/NamedPose.idl
[0.331s] -- Up-to-date symlink: /home/zyf/crazyflies/CrazySim/ros2_ws/install/motion_capture_tracking_interfaces/share/motion_capture_tracking_interfaces/msg/NamedPoseArray.idl
[0.331s] -- Up-to-date symlink: /home/zyf/crazyflies/CrazySim/ros2_ws/install/motion_capture_tracking_interfaces/share/motion_capture_tracking_interfaces/msg/NamedPose.msg
[0.331s] -- Up-to-date symlink: /home/zyf/crazyflies/CrazySim/ros2_ws/install/motion_capture_tracking_interfaces/share/motion_capture_tracking_interfaces/msg/NamedPoseArray.msg
[0.331s] -- Up-to-date symlink: /home/zyf/crazyflies/CrazySim/ros2_ws/install/motion_capture_tracking_interfaces/share/ament_index/resource_index/package_run_dependencies/motion_capture_tracking_interfaces
[0.331s] -- Up-to-date symlink: /home/zyf/crazyflies/CrazySim/ros2_ws/install/motion_capture_tracking_interfaces/share/ament_index/resource_index/parent_prefix_path/motion_capture_tracking_interfaces
[0.331s] -- Up-to-date symlink: /home/zyf/crazyflies/CrazySim/ros2_ws/install/motion_capture_tracking_interfaces/share/motion_capture_tracking_interfaces/environment/ament_prefix_path.sh
[0.331s] -- Up-to-date symlink: /home/zyf/crazyflies/CrazySim/ros2_ws/install/motion_capture_tracking_interfaces/share/motion_capture_tracking_interfaces/environment/ament_prefix_path.dsv
[0.331s] -- Up-to-date symlink: /home/zyf/crazyflies/CrazySim/ros2_ws/install/motion_capture_tracking_interfaces/share/motion_capture_tracking_interfaces/environment/path.sh
[0.332s] -- Up-to-date symlink: /home/zyf/crazyflies/CrazySim/ros2_ws/install/motion_capture_tracking_interfaces/share/motion_capture_tracking_interfaces/environment/path.dsv
[0.332s] -- Up-to-date symlink: /home/zyf/crazyflies/CrazySim/ros2_ws/install/motion_capture_tracking_interfaces/share/motion_capture_tracking_interfaces/local_setup.bash
[0.332s] -- Up-to-date symlink: /home/zyf/crazyflies/CrazySim/ros2_ws/install/motion_capture_tracking_interfaces/share/motion_capture_tracking_interfaces/local_setup.sh
[0.332s] -- Up-to-date symlink: /home/zyf/crazyflies/CrazySim/ros2_ws/install/motion_capture_tracking_interfaces/share/motion_capture_tracking_interfaces/local_setup.zsh
[0.332s] -- Up-to-date symlink: /home/zyf/crazyflies/CrazySim/ros2_ws/install/motion_capture_tracking_interfaces/share/motion_capture_tracking_interfaces/local_setup.dsv
[0.332s] -- Symlinking: /home/zyf/crazyflies/CrazySim/ros2_ws/install/motion_capture_tracking_interfaces/share/motion_capture_tracking_interfaces/package.dsv
[0.339s] -- Up-to-date symlink: /home/zyf/crazyflies/CrazySim/ros2_ws/install/motion_capture_tracking_interfaces/share/ament_index/resource_index/packages/motion_capture_tracking_interfaces
[0.339s] -- Up-to-date symlink: /home/zyf/crazyflies/CrazySim/ros2_ws/install/motion_capture_tracking_interfaces/share/motion_capture_tracking_interfaces/cmake/rosidl_cmake-extras.cmake
[0.340s] -- Up-to-date symlink: /home/zyf/crazyflies/CrazySim/ros2_ws/install/motion_capture_tracking_interfaces/share/motion_capture_tracking_interfaces/cmake/ament_cmake_export_dependencies-extras.cmake
[0.340s] -- Up-to-date symlink: /home/zyf/crazyflies/CrazySim/ros2_ws/install/motion_capture_tracking_interfaces/share/motion_capture_tracking_interfaces/cmake/ament_cmake_export_include_directories-extras.cmake
[0.340s] -- Up-to-date symlink: /home/zyf/crazyflies/CrazySim/ros2_ws/install/motion_capture_tracking_interfaces/share/motion_capture_tracking_interfaces/cmake/ament_cmake_export_libraries-extras.cmake
[0.340s] -- Up-to-date symlink: /home/zyf/crazyflies/CrazySim/ros2_ws/install/motion_capture_tracking_interfaces/share/motion_capture_tracking_interfaces/cmake/ament_cmake_export_targets-extras.cmake
[0.340s] -- Up-to-date symlink: /home/zyf/crazyflies/CrazySim/ros2_ws/install/motion_capture_tracking_interfaces/share/motion_capture_tracking_interfaces/cmake/rosidl_cmake_export_typesupport_targets-extras.cmake
[0.340s] -- Up-to-date symlink: /home/zyf/crazyflies/CrazySim/ros2_ws/install/motion_capture_tracking_interfaces/share/motion_capture_tracking_interfaces/cmake/rosidl_cmake_export_typesupport_libraries-extras.cmake
[0.340s] -- Up-to-date symlink: /home/zyf/crazyflies/CrazySim/ros2_ws/install/motion_capture_tracking_interfaces/share/motion_capture_tracking_interfaces/cmake/motion_capture_tracking_interfacesConfig.cmake
[0.340s] -- Up-to-date symlink: /home/zyf/crazyflies/CrazySim/ros2_ws/install/motion_capture_tracking_interfaces/share/motion_capture_tracking_interfaces/cmake/motion_capture_tracking_interfacesConfig-version.cmake
[0.340s] -- Up-to-date symlink: /home/zyf/crazyflies/CrazySim/ros2_ws/install/motion_capture_tracking_interfaces/share/motion_capture_tracking_interfaces/package.xml
[0.340s] -- Up-to-date: /home/zyf/crazyflies/CrazySim/ros2_ws/install/motion_capture_tracking_interfaces/lib/libmotion_capture_tracking_interfaces__rosidl_generator_c.so
[0.341s] -- Up-to-date: /home/zyf/crazyflies/CrazySim/ros2_ws/install/motion_capture_tracking_interfaces/lib/libmotion_capture_tracking_interfaces__rosidl_typesupport_fastrtps_c.so
[0.341s] -- Up-to-date: /home/zyf/crazyflies/CrazySim/ros2_ws/install/motion_capture_tracking_interfaces/lib/libmotion_capture_tracking_interfaces__rosidl_typesupport_fastrtps_cpp.so
[0.341s] -- Up-to-date: /home/zyf/crazyflies/CrazySim/ros2_ws/install/motion_capture_tracking_interfaces/lib/libmotion_capture_tracking_interfaces__rosidl_typesupport_introspection_c.so
[0.341s] -- Up-to-date: /home/zyf/crazyflies/CrazySim/ros2_ws/install/motion_capture_tracking_interfaces/lib/libmotion_capture_tracking_interfaces__rosidl_typesupport_c.so
[0.341s] -- Up-to-date: /home/zyf/crazyflies/CrazySim/ros2_ws/install/motion_capture_tracking_interfaces/lib/libmotion_capture_tracking_interfaces__rosidl_typesupport_introspection_cpp.so
[0.342s] -- Up-to-date: /home/zyf/crazyflies/CrazySim/ros2_ws/install/motion_capture_tracking_interfaces/lib/libmotion_capture_tracking_interfaces__rosidl_typesupport_cpp.so
[0.361s] Listing '/home/zyf/crazyflies/CrazySim/ros2_ws/install/motion_capture_tracking_interfaces/local/lib/python3.10/dist-packages/motion_capture_tracking_interfaces'...
[0.361s] Listing '/home/zyf/crazyflies/CrazySim/ros2_ws/install/motion_capture_tracking_interfaces/local/lib/python3.10/dist-packages/motion_capture_tracking_interfaces/msg'...
[0.364s] -- Up-to-date: /home/zyf/crazyflies/CrazySim/ros2_ws/install/motion_capture_tracking_interfaces/lib/libmotion_capture_tracking_interfaces__rosidl_generator_py.so
[0.364s] -- Up-to-date: /home/zyf/crazyflies/CrazySim/ros2_ws/install/motion_capture_tracking_interfaces/share/motion_capture_tracking_interfaces/cmake/export_motion_capture_tracking_interfaces__rosidl_generator_cExport.cmake
[0.364s] -- Up-to-date: /home/zyf/crazyflies/CrazySim/ros2_ws/install/motion_capture_tracking_interfaces/share/motion_capture_tracking_interfaces/cmake/export_motion_capture_tracking_interfaces__rosidl_generator_cExport-noconfig.cmake
[0.364s] -- Up-to-date: /home/zyf/crazyflies/CrazySim/ros2_ws/install/motion_capture_tracking_interfaces/share/motion_capture_tracking_interfaces/cmake/export_motion_capture_tracking_interfaces__rosidl_typesupport_fastrtps_cExport.cmake
[0.364s] -- Up-to-date: /home/zyf/crazyflies/CrazySim/ros2_ws/install/motion_capture_tracking_interfaces/share/motion_capture_tracking_interfaces/cmake/export_motion_capture_tracking_interfaces__rosidl_typesupport_fastrtps_cExport-noconfig.cmake
[0.364s] -- Up-to-date: /home/zyf/crazyflies/CrazySim/ros2_ws/install/motion_capture_tracking_interfaces/share/motion_capture_tracking_interfaces/cmake/export_motion_capture_tracking_interfaces__rosidl_generator_cppExport.cmake
[0.365s] -- Up-to-date: /home/zyf/crazyflies/CrazySim/ros2_ws/install/motion_capture_tracking_interfaces/share/motion_capture_tracking_interfaces/cmake/export_motion_capture_tracking_interfaces__rosidl_typesupport_fastrtps_cppExport.cmake
[0.365s] -- Up-to-date: /home/zyf/crazyflies/CrazySim/ros2_ws/install/motion_capture_tracking_interfaces/share/motion_capture_tracking_interfaces/cmake/export_motion_capture_tracking_interfaces__rosidl_typesupport_fastrtps_cppExport-noconfig.cmake
[0.365s] -- Up-to-date: /home/zyf/crazyflies/CrazySim/ros2_ws/install/motion_capture_tracking_interfaces/share/motion_capture_tracking_interfaces/cmake/motion_capture_tracking_interfaces__rosidl_typesupport_introspection_cExport.cmake
[0.365s] -- Up-to-date: /home/zyf/crazyflies/CrazySim/ros2_ws/install/motion_capture_tracking_interfaces/share/motion_capture_tracking_interfaces/cmake/motion_capture_tracking_interfaces__rosidl_typesupport_introspection_cExport-noconfig.cmake
[0.365s] -- Up-to-date: /home/zyf/crazyflies/CrazySim/ros2_ws/install/motion_capture_tracking_interfaces/share/motion_capture_tracking_interfaces/cmake/motion_capture_tracking_interfaces__rosidl_typesupport_cExport.cmake
[0.365s] -- Up-to-date: /home/zyf/crazyflies/CrazySim/ros2_ws/install/motion_capture_tracking_interfaces/share/motion_capture_tracking_interfaces/cmake/motion_capture_tracking_interfaces__rosidl_typesupport_cExport-noconfig.cmake
[0.365s] -- Up-to-date: /home/zyf/crazyflies/CrazySim/ros2_ws/install/motion_capture_tracking_interfaces/share/motion_capture_tracking_interfaces/cmake/motion_capture_tracking_interfaces__rosidl_typesupport_introspection_cppExport.cmake
[0.365s] -- Up-to-date: /home/zyf/crazyflies/CrazySim/ros2_ws/install/motion_capture_tracking_interfaces/share/motion_capture_tracking_interfaces/cmake/motion_capture_tracking_interfaces__rosidl_typesupport_introspection_cppExport-noconfig.cmake
[0.365s] -- Up-to-date: /home/zyf/crazyflies/CrazySim/ros2_ws/install/motion_capture_tracking_interfaces/share/motion_capture_tracking_interfaces/cmake/motion_capture_tracking_interfaces__rosidl_typesupport_cppExport.cmake
[0.365s] -- Up-to-date: /home/zyf/crazyflies/CrazySim/ros2_ws/install/motion_capture_tracking_interfaces/share/motion_capture_tracking_interfaces/cmake/motion_capture_tracking_interfaces__rosidl_typesupport_cppExport-noconfig.cmake
[0.365s] -- Up-to-date: /home/zyf/crazyflies/CrazySim/ros2_ws/install/motion_capture_tracking_interfaces/share/motion_capture_tracking_interfaces/cmake/export_motion_capture_tracking_interfaces__rosidl_generator_pyExport.cmake
[0.365s] -- Up-to-date: /home/zyf/crazyflies/CrazySim/ros2_ws/install/motion_capture_tracking_interfaces/share/motion_capture_tracking_interfaces/cmake/export_motion_capture_tracking_interfaces__rosidl_generator_pyExport-noconfig.cmake
[0.367s] Invoked command in '/home/zyf/crazyflies/group-crazyflie-1/test/sim_test/CrazySim/ros2_ws/build/motion_capture_tracking_interfaces' returned '0': CMAKE_PREFIX_PATH=/opt/ros/humble /usr/bin/cmake --install /home/zyf/crazyflies/group-crazyflie-1/test/sim_test/CrazySim/ros2_ws/build/motion_capture_tracking_interfaces
