[0.632s] Invoking command in '/home/zyf/crazyflies/CrazySim/ros2_ws/build/crazyflie_py': AMENT_PREFIX_PATH=/home/zyf/crazyflies/CrazySim/ros2_ws/install/crazyflie_interfaces:${AMENT_PREFIX_PATH} CMAKE_PREFIX_PATH=/home/zyf/crazyflies/CrazySim/ros2_ws/install/crazyflie_interfaces LD_LIBRARY_PATH=/home/zyf/crazyflies/CrazySim/ros2_ws/install/crazyflie_interfaces/lib:${LD_LIBRARY_PATH} PYTHONPATH=/home/zyf/crazyflies/CrazySim/ros2_ws/build/crazyflie_py/prefix_override:/home/zyf/crazyflies/CrazySim/ros2_ws/install/crazyflie_py/lib/python3.10/site-packages:/home/zyf/crazyflies/CrazySim/ros2_ws/install/crazyflie_interfaces/local/lib/python3.10/dist-packages:${PYTHONPATH} /usr/bin/python3 -W ignore:setup.py install is deprecated setup.py develop --editable --build-directory /home/zyf/crazyflies/CrazySim/ros2_ws/build/crazyflie_py/build --no-deps symlink_data
[0.829s] running develop
[0.829s] /usr/lib/python3/dist-packages/setuptools/command/easy_install.py:158: EasyInstallDeprecationWarning: easy_install command is deprecated. Use build and pip and other standards-based tools.
[0.829s]   warnings.warn(
[0.931s] running egg_info
[0.931s] creating crazyflie_py.egg-info
[0.932s] writing crazyflie_py.egg-info/PKG-INFO
[0.932s] writing dependency_links to crazyflie_py.egg-info/dependency_links.txt
[0.932s] writing entry points to crazyflie_py.egg-info/entry_points.txt
[0.932s] writing requirements to crazyflie_py.egg-info/requires.txt
[0.932s] writing top-level names to crazyflie_py.egg-info/top_level.txt
[0.932s] writing manifest file 'crazyflie_py.egg-info/SOURCES.txt'
[0.934s] reading manifest file 'crazyflie_py.egg-info/SOURCES.txt'
[0.934s] writing manifest file 'crazyflie_py.egg-info/SOURCES.txt'
[0.935s] running build_ext
[0.935s] Creating /home/zyf/crazyflies/CrazySim/ros2_ws/install/crazyflie_py/lib/python3.10/site-packages/crazyflie-py.egg-link (link to .)
[0.936s] 
[0.936s] Installed /home/zyf/crazyflies/CrazySim/ros2_ws/build/crazyflie_py
[0.936s] running symlink_data
[0.936s] creating /home/zyf/crazyflies/CrazySim/ros2_ws/install/crazyflie_py/share/ament_index
[0.936s] creating /home/zyf/crazyflies/CrazySim/ros2_ws/install/crazyflie_py/share/ament_index/resource_index
[0.936s] creating /home/zyf/crazyflies/CrazySim/ros2_ws/install/crazyflie_py/share/ament_index/resource_index/packages
[0.936s] symbolically linking /home/zyf/crazyflies/CrazySim/ros2_ws/build/crazyflie_py/resource/crazyflie_py -> /home/zyf/crazyflies/CrazySim/ros2_ws/install/crazyflie_py/share/ament_index/resource_index/packages
[0.936s] symbolically linking /home/zyf/crazyflies/CrazySim/ros2_ws/build/crazyflie_py/package.xml -> /home/zyf/crazyflies/CrazySim/ros2_ws/install/crazyflie_py/share/crazyflie_py
[0.971s] Invoked command in '/home/zyf/crazyflies/CrazySim/ros2_ws/build/crazyflie_py' returned '0': AMENT_PREFIX_PATH=/home/zyf/crazyflies/CrazySim/ros2_ws/install/crazyflie_interfaces:${AMENT_PREFIX_PATH} CMAKE_PREFIX_PATH=/home/zyf/crazyflies/CrazySim/ros2_ws/install/crazyflie_interfaces LD_LIBRARY_PATH=/home/zyf/crazyflies/CrazySim/ros2_ws/install/crazyflie_interfaces/lib:${LD_LIBRARY_PATH} PYTHONPATH=/home/zyf/crazyflies/CrazySim/ros2_ws/build/crazyflie_py/prefix_override:/home/zyf/crazyflies/CrazySim/ros2_ws/install/crazyflie_py/lib/python3.10/site-packages:/home/zyf/crazyflies/CrazySim/ros2_ws/install/crazyflie_interfaces/local/lib/python3.10/dist-packages:${PYTHONPATH} /usr/bin/python3 -W ignore:setup.py install is deprecated setup.py develop --editable --build-directory /home/zyf/crazyflies/CrazySim/ros2_ws/build/crazyflie_py/build --no-deps symlink_data
