Determining if the function sgemm_ exists failed with the following output:
Change Dir: /home/zyf/crazyflies/CrazySim/crazyflie-firmware/sitl_make/build/CMakeFiles/CMakeTmp

Run Build Command(s):/usr/bin/gmake -f Makefile cmTC_8716d/fast && /usr/bin/gmake  -f CMakeFiles/cmTC_8716d.dir/build.make CMakeFiles/cmTC_8716d.dir/build
gmake[1]: Entering directory '/home/zyf/crazyflies/CrazySim/crazyflie-firmware/sitl_make/build/CMakeFiles/CMakeTmp'
Building C object CMakeFiles/cmTC_8716d.dir/CheckFunctionExists.c.o
/usr/bin/cc   -DCHECK_FUNCTION_EXISTS=sgemm_ -o CMakeFiles/cmTC_8716d.dir/CheckFunctionExists.c.o -c /usr/share/cmake-3.22/Modules/CheckFunctionExists.c
Linking C executable cmTC_8716d
/usr/bin/cmake -E cmake_link_script CMakeFiles/cmTC_8716d.dir/link.txt --verbose=1
/usr/bin/cc  -DCHECK_FUNCTION_EXISTS=sgemm_ CMakeFiles/cmTC_8716d.dir/CheckFunctionExists.c.o -o cmTC_8716d 
/usr/bin/ld: CMakeFiles/cmTC_8716d.dir/CheckFunctionExists.c.o: in function `main':
CheckFunctionExists.c:(.text+0x14): undefined reference to `sgemm_'
collect2: error: ld returned 1 exit status
gmake[1]: *** [CMakeFiles/cmTC_8716d.dir/build.make:99: cmTC_8716d] Error 1
gmake[1]: Leaving directory '/home/zyf/crazyflies/CrazySim/crazyflie-firmware/sitl_make/build/CMakeFiles/CMakeTmp'
gmake: *** [Makefile:127: cmTC_8716d/fast] Error 2



Determining if the function cheev_ exists failed with the following output:
Change Dir: /home/zyf/crazyflies/CrazySim/crazyflie-firmware/sitl_make/build/CMakeFiles/CMakeTmp

Run Build Command(s):/usr/bin/gmake -f Makefile cmTC_726a5/fast && /usr/bin/gmake  -f CMakeFiles/cmTC_726a5.dir/build.make CMakeFiles/cmTC_726a5.dir/build
gmake[1]: Entering directory '/home/zyf/crazyflies/CrazySim/crazyflie-firmware/sitl_make/build/CMakeFiles/CMakeTmp'
Building C object CMakeFiles/cmTC_726a5.dir/CheckFunctionExists.c.o
/usr/bin/cc   -DCHECK_FUNCTION_EXISTS=cheev_ -o CMakeFiles/cmTC_726a5.dir/CheckFunctionExists.c.o -c /usr/share/cmake-3.22/Modules/CheckFunctionExists.c
Linking C executable cmTC_726a5
/usr/bin/cmake -E cmake_link_script CMakeFiles/cmTC_726a5.dir/link.txt --verbose=1
/usr/bin/cc  -DCHECK_FUNCTION_EXISTS=cheev_ CMakeFiles/cmTC_726a5.dir/CheckFunctionExists.c.o -o cmTC_726a5  /usr/lib/x86_64-linux-gnu/libblas.so -lm -ldl 
/usr/bin/ld: CMakeFiles/cmTC_726a5.dir/CheckFunctionExists.c.o: in function `main':
CheckFunctionExists.c:(.text+0x14): undefined reference to `cheev_'
collect2: error: ld returned 1 exit status
gmake[1]: *** [CMakeFiles/cmTC_726a5.dir/build.make:100: cmTC_726a5] Error 1
gmake[1]: Leaving directory '/home/zyf/crazyflies/CrazySim/crazyflie-firmware/sitl_make/build/CMakeFiles/CMakeTmp'
gmake: *** [Makefile:127: cmTC_726a5/fast] Error 2



Determining if the function cheev_ exists failed with the following output:
Change Dir: /home/zyf/crazyflies/CrazySim/crazyflie-firmware/sitl_make/build/CMakeFiles/CMakeTmp

Run Build Command(s):/usr/bin/gmake -f Makefile cmTC_51bcd/fast && /usr/bin/gmake  -f CMakeFiles/cmTC_51bcd.dir/build.make CMakeFiles/cmTC_51bcd.dir/build
gmake[1]: Entering directory '/home/zyf/crazyflies/CrazySim/crazyflie-firmware/sitl_make/build/CMakeFiles/CMakeTmp'
Building C object CMakeFiles/cmTC_51bcd.dir/CheckFunctionExists.c.o
/usr/bin/cc   -DCHECK_FUNCTION_EXISTS=cheev_ -o CMakeFiles/cmTC_51bcd.dir/CheckFunctionExists.c.o -c /usr/share/cmake-3.22/Modules/CheckFunctionExists.c
Linking C executable cmTC_51bcd
/usr/bin/cmake -E cmake_link_script CMakeFiles/cmTC_51bcd.dir/link.txt --verbose=1
/usr/bin/cc  -DCHECK_FUNCTION_EXISTS=cheev_ CMakeFiles/cmTC_51bcd.dir/CheckFunctionExists.c.o -o cmTC_51bcd  /usr/lib/x86_64-linux-gnu/liblapack.so /usr/lib/x86_64-linux-gnu/libblas.so -fortranlibs 
cc: error: unrecognized command-line option ‘-fortranlibs’
gmake[1]: *** [CMakeFiles/cmTC_51bcd.dir/build.make:101: cmTC_51bcd] Error 1
gmake[1]: Leaving directory '/home/zyf/crazyflies/CrazySim/crazyflie-firmware/sitl_make/build/CMakeFiles/CMakeTmp'
gmake: *** [Makefile:127: cmTC_51bcd/fast] Error 2



