[0.566s] Invoking command in '/home/zyf/crazyflies/group-crazyflie-1/test/sim_test/CrazySim/ros2_ws/src/crazyswarm2/crazyflie_py': AMENT_PREFIX_PATH=/home/zyf/crazyflies/group-crazyflie-1/test/sim_test/CrazySim/ros2_ws/install/crazyflie_interfaces:${AMENT_PREFIX_PATH} CMAKE_PREFIX_PATH=/home/zyf/crazyflies/group-crazyflie-1/test/sim_test/CrazySim/ros2_ws/install/crazyflie_interfaces LD_LIBRARY_PATH=/home/zyf/crazyflies/group-crazyflie-1/test/sim_test/CrazySim/ros2_ws/install/crazyflie_interfaces/lib:${LD_LIBRARY_PATH} PYTHONPATH=/home/zyf/crazyflies/group-crazyflie-1/test/sim_test/CrazySim/ros2_ws/build/crazyflie_py/prefix_override:/home/zyf/crazyflies/group-crazyflie-1/test/sim_test/CrazySim/ros2_ws/install/crazyflie_py/lib/python3.10/site-packages:/home/zyf/crazyflies/group-crazyflie-1/test/sim_test/CrazySim/ros2_ws/install/crazyflie_interfaces/local/lib/python3.10/dist-packages:${PYTHONPATH} /usr/bin/python3 -W ignore:setup.py install is deprecated setup.py egg_info --egg-base ../../../build/crazyflie_py build --build-base /home/zyf/crazyflies/group-crazyflie-1/test/sim_test/CrazySim/ros2_ws/build/crazyflie_py/build install --record /home/zyf/crazyflies/group-crazyflie-1/test/sim_test/CrazySim/ros2_ws/build/crazyflie_py/install.log --single-version-externally-managed install_data
[0.714s] running egg_info
[0.714s] writing ../../../build/crazyflie_py/crazyflie_py.egg-info/PKG-INFO
[0.714s] writing dependency_links to ../../../build/crazyflie_py/crazyflie_py.egg-info/dependency_links.txt
[0.714s] writing entry points to ../../../build/crazyflie_py/crazyflie_py.egg-info/entry_points.txt
[0.714s] writing requirements to ../../../build/crazyflie_py/crazyflie_py.egg-info/requires.txt
[0.714s] writing top-level names to ../../../build/crazyflie_py/crazyflie_py.egg-info/top_level.txt
[0.715s] reading manifest file '../../../build/crazyflie_py/crazyflie_py.egg-info/SOURCES.txt'
[0.716s] writing manifest file '../../../build/crazyflie_py/crazyflie_py.egg-info/SOURCES.txt'
[0.716s] running build
[0.716s] running build_py
[0.716s] running install
[0.717s] running install_lib
[0.718s] running install_data
[0.718s] running install_egg_info
[0.720s] removing '/home/zyf/crazyflies/group-crazyflie-1/test/sim_test/CrazySim/ros2_ws/install/crazyflie_py/lib/python3.10/site-packages/crazyflie_py-2.0.0-py3.10.egg-info' (and everything under it)
[0.721s] Copying ../../../build/crazyflie_py/crazyflie_py.egg-info to /home/zyf/crazyflies/group-crazyflie-1/test/sim_test/CrazySim/ros2_ws/install/crazyflie_py/lib/python3.10/site-packages/crazyflie_py-2.0.0-py3.10.egg-info
[0.721s] running install_scripts
[0.737s] writing list of installed files to '/home/zyf/crazyflies/group-crazyflie-1/test/sim_test/CrazySim/ros2_ws/build/crazyflie_py/install.log'
[0.784s] Invoked command in '/home/zyf/crazyflies/group-crazyflie-1/test/sim_test/CrazySim/ros2_ws/src/crazyswarm2/crazyflie_py' returned '0': AMENT_PREFIX_PATH=/home/zyf/crazyflies/group-crazyflie-1/test/sim_test/CrazySim/ros2_ws/install/crazyflie_interfaces:${AMENT_PREFIX_PATH} CMAKE_PREFIX_PATH=/home/zyf/crazyflies/group-crazyflie-1/test/sim_test/CrazySim/ros2_ws/install/crazyflie_interfaces LD_LIBRARY_PATH=/home/zyf/crazyflies/group-crazyflie-1/test/sim_test/CrazySim/ros2_ws/install/crazyflie_interfaces/lib:${LD_LIBRARY_PATH} PYTHONPATH=/home/zyf/crazyflies/group-crazyflie-1/test/sim_test/CrazySim/ros2_ws/build/crazyflie_py/prefix_override:/home/zyf/crazyflies/group-crazyflie-1/test/sim_test/CrazySim/ros2_ws/install/crazyflie_py/lib/python3.10/site-packages:/home/zyf/crazyflies/group-crazyflie-1/test/sim_test/CrazySim/ros2_ws/install/crazyflie_interfaces/local/lib/python3.10/dist-packages:${PYTHONPATH} /usr/bin/python3 -W ignore:setup.py install is deprecated setup.py egg_info --egg-base ../../../build/crazyflie_py build --build-base /home/zyf/crazyflies/group-crazyflie-1/test/sim_test/CrazySim/ros2_ws/build/crazyflie_py/build install --record /home/zyf/crazyflies/group-crazyflie-1/test/sim_test/CrazySim/ros2_ws/build/crazyflie_py/install.log --single-version-externally-managed install_data
