[0.201s] Invoking command in '/home/zyf/crazyflies/CrazySim/ros2_ws/build/crazyflie': AMENT_PREFIX_PATH=/home/zyf/crazyflies/CrazySim/ros2_ws/install/motion_capture_tracking_interfaces:/home/zyf/crazyflies/CrazySim/ros2_ws/install/crazyflie_interfaces:${AMENT_PREFIX_PATH} CMAKE_PREFIX_PATH=/home/zyf/crazyflies/CrazySim/ros2_ws/install/motion_capture_tracking_interfaces:/home/zyf/crazyflies/CrazySim/ros2_ws/install/crazyflie_interfaces:/opt/ros/humble LD_LIBRARY_PATH=/home/zyf/crazyflies/CrazySim/ros2_ws/install/motion_capture_tracking_interfaces/lib:/home/zyf/crazyflies/CrazySim/ros2_ws/install/crazyflie_interfaces/lib:${LD_LIBRARY_PATH} PYTHONPATH=/home/zyf/crazyflies/CrazySim/ros2_ws/install/motion_capture_tracking_interfaces/local/lib/python3.10/dist-packages:/home/zyf/crazyflies/CrazySim/ros2_ws/install/crazyflie_interfaces/local/lib/python3.10/dist-packages:${PYTHONPATH} /usr/bin/cmake /home/zyf/crazyflies/CrazySim/ros2_ws/src/crazyswarm2/crazyflie -DAMENT_CMAKE_SYMLINK_INSTALL=1 -DCMAKE_INSTALL_PREFIX=/home/zyf/crazyflies/CrazySim/ros2_ws/install/crazyflie
[0.273s] -- The C compiler identification is GNU 11.4.0
[0.331s] -- The CXX compiler identification is GNU 11.4.0
[0.338s] -- Detecting C compiler ABI info
[0.438s] -- Detecting C compiler ABI info - done
[0.445s] -- Check for working C compiler: /usr/bin/cc - skipped
[0.445s] -- Detecting C compile features
[0.445s] -- Detecting C compile features - done
[0.447s] -- Detecting CXX compiler ABI info
[0.542s] -- Detecting CXX compiler ABI info - done
[0.551s] -- Check for working CXX compiler: /usr/bin/c++ - skipped
[0.551s] -- Detecting CXX compile features
[0.552s] -- Detecting CXX compile features - done
[0.555s] -- Found ament_cmake: 1.3.8 (/opt/ros/humble/share/ament_cmake/cmake)
[0.716s] -- Found Python3: /usr/bin/python3 (found version "3.10.12") found components: Interpreter 
[0.781s] -- Override CMake install command with custom implementation using symlinks instead of copying resources
[0.808s] -- Found rclcpp: 16.0.8 (/opt/ros/humble/share/rclcpp/cmake)
[0.849s] -- Found rosidl_generator_c: 3.1.5 (/opt/ros/humble/share/rosidl_generator_c/cmake)
[0.853s] -- Found rosidl_adapter: 3.1.5 (/opt/ros/humble/share/rosidl_adapter/cmake)
[0.862s] -- Found rosidl_generator_cpp: 3.1.5 (/opt/ros/humble/share/rosidl_generator_cpp/cmake)
[0.873s] -- Using all available rosidl_typesupport_c: rosidl_typesupport_fastrtps_c;rosidl_typesupport_introspection_c
[0.889s] -- Using all available rosidl_typesupport_cpp: rosidl_typesupport_fastrtps_cpp;rosidl_typesupport_introspection_cpp
[0.949s] -- Found rmw_implementation_cmake: 6.1.1 (/opt/ros/humble/share/rmw_implementation_cmake/cmake)
[0.952s] -- Found rmw_fastrtps_cpp: 6.2.6 (/opt/ros/humble/share/rmw_fastrtps_cpp/cmake)
[1.055s] -- Found OpenSSL: /usr/lib/x86_64-linux-gnu/libcrypto.so (found version "3.0.2")  
[1.088s] -- Found FastRTPS: /opt/ros/humble/include  
[1.144s] -- Using RMW implementation 'rmw_fastrtps_cpp' as default
[1.155s] -- Looking for pthread.h
[1.228s] -- Looking for pthread.h - found
[1.228s] -- Performing Test CMAKE_HAVE_LIBC_PTHREAD
[1.329s] -- Performing Test CMAKE_HAVE_LIBC_PTHREAD - Success
[1.331s] -- Found Threads: TRUE  
[1.526s] -- Found tf2_ros: 0.25.6 (/opt/ros/humble/share/tf2_ros/cmake)
[1.875s] -- Found rclpy: 3.3.12 (/opt/ros/humble/share/rclpy/cmake)
[1.877s] -- Found std_srvs: 4.2.3 (/opt/ros/humble/share/std_srvs/cmake)
[1.898s] -- Found sensor_msgs: 4.2.3 (/opt/ros/humble/share/sensor_msgs/cmake)
[1.982s] -- Found crazyflie_interfaces: 2.0.0 (/home/zyf/crazyflies/CrazySim/ros2_ws/install/crazyflie_interfaces/share/crazyflie_interfaces/cmake)
[2.062s] -- Found motion_capture_tracking_interfaces: 1.0.5 (/home/zyf/crazyflies/CrazySim/ros2_ws/install/motion_capture_tracking_interfaces/share/motion_capture_tracking_interfaces/cmake)
[2.162s] -- Found Boost: /usr/lib/x86_64-linux-gnu/cmake/Boost-1.74.0/BoostConfig.cmake (found version "1.74.0") found components: program_options 
[2.167s] -- Found libusb: /usr/lib/x86_64-linux-gnu/libusb-1.0.so  
[2.225s] -- Configuring done
[2.258s] -- Generating done
[2.260s] -- Build files have been written to: /home/zyf/crazyflies/CrazySim/ros2_ws/build/crazyflie
[2.274s] Invoked command in '/home/zyf/crazyflies/CrazySim/ros2_ws/build/crazyflie' returned '0': AMENT_PREFIX_PATH=/home/zyf/crazyflies/CrazySim/ros2_ws/install/motion_capture_tracking_interfaces:/home/zyf/crazyflies/CrazySim/ros2_ws/install/crazyflie_interfaces:${AMENT_PREFIX_PATH} CMAKE_PREFIX_PATH=/home/zyf/crazyflies/CrazySim/ros2_ws/install/motion_capture_tracking_interfaces:/home/zyf/crazyflies/CrazySim/ros2_ws/install/crazyflie_interfaces:/opt/ros/humble LD_LIBRARY_PATH=/home/zyf/crazyflies/CrazySim/ros2_ws/install/motion_capture_tracking_interfaces/lib:/home/zyf/crazyflies/CrazySim/ros2_ws/install/crazyflie_interfaces/lib:${LD_LIBRARY_PATH} PYTHONPATH=/home/zyf/crazyflies/CrazySim/ros2_ws/install/motion_capture_tracking_interfaces/local/lib/python3.10/dist-packages:/home/zyf/crazyflies/CrazySim/ros2_ws/install/crazyflie_interfaces/local/lib/python3.10/dist-packages:${PYTHONPATH} /usr/bin/cmake /home/zyf/crazyflies/CrazySim/ros2_ws/src/crazyswarm2/crazyflie -DAMENT_CMAKE_SYMLINK_INSTALL=1 -DCMAKE_INSTALL_PREFIX=/home/zyf/crazyflies/CrazySim/ros2_ws/install/crazyflie
[2.275s] Invoking command in '/home/zyf/crazyflies/CrazySim/ros2_ws/build/crazyflie': AMENT_PREFIX_PATH=/home/zyf/crazyflies/CrazySim/ros2_ws/install/motion_capture_tracking_interfaces:/home/zyf/crazyflies/CrazySim/ros2_ws/install/crazyflie_interfaces:${AMENT_PREFIX_PATH} CMAKE_PREFIX_PATH=/home/zyf/crazyflies/CrazySim/ros2_ws/install/motion_capture_tracking_interfaces:/home/zyf/crazyflies/CrazySim/ros2_ws/install/crazyflie_interfaces:/opt/ros/humble LD_LIBRARY_PATH=/home/zyf/crazyflies/CrazySim/ros2_ws/install/motion_capture_tracking_interfaces/lib:/home/zyf/crazyflies/CrazySim/ros2_ws/install/crazyflie_interfaces/lib:${LD_LIBRARY_PATH} PYTHONPATH=/home/zyf/crazyflies/CrazySim/ros2_ws/install/motion_capture_tracking_interfaces/local/lib/python3.10/dist-packages:/home/zyf/crazyflies/CrazySim/ros2_ws/install/crazyflie_interfaces/local/lib/python3.10/dist-packages:${PYTHONPATH} /usr/bin/cmake --build /home/zyf/crazyflies/CrazySim/ros2_ws/build/crazyflie -- -j16 -l16
[2.322s] [  5%] [32mBuilding CXX object deps/crazyflie_tools/crazyflie_cpp/crazyflie-link-cpp/CMakeFiles/crazyflieLinkCpp.dir/src/Connection.cpp.o[0m
[2.322s] [  5%] [32mBuilding CXX object CMakeFiles/teleop.dir/src/teleop.cpp.o[0m
[2.324s] [  8%] [32mBuilding CXX object deps/crazyflie_tools/crazyflie_cpp/crazyflie-link-cpp/CMakeFiles/crazyflieLinkCpp.dir/src/Crazyradio.cpp.o[0m
[2.324s] [ 11%] [32mBuilding CXX object deps/crazyflie_tools/crazyflie_cpp/crazyflie-link-cpp/CMakeFiles/crazyflieLinkCpp.dir/src/CrazyflieUSBThread.cpp.o[0m
[2.324s] [ 13%] [32mBuilding CXX object deps/crazyflie_tools/crazyflie_cpp/crazyflie-link-cpp/CMakeFiles/crazyflieLinkCpp.dir/src/Version.cpp.o[0m
[2.326s] [ 16%] [32mBuilding CXX object deps/crazyflie_tools/crazyflie_cpp/crazyflie-link-cpp/CMakeFiles/crazyflieLinkCpp.dir/src/USBDevice.cpp.o[0m
[2.326s] [ 19%] [32mBuilding CXX object deps/crazyflie_tools/crazyflie_cpp/crazyflie-link-cpp/CMakeFiles/crazyflieLinkCpp.dir/src/CrazyradioThread.cpp.o[0m
[2.327s] [ 22%] [32mBuilding CXX object deps/crazyflie_tools/crazyflie_cpp/crazyflie-link-cpp/CMakeFiles/crazyflieLinkCpp.dir/src/USBManager.cpp.o[0m
[2.327s] [ 25%] [32mBuilding CXX object deps/crazyflie_tools/crazyflie_cpp/crazyflie-link-cpp/CMakeFiles/crazyflieLinkCpp.dir/src/CrazyflieUSB.cpp.o[0m
[4.468s] [ 27%] [32m[1mLinking CXX static library libcrazyflieLinkCpp.a[0m
[4.540s] [ 27%] Built target crazyflieLinkCpp
[4.559s] [ 33%] [32mBuilding CXX object deps/crazyflie_tools/crazyflie_cpp/CMakeFiles/crazyflie_cpp.dir/src/crtp.cpp.o[0m
[4.560s] [ 33%] [32mBuilding CXX object deps/crazyflie_tools/crazyflie_cpp/CMakeFiles/crazyflie_cpp.dir/src/Crazyflie.cpp.o[0m
[6.361s] [ 36%] [32m[1mLinking CXX static library libcrazyflie_cpp.a[0m
[6.416s] [ 36%] Built target crazyflie_cpp
[6.438s] [ 41%] [32mBuilding CXX object deps/crazyflie_tools/CMakeFiles/listLogVariables.dir/src/listLogVariables.cpp.o[0m
[6.438s] [ 44%] [32mBuilding CXX object deps/crazyflie_tools/CMakeFiles/reboot.dir/src/reboot.cpp.o[0m
[6.438s] [ 47%] [32mBuilding CXX object deps/crazyflie_tools/CMakeFiles/scan.dir/src/scan.cpp.o[0m
[6.438s] [ 47%] [32mBuilding CXX object deps/crazyflie_tools/CMakeFiles/battery.dir/src/battery.cpp.o[0m
[6.438s] [ 50%] [32mBuilding CXX object deps/crazyflie_tools/CMakeFiles/console.dir/src/console.cpp.o[0m
[6.439s] [ 52%] [32mBuilding CXX object deps/crazyflie_tools/CMakeFiles/listMemories.dir/src/listMemories.cpp.o[0m
[6.441s] [ 55%] [32mBuilding CXX object deps/crazyflie_tools/CMakeFiles/log.dir/src/log.cpp.o[0m
[6.443s] [ 58%] [32mBuilding CXX object deps/crazyflie_tools/CMakeFiles/version.dir/src/version.cpp.o[0m
[6.444s] [ 61%] [32mBuilding CXX object CMakeFiles/crazyflie_server.dir/src/crazyflie_server.cpp.o[0m
[6.445s] [ 63%] [32mBuilding CXX object deps/crazyflie_tools/CMakeFiles/listParams.dir/src/listParams.cpp.o[0m
[6.451s] [ 66%] [32mBuilding CXX object deps/crazyflie_tools/CMakeFiles/setParam.dir/src/setParam.cpp.o[0m
[8.645s] [ 69%] [32m[1mLinking CXX executable console[0m
[8.686s] [ 72%] [32m[1mLinking CXX executable scan[0m
[8.763s] [ 75%] [32m[1mLinking CXX executable version[0m
[8.832s] [ 77%] [32m[1mLinking CXX executable listParams[0m
[8.877s] [ 80%] [32m[1mLinking CXX executable listLogVariables[0m
[9.066s] [ 80%] Built target console
[9.082s] [ 83%] [32m[1mLinking CXX executable log[0m
[9.105s] [ 86%] [32m[1mLinking CXX executable battery[0m
[9.165s] [ 88%] [32m[1mLinking CXX executable setParam[0m
[9.190s] [ 88%] Built target scan
[9.193s] [ 88%] Built target listParams
[9.224s] [ 88%] Built target listLogVariables
[9.304s] [ 91%] [32m[1mLinking CXX executable reboot[0m
[9.313s] [ 91%] Built target version
[9.384s] [ 91%] Built target log
[9.439s] [ 91%] Built target battery
[9.440s] [ 91%] Built target setParam
[9.510s] [ 94%] [32m[1mLinking CXX executable listMemories[0m
[9.547s] [ 94%] Built target reboot
[9.679s] [ 94%] Built target listMemories
[15.422s] [ 97%] [32m[1mLinking CXX executable teleop[0m
[15.946s] [ 97%] Built target teleop
[27.443s] [100%] [32m[1mLinking CXX executable crazyflie_server[0m
[28.694s] [100%] Built target crazyflie_server
[28.705s] Invoked command in '/home/zyf/crazyflies/CrazySim/ros2_ws/build/crazyflie' returned '0': AMENT_PREFIX_PATH=/home/zyf/crazyflies/CrazySim/ros2_ws/install/motion_capture_tracking_interfaces:/home/zyf/crazyflies/CrazySim/ros2_ws/install/crazyflie_interfaces:${AMENT_PREFIX_PATH} CMAKE_PREFIX_PATH=/home/zyf/crazyflies/CrazySim/ros2_ws/install/motion_capture_tracking_interfaces:/home/zyf/crazyflies/CrazySim/ros2_ws/install/crazyflie_interfaces:/opt/ros/humble LD_LIBRARY_PATH=/home/zyf/crazyflies/CrazySim/ros2_ws/install/motion_capture_tracking_interfaces/lib:/home/zyf/crazyflies/CrazySim/ros2_ws/install/crazyflie_interfaces/lib:${LD_LIBRARY_PATH} PYTHONPATH=/home/zyf/crazyflies/CrazySim/ros2_ws/install/motion_capture_tracking_interfaces/local/lib/python3.10/dist-packages:/home/zyf/crazyflies/CrazySim/ros2_ws/install/crazyflie_interfaces/local/lib/python3.10/dist-packages:${PYTHONPATH} /usr/bin/cmake --build /home/zyf/crazyflies/CrazySim/ros2_ws/build/crazyflie -- -j16 -l16
[28.737s] Invoking command in '/home/zyf/crazyflies/CrazySim/ros2_ws/build/crazyflie': AMENT_PREFIX_PATH=/home/zyf/crazyflies/CrazySim/ros2_ws/install/motion_capture_tracking_interfaces:/home/zyf/crazyflies/CrazySim/ros2_ws/install/crazyflie_interfaces:${AMENT_PREFIX_PATH} CMAKE_PREFIX_PATH=/home/zyf/crazyflies/CrazySim/ros2_ws/install/motion_capture_tracking_interfaces:/home/zyf/crazyflies/CrazySim/ros2_ws/install/crazyflie_interfaces:/opt/ros/humble LD_LIBRARY_PATH=/home/zyf/crazyflies/CrazySim/ros2_ws/install/motion_capture_tracking_interfaces/lib:/home/zyf/crazyflies/CrazySim/ros2_ws/install/crazyflie_interfaces/lib:${LD_LIBRARY_PATH} PYTHONPATH=/home/zyf/crazyflies/CrazySim/ros2_ws/install/motion_capture_tracking_interfaces/local/lib/python3.10/dist-packages:/home/zyf/crazyflies/CrazySim/ros2_ws/install/crazyflie_interfaces/local/lib/python3.10/dist-packages:${PYTHONPATH} /usr/bin/cmake --install /home/zyf/crazyflies/CrazySim/ros2_ws/build/crazyflie
[28.743s] -- Install configuration: ""
[28.743s] -- Execute custom install script
[28.743s] -- Symlinking: /home/zyf/crazyflies/CrazySim/ros2_ws/install/crazyflie/lib/crazyflie/scan
[28.751s] -- Symlinking: /home/zyf/crazyflies/CrazySim/ros2_ws/install/crazyflie/lib/crazyflie/listParams
[28.759s] -- Symlinking: /home/zyf/crazyflies/CrazySim/ros2_ws/install/crazyflie/lib/crazyflie/listLogVariables
[28.767s] -- Symlinking: /home/zyf/crazyflies/CrazySim/ros2_ws/install/crazyflie/lib/crazyflie/listMemories
[28.774s] -- Symlinking: /home/zyf/crazyflies/CrazySim/ros2_ws/install/crazyflie/lib/crazyflie/reboot
[28.781s] -- Symlinking: /home/zyf/crazyflies/CrazySim/ros2_ws/install/crazyflie/lib/crazyflie/battery
[28.788s] -- Symlinking: /home/zyf/crazyflies/CrazySim/ros2_ws/install/crazyflie/lib/crazyflie/version
[28.796s] -- Symlinking: /home/zyf/crazyflies/CrazySim/ros2_ws/install/crazyflie/lib/crazyflie/console
[28.804s] -- Symlinking: /home/zyf/crazyflies/CrazySim/ros2_ws/install/crazyflie/lib/crazyflie/log
[28.811s] -- Symlinking: /home/zyf/crazyflies/CrazySim/ros2_ws/install/crazyflie/lib/crazyflie/setParam
[28.821s] -- Symlinking: /home/zyf/crazyflies/CrazySim/ros2_ws/install/crazyflie/lib/crazyflie/teleop
[28.829s] -- Symlinking: /home/zyf/crazyflies/CrazySim/ros2_ws/install/crazyflie/lib/crazyflie/crazyflie_server
[28.836s] -- Symlinking: /home/zyf/crazyflies/CrazySim/ros2_ws/install/crazyflie/lib/crazyflie/crazyflie_server.py
[28.845s] -- Symlinking: /home/zyf/crazyflies/CrazySim/ros2_ws/install/crazyflie/lib/crazyflie/chooser.py
[28.852s] -- Symlinking: /home/zyf/crazyflies/CrazySim/ros2_ws/install/crazyflie/lib/crazyflie/vel_mux.py
[28.859s] -- Symlinking: /home/zyf/crazyflies/CrazySim/ros2_ws/install/crazyflie/lib/crazyflie/cfmult.py
[28.866s] -- Symlinking: /home/zyf/crazyflies/CrazySim/ros2_ws/install/crazyflie/share/crazyflie//launch/launch.py
[28.874s] -- Symlinking: /home/zyf/crazyflies/CrazySim/ros2_ws/install/crazyflie/share/crazyflie//launch/launch_teleop2.py
[28.881s] -- Symlinking: /home/zyf/crazyflies/CrazySim/ros2_ws/install/crazyflie/share/crazyflie//launch/teleop_launch.py
[28.888s] -- Symlinking: /home/zyf/crazyflies/CrazySim/ros2_ws/install/crazyflie/share/crazyflie//config/config.rviz
[28.895s] -- Symlinking: /home/zyf/crazyflies/CrazySim/ros2_ws/install/crazyflie/share/crazyflie//config/crazyflies.yaml
[28.903s] -- Symlinking: /home/zyf/crazyflies/CrazySim/ros2_ws/install/crazyflie/share/crazyflie//config/motion_capture.yaml
[28.911s] -- Symlinking: /home/zyf/crazyflies/CrazySim/ros2_ws/install/crazyflie/share/crazyflie//config/server.yaml
[28.917s] -- Symlinking: /home/zyf/crazyflies/CrazySim/ros2_ws/install/crazyflie/share/crazyflie//config/teleop.yaml
[28.924s] -- Symlinking: /home/zyf/crazyflies/CrazySim/ros2_ws/install/crazyflie/share/ament_index/resource_index/package_run_dependencies/crazyflie
[28.931s] -- Symlinking: /home/zyf/crazyflies/CrazySim/ros2_ws/install/crazyflie/share/ament_index/resource_index/parent_prefix_path/crazyflie
[28.939s] -- Symlinking: /home/zyf/crazyflies/CrazySim/ros2_ws/install/crazyflie/share/crazyflie/environment/ament_prefix_path.sh
[28.946s] -- Symlinking: /home/zyf/crazyflies/CrazySim/ros2_ws/install/crazyflie/share/crazyflie/environment/ament_prefix_path.dsv
[28.953s] -- Symlinking: /home/zyf/crazyflies/CrazySim/ros2_ws/install/crazyflie/share/crazyflie/environment/path.sh
[28.961s] -- Symlinking: /home/zyf/crazyflies/CrazySim/ros2_ws/install/crazyflie/share/crazyflie/environment/path.dsv
[28.968s] -- Symlinking: /home/zyf/crazyflies/CrazySim/ros2_ws/install/crazyflie/share/crazyflie/local_setup.bash
[28.976s] -- Symlinking: /home/zyf/crazyflies/CrazySim/ros2_ws/install/crazyflie/share/crazyflie/local_setup.sh
[28.983s] -- Symlinking: /home/zyf/crazyflies/CrazySim/ros2_ws/install/crazyflie/share/crazyflie/local_setup.zsh
[28.990s] -- Symlinking: /home/zyf/crazyflies/CrazySim/ros2_ws/install/crazyflie/share/crazyflie/local_setup.dsv
[28.997s] -- Symlinking: /home/zyf/crazyflies/CrazySim/ros2_ws/install/crazyflie/share/crazyflie/package.dsv
[29.004s] -- Symlinking: /home/zyf/crazyflies/CrazySim/ros2_ws/install/crazyflie/share/ament_index/resource_index/packages/crazyflie
[29.012s] -- Symlinking: /home/zyf/crazyflies/CrazySim/ros2_ws/install/crazyflie/share/crazyflie/cmake/crazyflieConfig.cmake
[29.019s] -- Symlinking: /home/zyf/crazyflies/CrazySim/ros2_ws/install/crazyflie/share/crazyflie/cmake/crazyflieConfig-version.cmake
[29.027s] -- Symlinking: /home/zyf/crazyflies/CrazySim/ros2_ws/install/crazyflie/share/crazyflie/package.xml
[29.036s] Invoked command in '/home/zyf/crazyflies/CrazySim/ros2_ws/build/crazyflie' returned '0': AMENT_PREFIX_PATH=/home/zyf/crazyflies/CrazySim/ros2_ws/install/motion_capture_tracking_interfaces:/home/zyf/crazyflies/CrazySim/ros2_ws/install/crazyflie_interfaces:${AMENT_PREFIX_PATH} CMAKE_PREFIX_PATH=/home/zyf/crazyflies/CrazySim/ros2_ws/install/motion_capture_tracking_interfaces:/home/zyf/crazyflies/CrazySim/ros2_ws/install/crazyflie_interfaces:/opt/ros/humble LD_LIBRARY_PATH=/home/zyf/crazyflies/CrazySim/ros2_ws/install/motion_capture_tracking_interfaces/lib:/home/zyf/crazyflies/CrazySim/ros2_ws/install/crazyflie_interfaces/lib:${LD_LIBRARY_PATH} PYTHONPATH=/home/zyf/crazyflies/CrazySim/ros2_ws/install/motion_capture_tracking_interfaces/local/lib/python3.10/dist-packages:/home/zyf/crazyflies/CrazySim/ros2_ws/install/crazyflie_interfaces/local/lib/python3.10/dist-packages:${PYTHONPATH} /usr/bin/cmake --install /home/zyf/crazyflies/CrazySim/ros2_ws/build/crazyflie
