[0.194s] Invoking command in '/home/zyf/crazyflies/CrazySim/ros2_ws/build/crazyflie_sim': AMENT_PREFIX_PATH=/home/zyf/crazyflies/CrazySim/ros2_ws/install/crazyflie_interfaces:${AMENT_PREFIX_PATH} CMAKE_PREFIX_PATH=/home/zyf/crazyflies/CrazySim/ros2_ws/install/crazyflie_interfaces:/opt/ros/humble LD_LIBRARY_PATH=/home/zyf/crazyflies/CrazySim/ros2_ws/install/crazyflie_interfaces/lib:${LD_LIBRARY_PATH} PYTHONPATH=/home/zyf/crazyflies/CrazySim/ros2_ws/install/crazyflie_interfaces/local/lib/python3.10/dist-packages:${PYTHONPATH} /usr/bin/cmake /home/zyf/crazyflies/CrazySim/ros2_ws/src/crazyswarm2/crazyflie_sim -DAMENT_CMAKE_SYMLINK_INSTALL=1 -DCMAKE_INSTALL_PREFIX=/home/zyf/crazyflies/CrazySim/ros2_ws/install/crazyflie_sim
[0.274s] -- The C compiler identification is GNU 11.4.0
[0.345s] -- The CXX compiler identification is GNU 11.4.0
[0.352s] -- Detecting C compiler ABI info
[0.446s] -- Detecting C compiler ABI info - done
[0.452s] -- Check for working C compiler: /usr/bin/cc - skipped
[0.452s] -- Detecting C compile features
[0.453s] -- Detecting C compile features - done
[0.456s] -- Detecting CXX compiler ABI info
[0.538s] -- Detecting CXX compiler ABI info - done
[0.546s] -- Check for working CXX compiler: /usr/bin/c++ - skipped
[0.546s] -- Detecting CXX compile features
[0.547s] -- Detecting CXX compile features - done
[0.550s] -- Found ament_cmake: 1.3.8 (/opt/ros/humble/share/ament_cmake/cmake)
[0.713s] -- Found Python3: /usr/bin/python3 (found version "3.10.12") found components: Interpreter 
[0.778s] -- Override CMake install command with custom implementation using symlinks instead of copying resources
[0.992s] -- Configuring done
[0.997s] -- Generating done
[0.998s] -- Build files have been written to: /home/zyf/crazyflies/CrazySim/ros2_ws/build/crazyflie_sim
[1.195s] Invoked command in '/home/zyf/crazyflies/CrazySim/ros2_ws/build/crazyflie_sim' returned '0': AMENT_PREFIX_PATH=/home/zyf/crazyflies/CrazySim/ros2_ws/install/crazyflie_interfaces:${AMENT_PREFIX_PATH} CMAKE_PREFIX_PATH=/home/zyf/crazyflies/CrazySim/ros2_ws/install/crazyflie_interfaces:/opt/ros/humble LD_LIBRARY_PATH=/home/zyf/crazyflies/CrazySim/ros2_ws/install/crazyflie_interfaces/lib:${LD_LIBRARY_PATH} PYTHONPATH=/home/zyf/crazyflies/CrazySim/ros2_ws/install/crazyflie_interfaces/local/lib/python3.10/dist-packages:${PYTHONPATH} /usr/bin/cmake /home/zyf/crazyflies/CrazySim/ros2_ws/src/crazyswarm2/crazyflie_sim -DAMENT_CMAKE_SYMLINK_INSTALL=1 -DCMAKE_INSTALL_PREFIX=/home/zyf/crazyflies/CrazySim/ros2_ws/install/crazyflie_sim
[1.196s] Invoking command in '/home/zyf/crazyflies/CrazySim/ros2_ws/build/crazyflie_sim': AMENT_PREFIX_PATH=/home/zyf/crazyflies/CrazySim/ros2_ws/install/crazyflie_interfaces:${AMENT_PREFIX_PATH} CMAKE_PREFIX_PATH=/home/zyf/crazyflies/CrazySim/ros2_ws/install/crazyflie_interfaces:/opt/ros/humble LD_LIBRARY_PATH=/home/zyf/crazyflies/CrazySim/ros2_ws/install/crazyflie_interfaces/lib:${LD_LIBRARY_PATH} PYTHONPATH=/home/zyf/crazyflies/CrazySim/ros2_ws/install/crazyflie_interfaces/local/lib/python3.10/dist-packages:${PYTHONPATH} /usr/bin/cmake --build /home/zyf/crazyflies/CrazySim/ros2_ws/build/crazyflie_sim -- -j16 -l16
[1.260s] Built target ament_cmake_python_symlink_crazyflie_sim_setup
[1.260s] Built target ament_cmake_python_symlink_crazyflie_sim
[1.474s] running install_scripts
[1.476s] /usr/lib/python3/dist-packages/setuptools/command/install.py:34: SetuptoolsDeprecationWarning: setup.py install is deprecated. Use build and pip and other standards-based tools.
[1.476s]   warnings.warn(
[1.496s] running egg_info
[1.497s] creating crazyflie_sim.egg-info
[1.497s] writing crazyflie_sim.egg-info/PKG-INFO
[1.497s] writing dependency_links to crazyflie_sim.egg-info/dependency_links.txt
[1.497s] writing entry points to crazyflie_sim.egg-info/entry_points.txt
[1.497s] writing top-level names to crazyflie_sim.egg-info/top_level.txt
[1.497s] writing manifest file 'crazyflie_sim.egg-info/SOURCES.txt'
[1.499s] reading manifest file 'crazyflie_sim.egg-info/SOURCES.txt'
[1.499s] writing manifest file 'crazyflie_sim.egg-info/SOURCES.txt'
[1.501s] Installing crazyflie_server script to scripts
[1.534s] running egg_info
[1.535s] writing crazyflie_sim.egg-info/PKG-INFO
[1.536s] writing dependency_links to crazyflie_sim.egg-info/dependency_links.txt
[1.537s] writing entry points to crazyflie_sim.egg-info/entry_points.txt
[1.537s] writing top-level names to crazyflie_sim.egg-info/top_level.txt
[1.541s] reading manifest file 'crazyflie_sim.egg-info/SOURCES.txt'
[1.542s] writing manifest file 'crazyflie_sim.egg-info/SOURCES.txt'
[1.548s] Built target ament_cmake_python_build_crazyflie_sim_scripts
[1.587s] Built target ament_cmake_python_build_crazyflie_sim_egg
[1.605s] Invoked command in '/home/zyf/crazyflies/CrazySim/ros2_ws/build/crazyflie_sim' returned '0': AMENT_PREFIX_PATH=/home/zyf/crazyflies/CrazySim/ros2_ws/install/crazyflie_interfaces:${AMENT_PREFIX_PATH} CMAKE_PREFIX_PATH=/home/zyf/crazyflies/CrazySim/ros2_ws/install/crazyflie_interfaces:/opt/ros/humble LD_LIBRARY_PATH=/home/zyf/crazyflies/CrazySim/ros2_ws/install/crazyflie_interfaces/lib:${LD_LIBRARY_PATH} PYTHONPATH=/home/zyf/crazyflies/CrazySim/ros2_ws/install/crazyflie_interfaces/local/lib/python3.10/dist-packages:${PYTHONPATH} /usr/bin/cmake --build /home/zyf/crazyflies/CrazySim/ros2_ws/build/crazyflie_sim -- -j16 -l16
[1.646s] Invoking command in '/home/zyf/crazyflies/CrazySim/ros2_ws/build/crazyflie_sim': AMENT_PREFIX_PATH=/home/zyf/crazyflies/CrazySim/ros2_ws/install/crazyflie_interfaces:${AMENT_PREFIX_PATH} CMAKE_PREFIX_PATH=/home/zyf/crazyflies/CrazySim/ros2_ws/install/crazyflie_interfaces:/opt/ros/humble LD_LIBRARY_PATH=/home/zyf/crazyflies/CrazySim/ros2_ws/install/crazyflie_interfaces/lib:${LD_LIBRARY_PATH} PYTHONPATH=/home/zyf/crazyflies/CrazySim/ros2_ws/install/crazyflie_interfaces/local/lib/python3.10/dist-packages:${PYTHONPATH} /usr/bin/cmake --install /home/zyf/crazyflies/CrazySim/ros2_ws/build/crazyflie_sim
[1.657s] -- Install configuration: ""
[1.658s] -- Execute custom install script
[1.658s] -- Symlinking: /home/zyf/crazyflies/CrazySim/ros2_ws/install/crazyflie_sim/share/crazyflie_sim/environment/pythonpath.sh
[1.670s] -- Symlinking: /home/zyf/crazyflies/CrazySim/ros2_ws/install/crazyflie_sim/share/crazyflie_sim/environment/pythonpath.dsv
[1.680s] -- Symlinking: /home/zyf/crazyflies/CrazySim/ros2_ws/install/crazyflie_sim/local/lib/python3.10/dist-packages/crazyflie_sim-2.0.0-py3.10.egg-info/PKG-INFO
[1.694s] -- Symlinking: /home/zyf/crazyflies/CrazySim/ros2_ws/install/crazyflie_sim/local/lib/python3.10/dist-packages/crazyflie_sim-2.0.0-py3.10.egg-info/SOURCES.txt
[1.707s] -- Symlinking: /home/zyf/crazyflies/CrazySim/ros2_ws/install/crazyflie_sim/local/lib/python3.10/dist-packages/crazyflie_sim-2.0.0-py3.10.egg-info/dependency_links.txt
[1.719s] -- Symlinking: /home/zyf/crazyflies/CrazySim/ros2_ws/install/crazyflie_sim/local/lib/python3.10/dist-packages/crazyflie_sim-2.0.0-py3.10.egg-info/entry_points.txt
[1.729s] -- Symlinking: /home/zyf/crazyflies/CrazySim/ros2_ws/install/crazyflie_sim/local/lib/python3.10/dist-packages/crazyflie_sim-2.0.0-py3.10.egg-info/top_level.txt
[1.740s] -- Symlinking: /home/zyf/crazyflies/CrazySim/ros2_ws/install/crazyflie_sim/lib/crazyflie_sim//crazyflie_server
[1.752s] -- Symlinking: /home/zyf/crazyflies/CrazySim/ros2_ws/install/crazyflie_sim/local/lib/python3.10/dist-packages/crazyflie_sim/__init__.py
[1.763s] -- Symlinking: /home/zyf/crazyflies/CrazySim/ros2_ws/install/crazyflie_sim/local/lib/python3.10/dist-packages/crazyflie_sim/backend/none.py
[1.774s] -- Symlinking: /home/zyf/crazyflies/CrazySim/ros2_ws/install/crazyflie_sim/local/lib/python3.10/dist-packages/crazyflie_sim/backend/np.py
[1.784s] -- Symlinking: /home/zyf/crazyflies/CrazySim/ros2_ws/install/crazyflie_sim/local/lib/python3.10/dist-packages/crazyflie_sim/crazyflie_server.py
[1.802s] -- Symlinking: /home/zyf/crazyflies/CrazySim/ros2_ws/install/crazyflie_sim/local/lib/python3.10/dist-packages/crazyflie_sim/crazyflie_sil.py
[1.812s] -- Symlinking: /home/zyf/crazyflies/CrazySim/ros2_ws/install/crazyflie_sim/local/lib/python3.10/dist-packages/crazyflie_sim/sim_data_types.py
[1.823s] -- Symlinking: /home/zyf/crazyflies/CrazySim/ros2_ws/install/crazyflie_sim/local/lib/python3.10/dist-packages/crazyflie_sim/visualization/README.md
[1.833s] -- Symlinking: /home/zyf/crazyflies/CrazySim/ros2_ws/install/crazyflie_sim/local/lib/python3.10/dist-packages/crazyflie_sim/visualization/blender.py
[1.846s] -- Symlinking: /home/zyf/crazyflies/CrazySim/ros2_ws/install/crazyflie_sim/local/lib/python3.10/dist-packages/crazyflie_sim/visualization/data/README.md
[1.856s] -- Symlinking: /home/zyf/crazyflies/CrazySim/ros2_ws/install/crazyflie_sim/local/lib/python3.10/dist-packages/crazyflie_sim/visualization/data/env/abandoned_greenhouse.jpg
[1.866s] -- Symlinking: /home/zyf/crazyflies/CrazySim/ros2_ws/install/crazyflie_sim/local/lib/python3.10/dist-packages/crazyflie_sim/visualization/data/env/aerodynamics_workshop.jpg
[1.876s] -- Symlinking: /home/zyf/crazyflies/CrazySim/ros2_ws/install/crazyflie_sim/local/lib/python3.10/dist-packages/crazyflie_sim/visualization/data/env/aviation_museum.jpg
[1.885s] -- Symlinking: /home/zyf/crazyflies/CrazySim/ros2_ws/install/crazyflie_sim/local/lib/python3.10/dist-packages/crazyflie_sim/visualization/data/env/crosswalk.jpg
[1.894s] -- Symlinking: /home/zyf/crazyflies/CrazySim/ros2_ws/install/crazyflie_sim/local/lib/python3.10/dist-packages/crazyflie_sim/visualization/data/env/derelict_overpass.jpg
[1.903s] -- Symlinking: /home/zyf/crazyflies/CrazySim/ros2_ws/install/crazyflie_sim/local/lib/python3.10/dist-packages/crazyflie_sim/visualization/data/env/env.jpg
[1.912s] -- Symlinking: /home/zyf/crazyflies/CrazySim/ros2_ws/install/crazyflie_sim/local/lib/python3.10/dist-packages/crazyflie_sim/visualization/data/env/lago_disola.jpg
[1.922s] -- Symlinking: /home/zyf/crazyflies/CrazySim/ros2_ws/install/crazyflie_sim/local/lib/python3.10/dist-packages/crazyflie_sim/visualization/data/env/lake_pier.jpg
[1.931s] -- Symlinking: /home/zyf/crazyflies/CrazySim/ros2_ws/install/crazyflie_sim/local/lib/python3.10/dist-packages/crazyflie_sim/visualization/data/env/machine_shop.jpg
[1.940s] -- Symlinking: /home/zyf/crazyflies/CrazySim/ros2_ws/install/crazyflie_sim/local/lib/python3.10/dist-packages/crazyflie_sim/visualization/data/env/museumplein.jpg
[1.949s] -- Symlinking: /home/zyf/crazyflies/CrazySim/ros2_ws/install/crazyflie_sim/local/lib/python3.10/dist-packages/crazyflie_sim/visualization/data/env/peppermint_powerplant.jpg
[1.958s] -- Symlinking: /home/zyf/crazyflies/CrazySim/ros2_ws/install/crazyflie_sim/local/lib/python3.10/dist-packages/crazyflie_sim/visualization/data/env/studio_garden.jpg
[1.967s] -- Symlinking: /home/zyf/crazyflies/CrazySim/ros2_ws/install/crazyflie_sim/local/lib/python3.10/dist-packages/crazyflie_sim/visualization/data/model/cf.mtl
[1.977s] -- Symlinking: /home/zyf/crazyflies/CrazySim/ros2_ws/install/crazyflie_sim/local/lib/python3.10/dist-packages/crazyflie_sim/visualization/data/model/cf.obj
[1.985s] -- Symlinking: /home/zyf/crazyflies/CrazySim/ros2_ws/install/crazyflie_sim/local/lib/python3.10/dist-packages/crazyflie_sim/visualization/pdf.py
[1.995s] -- Symlinking: /home/zyf/crazyflies/CrazySim/ros2_ws/install/crazyflie_sim/local/lib/python3.10/dist-packages/crazyflie_sim/visualization/record_states.py
[2.004s] -- Symlinking: /home/zyf/crazyflies/CrazySim/ros2_ws/install/crazyflie_sim/local/lib/python3.10/dist-packages/crazyflie_sim/visualization/rviz.py
[2.014s] -- Symlinking: /home/zyf/crazyflies/CrazySim/ros2_ws/install/crazyflie_sim/share/ament_index/resource_index/package_run_dependencies/crazyflie_sim
[2.024s] -- Symlinking: /home/zyf/crazyflies/CrazySim/ros2_ws/install/crazyflie_sim/share/ament_index/resource_index/parent_prefix_path/crazyflie_sim
[2.032s] -- Symlinking: /home/zyf/crazyflies/CrazySim/ros2_ws/install/crazyflie_sim/share/crazyflie_sim/environment/ament_prefix_path.sh
[2.041s] -- Symlinking: /home/zyf/crazyflies/CrazySim/ros2_ws/install/crazyflie_sim/share/crazyflie_sim/environment/ament_prefix_path.dsv
[2.050s] -- Symlinking: /home/zyf/crazyflies/CrazySim/ros2_ws/install/crazyflie_sim/share/crazyflie_sim/environment/path.sh
[2.059s] -- Symlinking: /home/zyf/crazyflies/CrazySim/ros2_ws/install/crazyflie_sim/share/crazyflie_sim/environment/path.dsv
[2.068s] -- Symlinking: /home/zyf/crazyflies/CrazySim/ros2_ws/install/crazyflie_sim/share/crazyflie_sim/local_setup.bash
[2.078s] -- Symlinking: /home/zyf/crazyflies/CrazySim/ros2_ws/install/crazyflie_sim/share/crazyflie_sim/local_setup.sh
[2.086s] -- Symlinking: /home/zyf/crazyflies/CrazySim/ros2_ws/install/crazyflie_sim/share/crazyflie_sim/local_setup.zsh
[2.094s] -- Symlinking: /home/zyf/crazyflies/CrazySim/ros2_ws/install/crazyflie_sim/share/crazyflie_sim/local_setup.dsv
[2.102s] -- Symlinking: /home/zyf/crazyflies/CrazySim/ros2_ws/install/crazyflie_sim/share/crazyflie_sim/package.dsv
[2.112s] -- Symlinking: /home/zyf/crazyflies/CrazySim/ros2_ws/install/crazyflie_sim/share/ament_index/resource_index/packages/crazyflie_sim
[2.121s] -- Symlinking: /home/zyf/crazyflies/CrazySim/ros2_ws/install/crazyflie_sim/share/crazyflie_sim/cmake/crazyflie_simConfig.cmake
[2.129s] -- Symlinking: /home/zyf/crazyflies/CrazySim/ros2_ws/install/crazyflie_sim/share/crazyflie_sim/cmake/crazyflie_simConfig-version.cmake
[2.137s] -- Symlinking: /home/zyf/crazyflies/CrazySim/ros2_ws/install/crazyflie_sim/share/crazyflie_sim/package.xml
[2.177s] Listing '/home/zyf/crazyflies/CrazySim/ros2_ws/install/crazyflie_sim/local/lib/python3.10/dist-packages/crazyflie_sim'...
[2.177s] Compiling '/home/zyf/crazyflies/CrazySim/ros2_ws/install/crazyflie_sim/local/lib/python3.10/dist-packages/crazyflie_sim/__init__.py'...
[2.177s] Listing '/home/zyf/crazyflies/CrazySim/ros2_ws/install/crazyflie_sim/local/lib/python3.10/dist-packages/crazyflie_sim/backend'...
[2.177s] Compiling '/home/zyf/crazyflies/CrazySim/ros2_ws/install/crazyflie_sim/local/lib/python3.10/dist-packages/crazyflie_sim/backend/none.py'...
[2.177s] Compiling '/home/zyf/crazyflies/CrazySim/ros2_ws/install/crazyflie_sim/local/lib/python3.10/dist-packages/crazyflie_sim/backend/np.py'...
[2.177s] Compiling '/home/zyf/crazyflies/CrazySim/ros2_ws/install/crazyflie_sim/local/lib/python3.10/dist-packages/crazyflie_sim/crazyflie_server.py'...
[2.177s] Compiling '/home/zyf/crazyflies/CrazySim/ros2_ws/install/crazyflie_sim/local/lib/python3.10/dist-packages/crazyflie_sim/crazyflie_sil.py'...
[2.177s] Compiling '/home/zyf/crazyflies/CrazySim/ros2_ws/install/crazyflie_sim/local/lib/python3.10/dist-packages/crazyflie_sim/sim_data_types.py'...
[2.177s] Listing '/home/zyf/crazyflies/CrazySim/ros2_ws/install/crazyflie_sim/local/lib/python3.10/dist-packages/crazyflie_sim/visualization'...
[2.177s] Compiling '/home/zyf/crazyflies/CrazySim/ros2_ws/install/crazyflie_sim/local/lib/python3.10/dist-packages/crazyflie_sim/visualization/blender.py'...
[2.177s] Listing '/home/zyf/crazyflies/CrazySim/ros2_ws/install/crazyflie_sim/local/lib/python3.10/dist-packages/crazyflie_sim/visualization/data'...
[2.177s] Listing '/home/zyf/crazyflies/CrazySim/ros2_ws/install/crazyflie_sim/local/lib/python3.10/dist-packages/crazyflie_sim/visualization/data/env'...
[2.177s] Listing '/home/zyf/crazyflies/CrazySim/ros2_ws/install/crazyflie_sim/local/lib/python3.10/dist-packages/crazyflie_sim/visualization/data/model'...
[2.177s] Compiling '/home/zyf/crazyflies/CrazySim/ros2_ws/install/crazyflie_sim/local/lib/python3.10/dist-packages/crazyflie_sim/visualization/pdf.py'...
[2.177s] Compiling '/home/zyf/crazyflies/CrazySim/ros2_ws/install/crazyflie_sim/local/lib/python3.10/dist-packages/crazyflie_sim/visualization/record_states.py'...
[2.177s] Compiling '/home/zyf/crazyflies/CrazySim/ros2_ws/install/crazyflie_sim/local/lib/python3.10/dist-packages/crazyflie_sim/visualization/rviz.py'...
[2.183s] Invoked command in '/home/zyf/crazyflies/CrazySim/ros2_ws/build/crazyflie_sim' returned '0': AMENT_PREFIX_PATH=/home/zyf/crazyflies/CrazySim/ros2_ws/install/crazyflie_interfaces:${AMENT_PREFIX_PATH} CMAKE_PREFIX_PATH=/home/zyf/crazyflies/CrazySim/ros2_ws/install/crazyflie_interfaces:/opt/ros/humble LD_LIBRARY_PATH=/home/zyf/crazyflies/CrazySim/ros2_ws/install/crazyflie_interfaces/lib:${LD_LIBRARY_PATH} PYTHONPATH=/home/zyf/crazyflies/CrazySim/ros2_ws/install/crazyflie_interfaces/local/lib/python3.10/dist-packages:${PYTHONPATH} /usr/bin/cmake --install /home/zyf/crazyflies/CrazySim/ros2_ws/build/crazyflie_sim
