[0.009s] Invoking command in '/home/zyf/crazyflies/CrazySim/ros2_ws/build/crazyflie_examples': AMENT_PREFIX_PATH=/home/zyf/crazyflies/CrazySim/ros2_ws/install/crazyflie_py:/home/zyf/crazyflies/CrazySim/ros2_ws/install/crazyflie_interfaces:${AMENT_PREFIX_PATH} CMAKE_PREFIX_PATH=/home/zyf/crazyflies/CrazySim/ros2_ws/install/crazyflie_interfaces:/opt/ros/humble LD_LIBRARY_PATH=/home/zyf/crazyflies/CrazySim/ros2_ws/install/crazyflie_interfaces/lib:${LD_LIBRARY_PATH} PYTHONPATH=/home/zyf/crazyflies/CrazySim/ros2_ws/build/crazyflie_py:/home/zyf/crazyflies/CrazySim/ros2_ws/install/crazyflie_py/lib/python3.10/site-packages:/home/zyf/crazyflies/CrazySim/ros2_ws/install/crazyflie_interfaces/local/lib/python3.10/dist-packages:${PYTHONPATH} /usr/bin/cmake /home/zyf/crazyflies/CrazySim/ros2_ws/src/crazyswarm2/crazyflie_examples -DAMENT_CMAKE_SYMLINK_INSTALL=1 -DCMAKE_INSTALL_PREFIX=/home/zyf/crazyflies/CrazySim/ros2_ws/install/crazyflie_examples
[0.057s] -- The C compiler identification is GNU 11.4.0
[0.105s] -- The CXX compiler identification is GNU 11.4.0
[0.113s] -- Detecting C compiler ABI info
[0.175s] -- Detecting C compiler ABI info - done
[0.180s] -- Check for working C compiler: /usr/bin/cc - skipped
[0.180s] -- Detecting C compile features
[0.180s] -- Detecting C compile features - done
[0.182s] -- Detecting CXX compiler ABI info
[0.253s] -- Detecting CXX compiler ABI info - done
[0.260s] -- Check for working CXX compiler: /usr/bin/c++ - skipped
[0.261s] -- Detecting CXX compile features
[0.261s] -- Detecting CXX compile features - done
[0.264s] -- Found ament_cmake: 1.3.8 (/opt/ros/humble/share/ament_cmake/cmake)
[0.433s] -- Found Python3: /usr/bin/python3 (found version "3.10.12") found components: Interpreter 
[0.491s] -- Override CMake install command with custom implementation using symlinks instead of copying resources
[0.689s] -- Configuring done
[0.694s] -- Generating done
[0.695s] -- Build files have been written to: /home/zyf/crazyflies/CrazySim/ros2_ws/build/crazyflie_examples
[0.702s] Invoked command in '/home/zyf/crazyflies/CrazySim/ros2_ws/build/crazyflie_examples' returned '0': AMENT_PREFIX_PATH=/home/zyf/crazyflies/CrazySim/ros2_ws/install/crazyflie_py:/home/zyf/crazyflies/CrazySim/ros2_ws/install/crazyflie_interfaces:${AMENT_PREFIX_PATH} CMAKE_PREFIX_PATH=/home/zyf/crazyflies/CrazySim/ros2_ws/install/crazyflie_interfaces:/opt/ros/humble LD_LIBRARY_PATH=/home/zyf/crazyflies/CrazySim/ros2_ws/install/crazyflie_interfaces/lib:${LD_LIBRARY_PATH} PYTHONPATH=/home/zyf/crazyflies/CrazySim/ros2_ws/build/crazyflie_py:/home/zyf/crazyflies/CrazySim/ros2_ws/install/crazyflie_py/lib/python3.10/site-packages:/home/zyf/crazyflies/CrazySim/ros2_ws/install/crazyflie_interfaces/local/lib/python3.10/dist-packages:${PYTHONPATH} /usr/bin/cmake /home/zyf/crazyflies/CrazySim/ros2_ws/src/crazyswarm2/crazyflie_examples -DAMENT_CMAKE_SYMLINK_INSTALL=1 -DCMAKE_INSTALL_PREFIX=/home/zyf/crazyflies/CrazySim/ros2_ws/install/crazyflie_examples
[0.702s] Invoking command in '/home/zyf/crazyflies/CrazySim/ros2_ws/build/crazyflie_examples': AMENT_PREFIX_PATH=/home/zyf/crazyflies/CrazySim/ros2_ws/install/crazyflie_py:/home/zyf/crazyflies/CrazySim/ros2_ws/install/crazyflie_interfaces:${AMENT_PREFIX_PATH} CMAKE_PREFIX_PATH=/home/zyf/crazyflies/CrazySim/ros2_ws/install/crazyflie_interfaces:/opt/ros/humble LD_LIBRARY_PATH=/home/zyf/crazyflies/CrazySim/ros2_ws/install/crazyflie_interfaces/lib:${LD_LIBRARY_PATH} PYTHONPATH=/home/zyf/crazyflies/CrazySim/ros2_ws/build/crazyflie_py:/home/zyf/crazyflies/CrazySim/ros2_ws/install/crazyflie_py/lib/python3.10/site-packages:/home/zyf/crazyflies/CrazySim/ros2_ws/install/crazyflie_interfaces/local/lib/python3.10/dist-packages:${PYTHONPATH} /usr/bin/cmake --build /home/zyf/crazyflies/CrazySim/ros2_ws/build/crazyflie_examples -- -j16 -l16
[0.768s] Built target ament_cmake_python_symlink_crazyflie_examples
[0.769s] Built target ament_cmake_python_symlink_crazyflie_examples_setup
[1.015s] running install_scripts
[1.017s] /usr/lib/python3/dist-packages/setuptools/command/install.py:34: SetuptoolsDeprecationWarning: setup.py install is deprecated. Use build and pip and other standards-based tools.
[1.017s]   warnings.warn(
[1.019s] running egg_info
[1.020s] creating crazyflie_examples.egg-info
[1.020s] writing crazyflie_examples.egg-info/PKG-INFO
[1.020s] writing dependency_links to crazyflie_examples.egg-info/dependency_links.txt
[1.021s] writing entry points to crazyflie_examples.egg-info/entry_points.txt
[1.021s] writing top-level names to crazyflie_examples.egg-info/top_level.txt
[1.021s] writing manifest file 'crazyflie_examples.egg-info/SOURCES.txt'
[1.023s] reading manifest file 'crazyflie_examples.egg-info/SOURCES.txt'
[1.024s] writing manifest file 'crazyflie_examples.egg-info/SOURCES.txt'
[1.035s] running egg_info
[1.036s] writing crazyflie_examples.egg-info/PKG-INFO
[1.036s] writing dependency_links to crazyflie_examples.egg-info/dependency_links.txt
[1.036s] writing entry points to crazyflie_examples.egg-info/entry_points.txt
[1.036s] writing top-level names to crazyflie_examples.egg-info/top_level.txt
[1.038s] reading manifest file 'crazyflie_examples.egg-info/SOURCES.txt'
[1.038s] writing manifest file 'crazyflie_examples.egg-info/SOURCES.txt'
[1.039s] Installing cmd_full_state script to scripts
[1.039s] Installing figure8 script to scripts
[1.040s] Installing hello_world script to scripts
[1.040s] Installing multi_trajectory script to scripts
[1.040s] Installing nice_hover script to scripts
[1.040s] Installing set_param script to scripts
[1.061s] Built target ament_cmake_python_build_crazyflie_examples_egg
[1.076s] Built target ament_cmake_python_build_crazyflie_examples_scripts
[1.086s] Invoked command in '/home/zyf/crazyflies/CrazySim/ros2_ws/build/crazyflie_examples' returned '0': AMENT_PREFIX_PATH=/home/zyf/crazyflies/CrazySim/ros2_ws/install/crazyflie_py:/home/zyf/crazyflies/CrazySim/ros2_ws/install/crazyflie_interfaces:${AMENT_PREFIX_PATH} CMAKE_PREFIX_PATH=/home/zyf/crazyflies/CrazySim/ros2_ws/install/crazyflie_interfaces:/opt/ros/humble LD_LIBRARY_PATH=/home/zyf/crazyflies/CrazySim/ros2_ws/install/crazyflie_interfaces/lib:${LD_LIBRARY_PATH} PYTHONPATH=/home/zyf/crazyflies/CrazySim/ros2_ws/build/crazyflie_py:/home/zyf/crazyflies/CrazySim/ros2_ws/install/crazyflie_py/lib/python3.10/site-packages:/home/zyf/crazyflies/CrazySim/ros2_ws/install/crazyflie_interfaces/local/lib/python3.10/dist-packages:${PYTHONPATH} /usr/bin/cmake --build /home/zyf/crazyflies/CrazySim/ros2_ws/build/crazyflie_examples -- -j16 -l16
[1.109s] Invoking command in '/home/zyf/crazyflies/CrazySim/ros2_ws/build/crazyflie_examples': AMENT_PREFIX_PATH=/home/zyf/crazyflies/CrazySim/ros2_ws/install/crazyflie_py:/home/zyf/crazyflies/CrazySim/ros2_ws/install/crazyflie_interfaces:${AMENT_PREFIX_PATH} CMAKE_PREFIX_PATH=/home/zyf/crazyflies/CrazySim/ros2_ws/install/crazyflie_interfaces:/opt/ros/humble LD_LIBRARY_PATH=/home/zyf/crazyflies/CrazySim/ros2_ws/install/crazyflie_interfaces/lib:${LD_LIBRARY_PATH} PYTHONPATH=/home/zyf/crazyflies/CrazySim/ros2_ws/build/crazyflie_py:/home/zyf/crazyflies/CrazySim/ros2_ws/install/crazyflie_py/lib/python3.10/site-packages:/home/zyf/crazyflies/CrazySim/ros2_ws/install/crazyflie_interfaces/local/lib/python3.10/dist-packages:${PYTHONPATH} /usr/bin/cmake --install /home/zyf/crazyflies/CrazySim/ros2_ws/build/crazyflie_examples
[1.117s] -- Install configuration: ""
[1.117s] -- Execute custom install script
[1.117s] -- Symlinking: /home/zyf/crazyflies/CrazySim/ros2_ws/install/crazyflie_examples/share/crazyflie_examples/environment/pythonpath.sh
[1.126s] -- Symlinking: /home/zyf/crazyflies/CrazySim/ros2_ws/install/crazyflie_examples/share/crazyflie_examples/environment/pythonpath.dsv
[1.134s] -- Symlinking: /home/zyf/crazyflies/CrazySim/ros2_ws/install/crazyflie_examples/local/lib/python3.10/dist-packages/crazyflie_examples-2.0.0-py3.10.egg-info/PKG-INFO
[1.144s] -- Symlinking: /home/zyf/crazyflies/CrazySim/ros2_ws/install/crazyflie_examples/local/lib/python3.10/dist-packages/crazyflie_examples-2.0.0-py3.10.egg-info/SOURCES.txt
[1.152s] -- Symlinking: /home/zyf/crazyflies/CrazySim/ros2_ws/install/crazyflie_examples/local/lib/python3.10/dist-packages/crazyflie_examples-2.0.0-py3.10.egg-info/dependency_links.txt
[1.160s] -- Symlinking: /home/zyf/crazyflies/CrazySim/ros2_ws/install/crazyflie_examples/local/lib/python3.10/dist-packages/crazyflie_examples-2.0.0-py3.10.egg-info/entry_points.txt
[1.168s] -- Symlinking: /home/zyf/crazyflies/CrazySim/ros2_ws/install/crazyflie_examples/local/lib/python3.10/dist-packages/crazyflie_examples-2.0.0-py3.10.egg-info/top_level.txt
[1.177s] -- Symlinking: /home/zyf/crazyflies/CrazySim/ros2_ws/install/crazyflie_examples/lib/crazyflie_examples//cmd_full_state
[1.185s] -- Symlinking: /home/zyf/crazyflies/CrazySim/ros2_ws/install/crazyflie_examples/lib/crazyflie_examples//figure8
[1.194s] -- Symlinking: /home/zyf/crazyflies/CrazySim/ros2_ws/install/crazyflie_examples/lib/crazyflie_examples//hello_world
[1.203s] -- Symlinking: /home/zyf/crazyflies/CrazySim/ros2_ws/install/crazyflie_examples/lib/crazyflie_examples//multi_trajectory
[1.213s] -- Symlinking: /home/zyf/crazyflies/CrazySim/ros2_ws/install/crazyflie_examples/lib/crazyflie_examples//nice_hover
[1.222s] -- Symlinking: /home/zyf/crazyflies/CrazySim/ros2_ws/install/crazyflie_examples/lib/crazyflie_examples//set_param
[1.230s] -- Symlinking: /home/zyf/crazyflies/CrazySim/ros2_ws/install/crazyflie_examples/local/lib/python3.10/dist-packages/crazyflie_examples/__init__.py
[1.239s] -- Symlinking: /home/zyf/crazyflies/CrazySim/ros2_ws/install/crazyflie_examples/local/lib/python3.10/dist-packages/crazyflie_examples/cmd_full_state.py
[1.248s] -- Symlinking: /home/zyf/crazyflies/CrazySim/ros2_ws/install/crazyflie_examples/local/lib/python3.10/dist-packages/crazyflie_examples/data/figure8.csv
[1.257s] -- Symlinking: /home/zyf/crazyflies/CrazySim/ros2_ws/install/crazyflie_examples/local/lib/python3.10/dist-packages/crazyflie_examples/data/multi_trajectory/traj0.csv
[1.265s] -- Symlinking: /home/zyf/crazyflies/CrazySim/ros2_ws/install/crazyflie_examples/local/lib/python3.10/dist-packages/crazyflie_examples/data/multi_trajectory/traj1.csv
[1.274s] -- Symlinking: /home/zyf/crazyflies/CrazySim/ros2_ws/install/crazyflie_examples/local/lib/python3.10/dist-packages/crazyflie_examples/figure8.py
[1.282s] -- Symlinking: /home/zyf/crazyflies/CrazySim/ros2_ws/install/crazyflie_examples/local/lib/python3.10/dist-packages/crazyflie_examples/hello_world.py
[1.293s] -- Symlinking: /home/zyf/crazyflies/CrazySim/ros2_ws/install/crazyflie_examples/local/lib/python3.10/dist-packages/crazyflie_examples/multi_trajectory.py
[1.302s] -- Symlinking: /home/zyf/crazyflies/CrazySim/ros2_ws/install/crazyflie_examples/local/lib/python3.10/dist-packages/crazyflie_examples/nice_hover.py
[1.310s] -- Symlinking: /home/zyf/crazyflies/CrazySim/ros2_ws/install/crazyflie_examples/local/lib/python3.10/dist-packages/crazyflie_examples/set_param.py
[1.318s] -- Symlinking: /home/zyf/crazyflies/CrazySim/ros2_ws/install/crazyflie_examples/share/crazyflie_examples//config/nav2_params.yaml
[1.326s] -- Symlinking: /home/zyf/crazyflies/CrazySim/ros2_ws/install/crazyflie_examples/share/crazyflie_examples//config/nav2_view.rviz
[1.335s] -- Symlinking: /home/zyf/crazyflies/CrazySim/ros2_ws/install/crazyflie_examples/share/crazyflie_examples//data/map.data
[1.343s] -- Symlinking: /home/zyf/crazyflies/CrazySim/ros2_ws/install/crazyflie_examples/share/crazyflie_examples//data/map.pgm
[1.352s] -- Symlinking: /home/zyf/crazyflies/CrazySim/ros2_ws/install/crazyflie_examples/share/crazyflie_examples//data/map.posegraph
[1.364s] -- Symlinking: /home/zyf/crazyflies/CrazySim/ros2_ws/install/crazyflie_examples/share/crazyflie_examples//data/map.yaml
[1.380s] -- Symlinking: /home/zyf/crazyflies/CrazySim/ros2_ws/install/crazyflie_examples/share/crazyflie_examples//launch/keyboard_velmux_launch.py
[1.411s] -- Symlinking: /home/zyf/crazyflies/CrazySim/ros2_ws/install/crazyflie_examples/share/crazyflie_examples//launch/multiranger_mapping_launch.py
[1.425s] -- Symlinking: /home/zyf/crazyflies/CrazySim/ros2_ws/install/crazyflie_examples/share/crazyflie_examples//launch/multiranger_nav2_launch.py
[1.438s] -- Symlinking: /home/zyf/crazyflies/CrazySim/ros2_ws/install/crazyflie_examples/share/ament_index/resource_index/package_run_dependencies/crazyflie_examples
[1.472s] -- Symlinking: /home/zyf/crazyflies/CrazySim/ros2_ws/install/crazyflie_examples/share/ament_index/resource_index/parent_prefix_path/crazyflie_examples
[1.485s] -- Symlinking: /home/zyf/crazyflies/CrazySim/ros2_ws/install/crazyflie_examples/share/crazyflie_examples/environment/ament_prefix_path.sh
[1.514s] -- Symlinking: /home/zyf/crazyflies/CrazySim/ros2_ws/install/crazyflie_examples/share/crazyflie_examples/environment/ament_prefix_path.dsv
[1.544s] -- Symlinking: /home/zyf/crazyflies/CrazySim/ros2_ws/install/crazyflie_examples/share/crazyflie_examples/environment/path.sh
[1.565s] -- Symlinking: /home/zyf/crazyflies/CrazySim/ros2_ws/install/crazyflie_examples/share/crazyflie_examples/environment/path.dsv
[1.593s] -- Symlinking: /home/zyf/crazyflies/CrazySim/ros2_ws/install/crazyflie_examples/share/crazyflie_examples/local_setup.bash
[1.607s] -- Symlinking: /home/zyf/crazyflies/CrazySim/ros2_ws/install/crazyflie_examples/share/crazyflie_examples/local_setup.sh
[1.622s] -- Symlinking: /home/zyf/crazyflies/CrazySim/ros2_ws/install/crazyflie_examples/share/crazyflie_examples/local_setup.zsh
[1.634s] -- Symlinking: /home/zyf/crazyflies/CrazySim/ros2_ws/install/crazyflie_examples/share/crazyflie_examples/local_setup.dsv
[1.646s] -- Symlinking: /home/zyf/crazyflies/CrazySim/ros2_ws/install/crazyflie_examples/share/crazyflie_examples/package.dsv
[1.657s] -- Symlinking: /home/zyf/crazyflies/CrazySim/ros2_ws/install/crazyflie_examples/share/ament_index/resource_index/packages/crazyflie_examples
[1.667s] -- Symlinking: /home/zyf/crazyflies/CrazySim/ros2_ws/install/crazyflie_examples/share/crazyflie_examples/cmake/crazyflie_examplesConfig.cmake
[1.678s] -- Symlinking: /home/zyf/crazyflies/CrazySim/ros2_ws/install/crazyflie_examples/share/crazyflie_examples/cmake/crazyflie_examplesConfig-version.cmake
[1.688s] -- Symlinking: /home/zyf/crazyflies/CrazySim/ros2_ws/install/crazyflie_examples/share/crazyflie_examples/package.xml
[1.728s] Listing '/home/zyf/crazyflies/CrazySim/ros2_ws/install/crazyflie_examples/local/lib/python3.10/dist-packages/crazyflie_examples'...
[1.728s] Compiling '/home/zyf/crazyflies/CrazySim/ros2_ws/install/crazyflie_examples/local/lib/python3.10/dist-packages/crazyflie_examples/__init__.py'...
[1.728s] Compiling '/home/zyf/crazyflies/CrazySim/ros2_ws/install/crazyflie_examples/local/lib/python3.10/dist-packages/crazyflie_examples/cmd_full_state.py'...
[1.728s] Listing '/home/zyf/crazyflies/CrazySim/ros2_ws/install/crazyflie_examples/local/lib/python3.10/dist-packages/crazyflie_examples/data'...
[1.728s] Listing '/home/zyf/crazyflies/CrazySim/ros2_ws/install/crazyflie_examples/local/lib/python3.10/dist-packages/crazyflie_examples/data/multi_trajectory'...
[1.728s] Compiling '/home/zyf/crazyflies/CrazySim/ros2_ws/install/crazyflie_examples/local/lib/python3.10/dist-packages/crazyflie_examples/figure8.py'...
[1.728s] Compiling '/home/zyf/crazyflies/CrazySim/ros2_ws/install/crazyflie_examples/local/lib/python3.10/dist-packages/crazyflie_examples/hello_world.py'...
[1.728s] Compiling '/home/zyf/crazyflies/CrazySim/ros2_ws/install/crazyflie_examples/local/lib/python3.10/dist-packages/crazyflie_examples/multi_trajectory.py'...
[1.728s] Compiling '/home/zyf/crazyflies/CrazySim/ros2_ws/install/crazyflie_examples/local/lib/python3.10/dist-packages/crazyflie_examples/nice_hover.py'...
[1.728s] Compiling '/home/zyf/crazyflies/CrazySim/ros2_ws/install/crazyflie_examples/local/lib/python3.10/dist-packages/crazyflie_examples/set_param.py'...
[1.735s] Invoked command in '/home/zyf/crazyflies/CrazySim/ros2_ws/build/crazyflie_examples' returned '0': AMENT_PREFIX_PATH=/home/zyf/crazyflies/CrazySim/ros2_ws/install/crazyflie_py:/home/zyf/crazyflies/CrazySim/ros2_ws/install/crazyflie_interfaces:${AMENT_PREFIX_PATH} CMAKE_PREFIX_PATH=/home/zyf/crazyflies/CrazySim/ros2_ws/install/crazyflie_interfaces:/opt/ros/humble LD_LIBRARY_PATH=/home/zyf/crazyflies/CrazySim/ros2_ws/install/crazyflie_interfaces/lib:${LD_LIBRARY_PATH} PYTHONPATH=/home/zyf/crazyflies/CrazySim/ros2_ws/build/crazyflie_py:/home/zyf/crazyflies/CrazySim/ros2_ws/install/crazyflie_py/lib/python3.10/site-packages:/home/zyf/crazyflies/CrazySim/ros2_ws/install/crazyflie_interfaces/local/lib/python3.10/dist-packages:${PYTHONPATH} /usr/bin/cmake --install /home/zyf/crazyflies/CrazySim/ros2_ws/build/crazyflie_examples
