[0.150s] Invoking command in '/home/zyf/crazyflies/group-crazyflie-1/test/sim_test/CrazySim/ros2_ws/build/crazyflie': AMENT_PREFIX_PATH=/home/zyf/crazyflies/CrazySim/ros2_ws/install/motion_capture_tracking_interfaces:/home/zyf/crazyflies/CrazySim/ros2_ws/install/crazyflie_interfaces:${AMENT_PREFIX_PATH} CMAKE_PREFIX_PATH=/home/zyf/crazyflies/group-crazyflie-1/test/sim_test/CrazySim/ros2_ws/install/motion_capture_tracking_interfaces:/home/zyf/crazyflies/group-crazyflie-1/test/sim_test/CrazySim/ros2_ws/install/crazyflie_interfaces:/opt/ros/humble LD_LIBRARY_PATH=/home/zyf/crazyflies/CrazySim/ros2_ws/install/motion_capture_tracking_interfaces/lib:/home/zyf/crazyflies/group-crazyflie-1/test/sim_test/CrazySim/ros2_ws/install/motion_capture_tracking_interfaces/lib:/home/zyf/crazyflies/CrazySim/ros2_ws/install/crazyflie_interfaces/lib:/home/zyf/crazyflies/group-crazyflie-1/test/sim_test/CrazySim/ros2_ws/install/crazyflie_interfaces/lib:${LD_LIBRARY_PATH} PYTHONPATH=/home/zyf/crazyflies/CrazySim/ros2_ws/install/motion_capture_tracking_interfaces/local/lib/python3.10/dist-packages:/home/zyf/crazyflies/CrazySim/ros2_ws/install/crazyflie_interfaces/local/lib/python3.10/dist-packages:${PYTHONPATH} /usr/bin/cmake --build /home/zyf/crazyflies/group-crazyflie-1/test/sim_test/CrazySim/ros2_ws/build/crazyflie -- -j16 -l16
[0.156s] [0mCMake Error: The current CMakeCache.txt directory /home/zyf/crazyflies/group-crazyflie-1/test/sim_test/CrazySim/ros2_ws/build/crazyflie/CMakeCache.txt is different than the directory /home/zyf/crazyflies/CrazySim/ros2_ws/build/crazyflie where CMakeCache.txt was created. This may result in binaries being created in the wrong place. If you are not sure, reedit the CMakeCache.txt[0m
[0.187s] [35m[1mConsolidate compiler generated dependencies of target teleop[0m
[0.188s] [35m[1mConsolidate compiler generated dependencies of target crazyflieLinkCpp[0m
[0.203s] [  5%] Built target teleop
[0.203s] [ 30%] Built target crazyflieLinkCpp
[0.212s] [35m[1mConsolidate compiler generated dependencies of target crazyflie_cpp[0m
[0.224s] [ 38%] Built target crazyflie_cpp
[0.236s] [35m[1mConsolidate compiler generated dependencies of target scan[0m
[0.236s] [35m[1mConsolidate compiler generated dependencies of target listParams[0m
[0.236s] [35m[1mConsolidate compiler generated dependencies of target battery[0m
[0.237s] [35m[1mConsolidate compiler generated dependencies of target crazyflie_server[0m
[0.237s] [35m[1mConsolidate compiler generated dependencies of target listMemories[0m
[0.244s] [35m[1mConsolidate compiler generated dependencies of target log[0m
[0.244s] [35m[1mConsolidate compiler generated dependencies of target listLogVariables[0m
[0.244s] [35m[1mConsolidate compiler generated dependencies of target setParam[0m
[0.244s] [35m[1mConsolidate compiler generated dependencies of target console[0m
[0.244s] [35m[1mConsolidate compiler generated dependencies of target version[0m
[0.244s] [35m[1mConsolidate compiler generated dependencies of target reboot[0m
[0.257s] [ 44%] Built target scan
[0.258s] [ 50%] Built target listParams
[0.262s] [ 55%] Built target battery
[0.263s] [ 61%] Built target crazyflie_server
[0.263s] [ 75%] Built target listLogVariables
[0.264s] [ 75%] Built target setParam
[0.264s] [ 77%] Built target listMemories
[0.264s] [ 83%] Built target reboot
[0.267s] [ 88%] Built target version
[0.267s] [ 97%] Built target log
[0.267s] [100%] Built target console
[0.277s] Invoked command in '/home/zyf/crazyflies/group-crazyflie-1/test/sim_test/CrazySim/ros2_ws/build/crazyflie' returned '0': AMENT_PREFIX_PATH=/home/zyf/crazyflies/CrazySim/ros2_ws/install/motion_capture_tracking_interfaces:/home/zyf/crazyflies/CrazySim/ros2_ws/install/crazyflie_interfaces:${AMENT_PREFIX_PATH} CMAKE_PREFIX_PATH=/home/zyf/crazyflies/group-crazyflie-1/test/sim_test/CrazySim/ros2_ws/install/motion_capture_tracking_interfaces:/home/zyf/crazyflies/group-crazyflie-1/test/sim_test/CrazySim/ros2_ws/install/crazyflie_interfaces:/opt/ros/humble LD_LIBRARY_PATH=/home/zyf/crazyflies/CrazySim/ros2_ws/install/motion_capture_tracking_interfaces/lib:/home/zyf/crazyflies/group-crazyflie-1/test/sim_test/CrazySim/ros2_ws/install/motion_capture_tracking_interfaces/lib:/home/zyf/crazyflies/CrazySim/ros2_ws/install/crazyflie_interfaces/lib:/home/zyf/crazyflies/group-crazyflie-1/test/sim_test/CrazySim/ros2_ws/install/crazyflie_interfaces/lib:${LD_LIBRARY_PATH} PYTHONPATH=/home/zyf/crazyflies/CrazySim/ros2_ws/install/motion_capture_tracking_interfaces/local/lib/python3.10/dist-packages:/home/zyf/crazyflies/CrazySim/ros2_ws/install/crazyflie_interfaces/local/lib/python3.10/dist-packages:${PYTHONPATH} /usr/bin/cmake --build /home/zyf/crazyflies/group-crazyflie-1/test/sim_test/CrazySim/ros2_ws/build/crazyflie -- -j16 -l16
[0.307s] Invoking command in '/home/zyf/crazyflies/group-crazyflie-1/test/sim_test/CrazySim/ros2_ws/build/crazyflie': AMENT_PREFIX_PATH=/home/zyf/crazyflies/CrazySim/ros2_ws/install/motion_capture_tracking_interfaces:/home/zyf/crazyflies/CrazySim/ros2_ws/install/crazyflie_interfaces:${AMENT_PREFIX_PATH} CMAKE_PREFIX_PATH=/home/zyf/crazyflies/group-crazyflie-1/test/sim_test/CrazySim/ros2_ws/install/motion_capture_tracking_interfaces:/home/zyf/crazyflies/group-crazyflie-1/test/sim_test/CrazySim/ros2_ws/install/crazyflie_interfaces:/opt/ros/humble LD_LIBRARY_PATH=/home/zyf/crazyflies/CrazySim/ros2_ws/install/motion_capture_tracking_interfaces/lib:/home/zyf/crazyflies/group-crazyflie-1/test/sim_test/CrazySim/ros2_ws/install/motion_capture_tracking_interfaces/lib:/home/zyf/crazyflies/CrazySim/ros2_ws/install/crazyflie_interfaces/lib:/home/zyf/crazyflies/group-crazyflie-1/test/sim_test/CrazySim/ros2_ws/install/crazyflie_interfaces/lib:${LD_LIBRARY_PATH} PYTHONPATH=/home/zyf/crazyflies/CrazySim/ros2_ws/install/motion_capture_tracking_interfaces/local/lib/python3.10/dist-packages:/home/zyf/crazyflies/CrazySim/ros2_ws/install/crazyflie_interfaces/local/lib/python3.10/dist-packages:${PYTHONPATH} /usr/bin/cmake --install /home/zyf/crazyflies/group-crazyflie-1/test/sim_test/CrazySim/ros2_ws/build/crazyflie
[0.314s] -- Install configuration: ""
[0.314s] -- Execute custom install script
[0.314s] -- Up-to-date symlink: /home/zyf/crazyflies/CrazySim/ros2_ws/install/crazyflie/lib/crazyflie/scan
[0.314s] -- Up-to-date symlink: /home/zyf/crazyflies/CrazySim/ros2_ws/install/crazyflie/lib/crazyflie/listParams
[0.314s] -- Up-to-date symlink: /home/zyf/crazyflies/CrazySim/ros2_ws/install/crazyflie/lib/crazyflie/listLogVariables
[0.314s] -- Up-to-date symlink: /home/zyf/crazyflies/CrazySim/ros2_ws/install/crazyflie/lib/crazyflie/listMemories
[0.314s] -- Up-to-date symlink: /home/zyf/crazyflies/CrazySim/ros2_ws/install/crazyflie/lib/crazyflie/reboot
[0.315s] -- Up-to-date symlink: /home/zyf/crazyflies/CrazySim/ros2_ws/install/crazyflie/lib/crazyflie/battery
[0.315s] -- Up-to-date symlink: /home/zyf/crazyflies/CrazySim/ros2_ws/install/crazyflie/lib/crazyflie/version
[0.315s] -- Up-to-date symlink: /home/zyf/crazyflies/CrazySim/ros2_ws/install/crazyflie/lib/crazyflie/console
[0.315s] -- Up-to-date symlink: /home/zyf/crazyflies/CrazySim/ros2_ws/install/crazyflie/lib/crazyflie/log
[0.315s] -- Up-to-date symlink: /home/zyf/crazyflies/CrazySim/ros2_ws/install/crazyflie/lib/crazyflie/setParam
[0.315s] -- Up-to-date symlink: /home/zyf/crazyflies/CrazySim/ros2_ws/install/crazyflie/lib/crazyflie/teleop
[0.315s] -- Up-to-date symlink: /home/zyf/crazyflies/CrazySim/ros2_ws/install/crazyflie/lib/crazyflie/crazyflie_server
[0.315s] -- Up-to-date symlink: /home/zyf/crazyflies/CrazySim/ros2_ws/install/crazyflie/lib/crazyflie/crazyflie_server.py
[0.315s] -- Up-to-date symlink: /home/zyf/crazyflies/CrazySim/ros2_ws/install/crazyflie/lib/crazyflie/chooser.py
[0.315s] -- Up-to-date symlink: /home/zyf/crazyflies/CrazySim/ros2_ws/install/crazyflie/lib/crazyflie/vel_mux.py
[0.315s] -- Up-to-date symlink: /home/zyf/crazyflies/CrazySim/ros2_ws/install/crazyflie/lib/crazyflie/cfmult.py
[0.316s] -- Up-to-date symlink: /home/zyf/crazyflies/CrazySim/ros2_ws/install/crazyflie/share/crazyflie//launch/launch.py
[0.316s] -- Up-to-date symlink: /home/zyf/crazyflies/CrazySim/ros2_ws/install/crazyflie/share/crazyflie//launch/launch_teleop2.py
[0.316s] -- Up-to-date symlink: /home/zyf/crazyflies/CrazySim/ros2_ws/install/crazyflie/share/crazyflie//launch/teleop_launch.py
[0.316s] -- Up-to-date symlink: /home/zyf/crazyflies/CrazySim/ros2_ws/install/crazyflie/share/crazyflie//config/config.rviz
[0.316s] -- Up-to-date symlink: /home/zyf/crazyflies/CrazySim/ros2_ws/install/crazyflie/share/crazyflie//config/crazyflies.yaml
[0.316s] -- Up-to-date symlink: /home/zyf/crazyflies/CrazySim/ros2_ws/install/crazyflie/share/crazyflie//config/motion_capture.yaml
[0.316s] -- Up-to-date symlink: /home/zyf/crazyflies/CrazySim/ros2_ws/install/crazyflie/share/crazyflie//config/server.yaml
[0.316s] -- Up-to-date symlink: /home/zyf/crazyflies/CrazySim/ros2_ws/install/crazyflie/share/crazyflie//config/teleop.yaml
[0.317s] -- Up-to-date symlink: /home/zyf/crazyflies/CrazySim/ros2_ws/install/crazyflie/share/ament_index/resource_index/package_run_dependencies/crazyflie
[0.317s] -- Up-to-date symlink: /home/zyf/crazyflies/CrazySim/ros2_ws/install/crazyflie/share/ament_index/resource_index/parent_prefix_path/crazyflie
[0.317s] -- Up-to-date symlink: /home/zyf/crazyflies/CrazySim/ros2_ws/install/crazyflie/share/crazyflie/environment/ament_prefix_path.sh
[0.317s] -- Up-to-date symlink: /home/zyf/crazyflies/CrazySim/ros2_ws/install/crazyflie/share/crazyflie/environment/ament_prefix_path.dsv
[0.317s] -- Up-to-date symlink: /home/zyf/crazyflies/CrazySim/ros2_ws/install/crazyflie/share/crazyflie/environment/path.sh
[0.317s] -- Up-to-date symlink: /home/zyf/crazyflies/CrazySim/ros2_ws/install/crazyflie/share/crazyflie/environment/path.dsv
[0.317s] -- Up-to-date symlink: /home/zyf/crazyflies/CrazySim/ros2_ws/install/crazyflie/share/crazyflie/local_setup.bash
[0.317s] -- Up-to-date symlink: /home/zyf/crazyflies/CrazySim/ros2_ws/install/crazyflie/share/crazyflie/local_setup.sh
[0.317s] -- Up-to-date symlink: /home/zyf/crazyflies/CrazySim/ros2_ws/install/crazyflie/share/crazyflie/local_setup.zsh
[0.317s] -- Up-to-date symlink: /home/zyf/crazyflies/CrazySim/ros2_ws/install/crazyflie/share/crazyflie/local_setup.dsv
[0.317s] -- Symlinking: /home/zyf/crazyflies/CrazySim/ros2_ws/install/crazyflie/share/crazyflie/package.dsv
[0.326s] -- Up-to-date symlink: /home/zyf/crazyflies/CrazySim/ros2_ws/install/crazyflie/share/ament_index/resource_index/packages/crazyflie
[0.327s] -- Up-to-date symlink: /home/zyf/crazyflies/CrazySim/ros2_ws/install/crazyflie/share/crazyflie/cmake/crazyflieConfig.cmake
[0.327s] -- Up-to-date symlink: /home/zyf/crazyflies/CrazySim/ros2_ws/install/crazyflie/share/crazyflie/cmake/crazyflieConfig-version.cmake
[0.327s] -- Up-to-date symlink: /home/zyf/crazyflies/CrazySim/ros2_ws/install/crazyflie/share/crazyflie/package.xml
[0.329s] Invoked command in '/home/zyf/crazyflies/group-crazyflie-1/test/sim_test/CrazySim/ros2_ws/build/crazyflie' returned '0': AMENT_PREFIX_PATH=/home/zyf/crazyflies/CrazySim/ros2_ws/install/motion_capture_tracking_interfaces:/home/zyf/crazyflies/CrazySim/ros2_ws/install/crazyflie_interfaces:${AMENT_PREFIX_PATH} CMAKE_PREFIX_PATH=/home/zyf/crazyflies/group-crazyflie-1/test/sim_test/CrazySim/ros2_ws/install/motion_capture_tracking_interfaces:/home/zyf/crazyflies/group-crazyflie-1/test/sim_test/CrazySim/ros2_ws/install/crazyflie_interfaces:/opt/ros/humble LD_LIBRARY_PATH=/home/zyf/crazyflies/CrazySim/ros2_ws/install/motion_capture_tracking_interfaces/lib:/home/zyf/crazyflies/group-crazyflie-1/test/sim_test/CrazySim/ros2_ws/install/motion_capture_tracking_interfaces/lib:/home/zyf/crazyflies/CrazySim/ros2_ws/install/crazyflie_interfaces/lib:/home/zyf/crazyflies/group-crazyflie-1/test/sim_test/CrazySim/ros2_ws/install/crazyflie_interfaces/lib:${LD_LIBRARY_PATH} PYTHONPATH=/home/zyf/crazyflies/CrazySim/ros2_ws/install/motion_capture_tracking_interfaces/local/lib/python3.10/dist-packages:/home/zyf/crazyflies/CrazySim/ros2_ws/install/crazyflie_interfaces/local/lib/python3.10/dist-packages:${PYTHONPATH} /usr/bin/cmake --install /home/zyf/crazyflies/group-crazyflie-1/test/sim_test/CrazySim/ros2_ws/build/crazyflie
