[0.531s] Invoking command in '/home/zyf/crazyflies/group-crazyflie-1/test/sim_test/CrazySim/ros2_ws/src/crazyflie_mpc': AMENT_PREFIX_PATH=/home/zyf/crazyflies/group-crazyflie-1/test/sim_test/CrazySim/ros2_ws/install/crazyflie_py:/home/zyf/crazyflies/group-crazyflie-1/test/sim_test/CrazySim/ros2_ws/install/crazyflie_interfaces:${AMENT_PREFIX_PATH} CMAKE_PREFIX_PATH=/home/zyf/crazyflies/group-crazyflie-1/test/sim_test/CrazySim/ros2_ws/install/crazyflie_interfaces LD_LIBRARY_PATH=/home/zyf/crazyflies/group-crazyflie-1/test/sim_test/CrazySim/ros2_ws/install/crazyflie_interfaces/lib:${LD_LIBRARY_PATH} PYTHONPATH=/home/zyf/crazyflies/group-crazyflie-1/test/sim_test/CrazySim/ros2_ws/build/crazyflie_mpc/prefix_override:/home/zyf/crazyflies/group-crazyflie-1/test/sim_test/CrazySim/ros2_ws/install/crazyflie_mpc/lib/python3.10/site-packages:/home/zyf/crazyflies/group-crazyflie-1/test/sim_test/CrazySim/ros2_ws/install/crazyflie_py/lib/python3.10/site-packages:/home/zyf/crazyflies/group-crazyflie-1/test/sim_test/CrazySim/ros2_ws/install/crazyflie_interfaces/local/lib/python3.10/dist-packages:${PYTHONPATH} /usr/bin/python3 -W ignore:setup.py install is deprecated setup.py egg_info --egg-base ../../build/crazyflie_mpc build --build-base /home/zyf/crazyflies/group-crazyflie-1/test/sim_test/CrazySim/ros2_ws/build/crazyflie_mpc/build install --record /home/zyf/crazyflies/group-crazyflie-1/test/sim_test/CrazySim/ros2_ws/build/crazyflie_mpc/install.log --single-version-externally-managed install_data
[0.668s] running egg_info
[0.668s] writing ../../build/crazyflie_mpc/crazyflie_mpc.egg-info/PKG-INFO
[0.669s] writing dependency_links to ../../build/crazyflie_mpc/crazyflie_mpc.egg-info/dependency_links.txt
[0.669s] writing entry points to ../../build/crazyflie_mpc/crazyflie_mpc.egg-info/entry_points.txt
[0.669s] writing requirements to ../../build/crazyflie_mpc/crazyflie_mpc.egg-info/requires.txt
[0.669s] writing top-level names to ../../build/crazyflie_mpc/crazyflie_mpc.egg-info/top_level.txt
[0.670s] reading manifest file '../../build/crazyflie_mpc/crazyflie_mpc.egg-info/SOURCES.txt'
[0.674s] writing manifest file '../../build/crazyflie_mpc/crazyflie_mpc.egg-info/SOURCES.txt'
[0.674s] running build
[0.674s] running build_py
[0.674s] copying crazyflie_mpc/trajectory_tracking_mpc.py -> /home/zyf/crazyflies/group-crazyflie-1/test/sim_test/CrazySim/ros2_ws/build/crazyflie_mpc/build/lib/crazyflie_mpc
[0.675s] running install
[0.675s] running install_lib
[0.675s] copying /home/zyf/crazyflies/group-crazyflie-1/test/sim_test/CrazySim/ros2_ws/build/crazyflie_mpc/build/lib/crazyflie_mpc/trajectory_tracking_mpc.py -> /home/zyf/crazyflies/group-crazyflie-1/test/sim_test/CrazySim/ros2_ws/install/crazyflie_mpc/lib/python3.10/site-packages/crazyflie_mpc
[0.676s] byte-compiling /home/zyf/crazyflies/group-crazyflie-1/test/sim_test/CrazySim/ros2_ws/install/crazyflie_mpc/lib/python3.10/site-packages/crazyflie_mpc/trajectory_tracking_mpc.py to trajectory_tracking_mpc.cpython-310.pyc
[0.677s] running install_data
[0.677s] running install_egg_info
[0.679s] removing '/home/zyf/crazyflies/group-crazyflie-1/test/sim_test/CrazySim/ros2_ws/install/crazyflie_mpc/lib/python3.10/site-packages/crazyflie_mpc-0.0.0-py3.10.egg-info' (and everything under it)
[0.680s] Copying ../../build/crazyflie_mpc/crazyflie_mpc.egg-info to /home/zyf/crazyflies/group-crazyflie-1/test/sim_test/CrazySim/ros2_ws/install/crazyflie_mpc/lib/python3.10/site-packages/crazyflie_mpc-0.0.0-py3.10.egg-info
[0.680s] running install_scripts
[0.694s] Installing crazyflie_multiagent_mpc script to /home/zyf/crazyflies/group-crazyflie-1/test/sim_test/CrazySim/ros2_ws/install/crazyflie_mpc/lib/crazyflie_mpc
[0.695s] writing list of installed files to '/home/zyf/crazyflies/group-crazyflie-1/test/sim_test/CrazySim/ros2_ws/build/crazyflie_mpc/install.log'
[0.721s] Invoked command in '/home/zyf/crazyflies/group-crazyflie-1/test/sim_test/CrazySim/ros2_ws/src/crazyflie_mpc' returned '0': AMENT_PREFIX_PATH=/home/zyf/crazyflies/group-crazyflie-1/test/sim_test/CrazySim/ros2_ws/install/crazyflie_py:/home/zyf/crazyflies/group-crazyflie-1/test/sim_test/CrazySim/ros2_ws/install/crazyflie_interfaces:${AMENT_PREFIX_PATH} CMAKE_PREFIX_PATH=/home/zyf/crazyflies/group-crazyflie-1/test/sim_test/CrazySim/ros2_ws/install/crazyflie_interfaces LD_LIBRARY_PATH=/home/zyf/crazyflies/group-crazyflie-1/test/sim_test/CrazySim/ros2_ws/install/crazyflie_interfaces/lib:${LD_LIBRARY_PATH} PYTHONPATH=/home/zyf/crazyflies/group-crazyflie-1/test/sim_test/CrazySim/ros2_ws/build/crazyflie_mpc/prefix_override:/home/zyf/crazyflies/group-crazyflie-1/test/sim_test/CrazySim/ros2_ws/install/crazyflie_mpc/lib/python3.10/site-packages:/home/zyf/crazyflies/group-crazyflie-1/test/sim_test/CrazySim/ros2_ws/install/crazyflie_py/lib/python3.10/site-packages:/home/zyf/crazyflies/group-crazyflie-1/test/sim_test/CrazySim/ros2_ws/install/crazyflie_interfaces/local/lib/python3.10/dist-packages:${PYTHONPATH} /usr/bin/python3 -W ignore:setup.py install is deprecated setup.py egg_info --egg-base ../../build/crazyflie_mpc build --build-base /home/zyf/crazyflies/group-crazyflie-1/test/sim_test/CrazySim/ros2_ws/build/crazyflie_mpc/build install --record /home/zyf/crazyflies/group-crazyflie-1/test/sim_test/CrazySim/ros2_ws/build/crazyflie_mpc/install.log --single-version-externally-managed install_data
