[0.006s] Invoking command in '/home/zyf/crazyflies/CrazySim/ros2_ws/build/motion_capture_tracking_interfaces': CMAKE_PREFIX_PATH=/opt/ros/humble /usr/bin/cmake /home/zyf/crazyflies/CrazySim/ros2_ws/src/motion_capture_tracking/motion_capture_tracking_interfaces -DAMENT_CMAKE_SYMLINK_INSTALL=1 -DCMAKE_INSTALL_PREFIX=/home/zyf/crazyflies/CrazySim/ros2_ws/install/motion_capture_tracking_interfaces
[0.042s] -- The C compiler identification is GNU 11.4.0
[0.079s] -- The CXX compiler identification is GNU 11.4.0
[0.084s] -- Detecting C compiler ABI info
[0.134s] -- Detecting C compiler ABI info - done
[0.138s] -- Check for working C compiler: /usr/bin/cc - skipped
[0.138s] -- Detecting C compile features
[0.138s] -- Detecting C compile features - done
[0.140s] -- Detecting CXX compiler ABI info
[0.196s] -- Detecting CXX compiler ABI info - done
[0.200s] -- Check for working CXX compiler: /usr/bin/c++ - skipped
[0.200s] -- Detecting CXX compile features
[0.200s] -- Detecting CXX compile features - done
[0.204s] -- Found ament_cmake: 1.3.8 (/opt/ros/humble/share/ament_cmake/cmake)
[0.302s] -- Found Python3: /usr/bin/python3 (found version "3.10.12") found components: Interpreter 
[0.344s] -- Override CMake install command with custom implementation using symlinks instead of copying resources
[0.372s] -- Found builtin_interfaces: 1.2.1 (/opt/ros/humble/share/builtin_interfaces/cmake)
[0.403s] -- Found rosidl_generator_c: 3.1.5 (/opt/ros/humble/share/rosidl_generator_c/cmake)
[0.408s] -- Found rosidl_adapter: 3.1.5 (/opt/ros/humble/share/rosidl_adapter/cmake)
[0.416s] -- Found rosidl_generator_cpp: 3.1.5 (/opt/ros/humble/share/rosidl_generator_cpp/cmake)
[0.429s] -- Using all available rosidl_typesupport_c: rosidl_typesupport_fastrtps_c;rosidl_typesupport_introspection_c
[0.444s] -- Using all available rosidl_typesupport_cpp: rosidl_typesupport_fastrtps_cpp;rosidl_typesupport_introspection_cpp
[0.458s] -- Found geometry_msgs: 4.2.3 (/opt/ros/humble/share/geometry_msgs/cmake)
[0.521s] -- Found rosidl_default_generators: 1.2.0 (/opt/ros/humble/share/rosidl_default_generators/cmake)
[0.710s] -- Found ament_cmake_cppcheck: 0.12.10 (/opt/ros/humble/share/ament_cmake_cppcheck/cmake)
[0.712s] -- Found ament_cmake_cpplint: 0.12.10 (/opt/ros/humble/share/ament_cmake_cpplint/cmake)
[0.714s] -- Found ament_cmake_uncrustify: 0.12.10 (/opt/ros/humble/share/ament_cmake_uncrustify/cmake)
[0.717s] -- Found ament_cmake_ros: 0.10.0 (/opt/ros/humble/share/ament_cmake_ros/cmake)
[0.987s] -- Using all available rosidl_typesupport_c: rosidl_typesupport_fastrtps_c;rosidl_typesupport_introspection_c
[1.091s] -- Using all available rosidl_typesupport_cpp: rosidl_typesupport_fastrtps_cpp;rosidl_typesupport_introspection_cpp
[1.106s] -- Found PythonInterp: /usr/bin/python3 (found suitable version "3.10.12", minimum required is "3.6") 
[1.108s] -- Found python_cmake_module: 0.10.0 (/opt/ros/humble/share/python_cmake_module/cmake)
[1.126s] -- Found PythonLibs: /usr/lib/x86_64-linux-gnu/libpython3.10.so (found suitable version "3.10.12", minimum required is "3.5") 
[1.126s] -- Using PYTHON_EXECUTABLE: /usr/bin/python3
[1.126s] -- Using PYTHON_INCLUDE_DIRS: /usr/include/python3.10
[1.127s] -- Using PYTHON_LIBRARIES: /usr/lib/x86_64-linux-gnu/libpython3.10.so
[1.139s] -- Found PythonExtra: .so  
[1.178s] -- Found ament_cmake_flake8: 0.12.10 (/opt/ros/humble/share/ament_cmake_flake8/cmake)
[1.180s] -- Found ament_cmake_pep257: 0.12.10 (/opt/ros/humble/share/ament_cmake_pep257/cmake)
[1.190s] -- Configuring done
[1.215s] -- Generating done
[1.217s] -- Build files have been written to: /home/zyf/crazyflies/CrazySim/ros2_ws/build/motion_capture_tracking_interfaces
[1.224s] Invoked command in '/home/zyf/crazyflies/CrazySim/ros2_ws/build/motion_capture_tracking_interfaces' returned '0': CMAKE_PREFIX_PATH=/opt/ros/humble /usr/bin/cmake /home/zyf/crazyflies/CrazySim/ros2_ws/src/motion_capture_tracking/motion_capture_tracking_interfaces -DAMENT_CMAKE_SYMLINK_INSTALL=1 -DCMAKE_INSTALL_PREFIX=/home/zyf/crazyflies/CrazySim/ros2_ws/install/motion_capture_tracking_interfaces
[1.225s] Invoking command in '/home/zyf/crazyflies/CrazySim/ros2_ws/build/motion_capture_tracking_interfaces': CMAKE_PREFIX_PATH=/opt/ros/humble /usr/bin/cmake --build /home/zyf/crazyflies/CrazySim/ros2_ws/build/motion_capture_tracking_interfaces -- -j16 -l16
[1.259s] [  2%] [34m[1mGenerating C code for ROS interfaces[0m
[1.266s] [  5%] [34m[1mGenerating C++ code for ROS interfaces[0m
[1.273s] [  5%] Built target ament_cmake_python_symlink_motion_capture_tracking_interfaces
[1.425s] running egg_info
[1.426s] creating motion_capture_tracking_interfaces.egg-info
[1.426s] writing motion_capture_tracking_interfaces.egg-info/PKG-INFO
[1.426s] writing dependency_links to motion_capture_tracking_interfaces.egg-info/dependency_links.txt
[1.426s] writing top-level names to motion_capture_tracking_interfaces.egg-info/top_level.txt
[1.426s] writing manifest file 'motion_capture_tracking_interfaces.egg-info/SOURCES.txt'
[1.428s] reading manifest file 'motion_capture_tracking_interfaces.egg-info/SOURCES.txt'
[1.429s] writing manifest file 'motion_capture_tracking_interfaces.egg-info/SOURCES.txt'
[1.446s] [  5%] Built target motion_capture_tracking_interfaces__cpp
[1.458s] [  7%] [34m[1mGenerating C++ type support for eProsima Fast-RTPS[0m
[1.458s] [ 10%] [34m[1mGenerating C++ type support dispatch for ROS interfaces[0m
[1.458s] [ 12%] [34m[1mGenerating C++ introspection for ROS interfaces[0m
[1.463s] [ 12%] Built target ament_cmake_python_build_motion_capture_tracking_interfaces_egg
[1.472s] [ 15%] [32mBuilding C object CMakeFiles/motion_capture_tracking_interfaces__rosidl_generator_c.dir/rosidl_generator_c/motion_capture_tracking_interfaces/msg/detail/named_pose_array__functions.c.o[0m
[1.473s] [ 17%] [32mBuilding C object CMakeFiles/motion_capture_tracking_interfaces__rosidl_generator_c.dir/rosidl_generator_c/motion_capture_tracking_interfaces/msg/detail/named_pose__functions.c.o[0m
[1.516s] [ 20%] [32m[1mLinking C shared library libmotion_capture_tracking_interfaces__rosidl_generator_c.so[0m
[1.549s] [ 20%] Built target motion_capture_tracking_interfaces__rosidl_generator_c
[1.559s] [ 25%] [34m[1mGenerating C introspection for ROS interfaces[0m
[1.559s] [ 25%] [34m[1mGenerating C type support dispatch for ROS interfaces[0m
[1.559s] [ 28%] [34m[1mGenerating C type support for eProsima Fast-RTPS[0m
[1.684s] [ 33%] [32mBuilding CXX object CMakeFiles/motion_capture_tracking_interfaces__rosidl_typesupport_fastrtps_cpp.dir/rosidl_typesupport_fastrtps_cpp/motion_capture_tracking_interfaces/msg/detail/dds_fastrtps/named_pose_array__type_support.cpp.o[0m
[1.685s] [ 33%] [32mBuilding CXX object CMakeFiles/motion_capture_tracking_interfaces__rosidl_typesupport_fastrtps_cpp.dir/rosidl_typesupport_fastrtps_cpp/motion_capture_tracking_interfaces/msg/detail/dds_fastrtps/named_pose__type_support.cpp.o[0m
[1.690s] [ 35%] [32mBuilding CXX object CMakeFiles/motion_capture_tracking_interfaces__rosidl_typesupport_cpp.dir/rosidl_typesupport_cpp/motion_capture_tracking_interfaces/msg/named_pose__type_support.cpp.o[0m
[1.690s] [ 38%] [32mBuilding CXX object CMakeFiles/motion_capture_tracking_interfaces__rosidl_typesupport_cpp.dir/rosidl_typesupport_cpp/motion_capture_tracking_interfaces/msg/named_pose_array__type_support.cpp.o[0m
[1.716s] [ 41%] [32mBuilding CXX object CMakeFiles/motion_capture_tracking_interfaces__rosidl_typesupport_introspection_cpp.dir/rosidl_typesupport_introspection_cpp/motion_capture_tracking_interfaces/msg/detail/named_pose__type_support.cpp.o[0m
[1.719s] [ 43%] [32mBuilding CXX object CMakeFiles/motion_capture_tracking_interfaces__rosidl_typesupport_introspection_cpp.dir/rosidl_typesupport_introspection_cpp/motion_capture_tracking_interfaces/msg/detail/named_pose_array__type_support.cpp.o[0m
[1.734s] [ 48%] [32mBuilding CXX object CMakeFiles/motion_capture_tracking_interfaces__rosidl_typesupport_c.dir/rosidl_typesupport_c/motion_capture_tracking_interfaces/msg/named_pose_array__type_support.cpp.o[0m
[1.734s] [ 48%] [32mBuilding CXX object CMakeFiles/motion_capture_tracking_interfaces__rosidl_typesupport_c.dir/rosidl_typesupport_c/motion_capture_tracking_interfaces/msg/named_pose__type_support.cpp.o[0m
[1.769s] [ 51%] [32m[1mLinking CXX shared library libmotion_capture_tracking_interfaces__rosidl_typesupport_c.so[0m
[1.820s] [ 51%] Built target motion_capture_tracking_interfaces__rosidl_typesupport_c
[1.832s] [ 53%] [32mBuilding CXX object CMakeFiles/motion_capture_tracking_interfaces__rosidl_typesupport_fastrtps_c.dir/rosidl_typesupport_fastrtps_c/motion_capture_tracking_interfaces/msg/detail/named_pose_array__type_support_c.cpp.o[0m
[1.833s] [ 56%] [32mBuilding CXX object CMakeFiles/motion_capture_tracking_interfaces__rosidl_typesupport_fastrtps_c.dir/rosidl_typesupport_fastrtps_c/motion_capture_tracking_interfaces/msg/detail/named_pose__type_support_c.cpp.o[0m
[1.843s] [ 58%] [32mBuilding C object CMakeFiles/motion_capture_tracking_interfaces__rosidl_typesupport_introspection_c.dir/rosidl_typesupport_introspection_c/motion_capture_tracking_interfaces/msg/detail/named_pose__type_support.c.o[0m
[1.851s] [ 61%] [32mBuilding C object CMakeFiles/motion_capture_tracking_interfaces__rosidl_typesupport_introspection_c.dir/rosidl_typesupport_introspection_c/motion_capture_tracking_interfaces/msg/detail/named_pose_array__type_support.c.o[0m
[1.902s] [ 64%] [32m[1mLinking C shared library libmotion_capture_tracking_interfaces__rosidl_typesupport_introspection_c.so[0m
[1.941s] [ 64%] Built target motion_capture_tracking_interfaces__rosidl_typesupport_introspection_c
[1.952s] [ 66%] [32m[1mLinking CXX shared library libmotion_capture_tracking_interfaces__rosidl_typesupport_cpp.so[0m
[1.994s] [ 66%] Built target motion_capture_tracking_interfaces__rosidl_typesupport_cpp
[2.086s] [ 69%] [32m[1mLinking CXX shared library libmotion_capture_tracking_interfaces__rosidl_typesupport_fastrtps_cpp.so[0m
[2.109s] [ 71%] [32m[1mLinking CXX shared library libmotion_capture_tracking_interfaces__rosidl_typesupport_introspection_cpp.so[0m
[2.147s] [ 74%] [32m[1mLinking CXX shared library libmotion_capture_tracking_interfaces__rosidl_typesupport_fastrtps_c.so[0m
[2.152s] [ 74%] Built target motion_capture_tracking_interfaces__rosidl_typesupport_fastrtps_cpp
[2.173s] [ 74%] Built target motion_capture_tracking_interfaces__rosidl_typesupport_introspection_cpp
[2.205s] [ 74%] Built target motion_capture_tracking_interfaces__rosidl_typesupport_fastrtps_c
[2.222s] [ 74%] Built target motion_capture_tracking_interfaces
[2.241s] [ 76%] [34m[1mGenerating Python code for ROS interfaces[0m
[2.529s] [ 76%] Built target motion_capture_tracking_interfaces__py
[2.548s] [ 82%] [32mBuilding C object CMakeFiles/motion_capture_tracking_interfaces__rosidl_generator_py.dir/rosidl_generator_py/motion_capture_tracking_interfaces/msg/_named_pose_s.c.o[0m
[2.548s] [ 82%] [32mBuilding C object CMakeFiles/motion_capture_tracking_interfaces__rosidl_generator_py.dir/rosidl_generator_py/motion_capture_tracking_interfaces/msg/_named_pose_array_s.c.o[0m
[2.695s] [ 84%] [32m[1mLinking C shared library rosidl_generator_py/motion_capture_tracking_interfaces/libmotion_capture_tracking_interfaces__rosidl_generator_py.so[0m
[2.734s] [ 84%] Built target motion_capture_tracking_interfaces__rosidl_generator_py
[2.752s] [ 92%] [32mBuilding C object CMakeFiles/motion_capture_tracking_interfaces__rosidl_typesupport_c__pyext.dir/rosidl_generator_py/motion_capture_tracking_interfaces/_motion_capture_tracking_interfaces_s.ep.rosidl_typesupport_c.c.o[0m
[2.752s] [ 92%] [32mBuilding C object CMakeFiles/motion_capture_tracking_interfaces__rosidl_typesupport_introspection_c__pyext.dir/rosidl_generator_py/motion_capture_tracking_interfaces/_motion_capture_tracking_interfaces_s.ep.rosidl_typesupport_introspection_c.c.o[0m
[2.752s] [ 92%] [32mBuilding C object CMakeFiles/motion_capture_tracking_interfaces__rosidl_typesupport_fastrtps_c__pyext.dir/rosidl_generator_py/motion_capture_tracking_interfaces/_motion_capture_tracking_interfaces_s.ep.rosidl_typesupport_fastrtps_c.c.o[0m
[2.838s] [ 94%] [32m[1mLinking C shared library rosidl_generator_py/motion_capture_tracking_interfaces/motion_capture_tracking_interfaces_s__rosidl_typesupport_c.cpython-310-x86_64-linux-gnu.so[0m
[2.840s] [ 97%] [32m[1mLinking C shared library rosidl_generator_py/motion_capture_tracking_interfaces/motion_capture_tracking_interfaces_s__rosidl_typesupport_fastrtps_c.cpython-310-x86_64-linux-gnu.so[0m
[2.863s] [100%] [32m[1mLinking C shared library rosidl_generator_py/motion_capture_tracking_interfaces/motion_capture_tracking_interfaces_s__rosidl_typesupport_introspection_c.cpython-310-x86_64-linux-gnu.so[0m
[2.873s] [100%] Built target motion_capture_tracking_interfaces__rosidl_typesupport_c__pyext
[2.875s] [100%] Built target motion_capture_tracking_interfaces__rosidl_typesupport_fastrtps_c__pyext
[2.901s] [100%] Built target motion_capture_tracking_interfaces__rosidl_typesupport_introspection_c__pyext
[2.912s] Invoked command in '/home/zyf/crazyflies/CrazySim/ros2_ws/build/motion_capture_tracking_interfaces' returned '0': CMAKE_PREFIX_PATH=/opt/ros/humble /usr/bin/cmake --build /home/zyf/crazyflies/CrazySim/ros2_ws/build/motion_capture_tracking_interfaces -- -j16 -l16
[2.986s] Invoking command in '/home/zyf/crazyflies/CrazySim/ros2_ws/build/motion_capture_tracking_interfaces': CMAKE_PREFIX_PATH=/opt/ros/humble /usr/bin/cmake --install /home/zyf/crazyflies/CrazySim/ros2_ws/build/motion_capture_tracking_interfaces
[2.992s] -- Install configuration: ""
[2.993s] -- Execute custom install script
[2.993s] -- Symlinking: /home/zyf/crazyflies/CrazySim/ros2_ws/install/motion_capture_tracking_interfaces/share/ament_index/resource_index/rosidl_interfaces/motion_capture_tracking_interfaces
[3.001s] -- Symlinking: /home/zyf/crazyflies/CrazySim/ros2_ws/install/motion_capture_tracking_interfaces/include/motion_capture_tracking_interfaces/motion_capture_tracking_interfaces/msg/detail/named_pose__functions.h
[3.010s] -- Symlinking: /home/zyf/crazyflies/CrazySim/ros2_ws/install/motion_capture_tracking_interfaces/include/motion_capture_tracking_interfaces/motion_capture_tracking_interfaces/msg/detail/named_pose__struct.h
[3.018s] -- Symlinking: /home/zyf/crazyflies/CrazySim/ros2_ws/install/motion_capture_tracking_interfaces/include/motion_capture_tracking_interfaces/motion_capture_tracking_interfaces/msg/detail/named_pose__type_support.h
[3.026s] -- Symlinking: /home/zyf/crazyflies/CrazySim/ros2_ws/install/motion_capture_tracking_interfaces/include/motion_capture_tracking_interfaces/motion_capture_tracking_interfaces/msg/detail/named_pose_array__functions.h
[3.035s] -- Symlinking: /home/zyf/crazyflies/CrazySim/ros2_ws/install/motion_capture_tracking_interfaces/include/motion_capture_tracking_interfaces/motion_capture_tracking_interfaces/msg/detail/named_pose_array__struct.h
[3.042s] -- Symlinking: /home/zyf/crazyflies/CrazySim/ros2_ws/install/motion_capture_tracking_interfaces/include/motion_capture_tracking_interfaces/motion_capture_tracking_interfaces/msg/detail/named_pose_array__type_support.h
[3.050s] -- Symlinking: /home/zyf/crazyflies/CrazySim/ros2_ws/install/motion_capture_tracking_interfaces/include/motion_capture_tracking_interfaces/motion_capture_tracking_interfaces/msg/named_pose.h
[3.058s] -- Symlinking: /home/zyf/crazyflies/CrazySim/ros2_ws/install/motion_capture_tracking_interfaces/include/motion_capture_tracking_interfaces/motion_capture_tracking_interfaces/msg/named_pose_array.h
[3.066s] -- Symlinking: /home/zyf/crazyflies/CrazySim/ros2_ws/install/motion_capture_tracking_interfaces/include/motion_capture_tracking_interfaces/motion_capture_tracking_interfaces/msg/rosidl_generator_c__visibility_control.h
[3.075s] -- Symlinking: /home/zyf/crazyflies/CrazySim/ros2_ws/install/motion_capture_tracking_interfaces/share/motion_capture_tracking_interfaces/environment/library_path.sh
[3.083s] -- Symlinking: /home/zyf/crazyflies/CrazySim/ros2_ws/install/motion_capture_tracking_interfaces/share/motion_capture_tracking_interfaces/environment/library_path.dsv
[3.091s] -- Symlinking: /home/zyf/crazyflies/CrazySim/ros2_ws/install/motion_capture_tracking_interfaces/include/motion_capture_tracking_interfaces/motion_capture_tracking_interfaces/msg/detail/named_pose__rosidl_typesupport_fastrtps_c.h
[3.099s] -- Symlinking: /home/zyf/crazyflies/CrazySim/ros2_ws/install/motion_capture_tracking_interfaces/include/motion_capture_tracking_interfaces/motion_capture_tracking_interfaces/msg/detail/named_pose_array__rosidl_typesupport_fastrtps_c.h
[3.107s] -- Symlinking: /home/zyf/crazyflies/CrazySim/ros2_ws/install/motion_capture_tracking_interfaces/include/motion_capture_tracking_interfaces/motion_capture_tracking_interfaces/msg/rosidl_typesupport_fastrtps_c__visibility_control.h
[3.116s] -- Symlinking: /home/zyf/crazyflies/CrazySim/ros2_ws/install/motion_capture_tracking_interfaces/include/motion_capture_tracking_interfaces/motion_capture_tracking_interfaces/msg/detail/named_pose__builder.hpp
[3.125s] -- Symlinking: /home/zyf/crazyflies/CrazySim/ros2_ws/install/motion_capture_tracking_interfaces/include/motion_capture_tracking_interfaces/motion_capture_tracking_interfaces/msg/detail/named_pose__struct.hpp
[3.134s] -- Symlinking: /home/zyf/crazyflies/CrazySim/ros2_ws/install/motion_capture_tracking_interfaces/include/motion_capture_tracking_interfaces/motion_capture_tracking_interfaces/msg/detail/named_pose__traits.hpp
[3.141s] -- Symlinking: /home/zyf/crazyflies/CrazySim/ros2_ws/install/motion_capture_tracking_interfaces/include/motion_capture_tracking_interfaces/motion_capture_tracking_interfaces/msg/detail/named_pose_array__builder.hpp
[3.148s] -- Symlinking: /home/zyf/crazyflies/CrazySim/ros2_ws/install/motion_capture_tracking_interfaces/include/motion_capture_tracking_interfaces/motion_capture_tracking_interfaces/msg/detail/named_pose_array__struct.hpp
[3.155s] -- Symlinking: /home/zyf/crazyflies/CrazySim/ros2_ws/install/motion_capture_tracking_interfaces/include/motion_capture_tracking_interfaces/motion_capture_tracking_interfaces/msg/detail/named_pose_array__traits.hpp
[3.166s] -- Symlinking: /home/zyf/crazyflies/CrazySim/ros2_ws/install/motion_capture_tracking_interfaces/include/motion_capture_tracking_interfaces/motion_capture_tracking_interfaces/msg/named_pose.hpp
[3.176s] -- Symlinking: /home/zyf/crazyflies/CrazySim/ros2_ws/install/motion_capture_tracking_interfaces/include/motion_capture_tracking_interfaces/motion_capture_tracking_interfaces/msg/named_pose_array.hpp
[3.201s] -- Symlinking: /home/zyf/crazyflies/CrazySim/ros2_ws/install/motion_capture_tracking_interfaces/include/motion_capture_tracking_interfaces/motion_capture_tracking_interfaces/msg/detail/named_pose__rosidl_typesupport_fastrtps_cpp.hpp
[3.221s] -- Symlinking: /home/zyf/crazyflies/CrazySim/ros2_ws/install/motion_capture_tracking_interfaces/include/motion_capture_tracking_interfaces/motion_capture_tracking_interfaces/msg/detail/named_pose_array__rosidl_typesupport_fastrtps_cpp.hpp
[3.266s] -- Symlinking: /home/zyf/crazyflies/CrazySim/ros2_ws/install/motion_capture_tracking_interfaces/include/motion_capture_tracking_interfaces/motion_capture_tracking_interfaces/msg/rosidl_typesupport_fastrtps_cpp__visibility_control.h
[3.303s] -- Symlinking: /home/zyf/crazyflies/CrazySim/ros2_ws/install/motion_capture_tracking_interfaces/include/motion_capture_tracking_interfaces/motion_capture_tracking_interfaces/msg/detail/named_pose__rosidl_typesupport_introspection_c.h
[3.329s] -- Symlinking: /home/zyf/crazyflies/CrazySim/ros2_ws/install/motion_capture_tracking_interfaces/include/motion_capture_tracking_interfaces/motion_capture_tracking_interfaces/msg/detail/named_pose_array__rosidl_typesupport_introspection_c.h
[3.348s] -- Symlinking: /home/zyf/crazyflies/CrazySim/ros2_ws/install/motion_capture_tracking_interfaces/include/motion_capture_tracking_interfaces/motion_capture_tracking_interfaces/msg/rosidl_typesupport_introspection_c__visibility_control.h
[3.384s] -- Symlinking: /home/zyf/crazyflies/CrazySim/ros2_ws/install/motion_capture_tracking_interfaces/include/motion_capture_tracking_interfaces/motion_capture_tracking_interfaces/msg/detail/named_pose__rosidl_typesupport_introspection_cpp.hpp
[3.408s] -- Symlinking: /home/zyf/crazyflies/CrazySim/ros2_ws/install/motion_capture_tracking_interfaces/include/motion_capture_tracking_interfaces/motion_capture_tracking_interfaces/msg/detail/named_pose_array__rosidl_typesupport_introspection_cpp.hpp
[3.444s] -- Symlinking: /home/zyf/crazyflies/CrazySim/ros2_ws/install/motion_capture_tracking_interfaces/share/motion_capture_tracking_interfaces/environment/pythonpath.sh
[3.456s] -- Symlinking: /home/zyf/crazyflies/CrazySim/ros2_ws/install/motion_capture_tracking_interfaces/share/motion_capture_tracking_interfaces/environment/pythonpath.dsv
[3.481s] -- Symlinking: /home/zyf/crazyflies/CrazySim/ros2_ws/install/motion_capture_tracking_interfaces/local/lib/python3.10/dist-packages/motion_capture_tracking_interfaces-1.0.5-py3.10.egg-info/PKG-INFO
[3.505s] -- Symlinking: /home/zyf/crazyflies/CrazySim/ros2_ws/install/motion_capture_tracking_interfaces/local/lib/python3.10/dist-packages/motion_capture_tracking_interfaces-1.0.5-py3.10.egg-info/SOURCES.txt
[3.516s] -- Symlinking: /home/zyf/crazyflies/CrazySim/ros2_ws/install/motion_capture_tracking_interfaces/local/lib/python3.10/dist-packages/motion_capture_tracking_interfaces-1.0.5-py3.10.egg-info/dependency_links.txt
[3.531s] -- Symlinking: /home/zyf/crazyflies/CrazySim/ros2_ws/install/motion_capture_tracking_interfaces/local/lib/python3.10/dist-packages/motion_capture_tracking_interfaces-1.0.5-py3.10.egg-info/top_level.txt
[3.550s] -- Symlinking: /home/zyf/crazyflies/CrazySim/ros2_ws/install/motion_capture_tracking_interfaces/local/lib/python3.10/dist-packages/motion_capture_tracking_interfaces/__init__.py
[3.567s] -- Symlinking: /home/zyf/crazyflies/CrazySim/ros2_ws/install/motion_capture_tracking_interfaces/local/lib/python3.10/dist-packages/motion_capture_tracking_interfaces/_motion_capture_tracking_interfaces_s.ep.rosidl_typesupport_c.c
[3.590s] -- Symlinking: /home/zyf/crazyflies/CrazySim/ros2_ws/install/motion_capture_tracking_interfaces/local/lib/python3.10/dist-packages/motion_capture_tracking_interfaces/_motion_capture_tracking_interfaces_s.ep.rosidl_typesupport_fastrtps_c.c
[3.609s] -- Symlinking: /home/zyf/crazyflies/CrazySim/ros2_ws/install/motion_capture_tracking_interfaces/local/lib/python3.10/dist-packages/motion_capture_tracking_interfaces/_motion_capture_tracking_interfaces_s.ep.rosidl_typesupport_introspection_c.c
[3.630s] -- Symlinking: /home/zyf/crazyflies/CrazySim/ros2_ws/install/motion_capture_tracking_interfaces/local/lib/python3.10/dist-packages/motion_capture_tracking_interfaces/libmotion_capture_tracking_interfaces__rosidl_generator_py.so
[3.648s] -- Symlinking: /home/zyf/crazyflies/CrazySim/ros2_ws/install/motion_capture_tracking_interfaces/local/lib/python3.10/dist-packages/motion_capture_tracking_interfaces/motion_capture_tracking_interfaces_s__rosidl_typesupport_c.cpython-310-x86_64-linux-gnu.so
[3.668s] -- Symlinking: /home/zyf/crazyflies/CrazySim/ros2_ws/install/motion_capture_tracking_interfaces/local/lib/python3.10/dist-packages/motion_capture_tracking_interfaces/motion_capture_tracking_interfaces_s__rosidl_typesupport_fastrtps_c.cpython-310-x86_64-linux-gnu.so
[3.688s] -- Symlinking: /home/zyf/crazyflies/CrazySim/ros2_ws/install/motion_capture_tracking_interfaces/local/lib/python3.10/dist-packages/motion_capture_tracking_interfaces/motion_capture_tracking_interfaces_s__rosidl_typesupport_introspection_c.cpython-310-x86_64-linux-gnu.so
[3.710s] -- Symlinking: /home/zyf/crazyflies/CrazySim/ros2_ws/install/motion_capture_tracking_interfaces/local/lib/python3.10/dist-packages/motion_capture_tracking_interfaces/msg/__init__.py
[3.735s] -- Symlinking: /home/zyf/crazyflies/CrazySim/ros2_ws/install/motion_capture_tracking_interfaces/local/lib/python3.10/dist-packages/motion_capture_tracking_interfaces/msg/_named_pose.py
[3.747s] -- Symlinking: /home/zyf/crazyflies/CrazySim/ros2_ws/install/motion_capture_tracking_interfaces/local/lib/python3.10/dist-packages/motion_capture_tracking_interfaces/msg/_named_pose_array.py
[3.757s] -- Symlinking: /home/zyf/crazyflies/CrazySim/ros2_ws/install/motion_capture_tracking_interfaces/local/lib/python3.10/dist-packages/motion_capture_tracking_interfaces/msg/_named_pose_array_s.c
[3.768s] -- Symlinking: /home/zyf/crazyflies/CrazySim/ros2_ws/install/motion_capture_tracking_interfaces/local/lib/python3.10/dist-packages/motion_capture_tracking_interfaces/msg/_named_pose_s.c
[3.779s] -- Up-to-date symlink: /home/zyf/crazyflies/CrazySim/ros2_ws/install/motion_capture_tracking_interfaces/local/lib/python3.10/dist-packages/motion_capture_tracking_interfaces/motion_capture_tracking_interfaces_s__rosidl_typesupport_fastrtps_c.cpython-310-x86_64-linux-gnu.so
[3.779s] -- Up-to-date symlink: /home/zyf/crazyflies/CrazySim/ros2_ws/install/motion_capture_tracking_interfaces/local/lib/python3.10/dist-packages/motion_capture_tracking_interfaces/motion_capture_tracking_interfaces_s__rosidl_typesupport_introspection_c.cpython-310-x86_64-linux-gnu.so
[3.779s] -- Up-to-date symlink: /home/zyf/crazyflies/CrazySim/ros2_ws/install/motion_capture_tracking_interfaces/local/lib/python3.10/dist-packages/motion_capture_tracking_interfaces/motion_capture_tracking_interfaces_s__rosidl_typesupport_c.cpython-310-x86_64-linux-gnu.so
[3.779s] -- Symlinking: /home/zyf/crazyflies/CrazySim/ros2_ws/install/motion_capture_tracking_interfaces/share/motion_capture_tracking_interfaces/msg/NamedPose.idl
[3.802s] -- Symlinking: /home/zyf/crazyflies/CrazySim/ros2_ws/install/motion_capture_tracking_interfaces/share/motion_capture_tracking_interfaces/msg/NamedPoseArray.idl
[3.819s] -- Symlinking: /home/zyf/crazyflies/CrazySim/ros2_ws/install/motion_capture_tracking_interfaces/share/motion_capture_tracking_interfaces/msg/NamedPose.msg
[3.838s] -- Symlinking: /home/zyf/crazyflies/CrazySim/ros2_ws/install/motion_capture_tracking_interfaces/share/motion_capture_tracking_interfaces/msg/NamedPoseArray.msg
[3.856s] -- Symlinking: /home/zyf/crazyflies/CrazySim/ros2_ws/install/motion_capture_tracking_interfaces/share/ament_index/resource_index/package_run_dependencies/motion_capture_tracking_interfaces
[3.871s] -- Symlinking: /home/zyf/crazyflies/CrazySim/ros2_ws/install/motion_capture_tracking_interfaces/share/ament_index/resource_index/parent_prefix_path/motion_capture_tracking_interfaces
[3.882s] -- Symlinking: /home/zyf/crazyflies/CrazySim/ros2_ws/install/motion_capture_tracking_interfaces/share/motion_capture_tracking_interfaces/environment/ament_prefix_path.sh
[3.903s] -- Symlinking: /home/zyf/crazyflies/CrazySim/ros2_ws/install/motion_capture_tracking_interfaces/share/motion_capture_tracking_interfaces/environment/ament_prefix_path.dsv
[3.920s] -- Symlinking: /home/zyf/crazyflies/CrazySim/ros2_ws/install/motion_capture_tracking_interfaces/share/motion_capture_tracking_interfaces/environment/path.sh
[3.931s] -- Symlinking: /home/zyf/crazyflies/CrazySim/ros2_ws/install/motion_capture_tracking_interfaces/share/motion_capture_tracking_interfaces/environment/path.dsv
[3.946s] -- Symlinking: /home/zyf/crazyflies/CrazySim/ros2_ws/install/motion_capture_tracking_interfaces/share/motion_capture_tracking_interfaces/local_setup.bash
[3.957s] -- Symlinking: /home/zyf/crazyflies/CrazySim/ros2_ws/install/motion_capture_tracking_interfaces/share/motion_capture_tracking_interfaces/local_setup.sh
[3.985s] -- Symlinking: /home/zyf/crazyflies/CrazySim/ros2_ws/install/motion_capture_tracking_interfaces/share/motion_capture_tracking_interfaces/local_setup.zsh
[3.995s] -- Symlinking: /home/zyf/crazyflies/CrazySim/ros2_ws/install/motion_capture_tracking_interfaces/share/motion_capture_tracking_interfaces/local_setup.dsv
[4.005s] -- Symlinking: /home/zyf/crazyflies/CrazySim/ros2_ws/install/motion_capture_tracking_interfaces/share/motion_capture_tracking_interfaces/package.dsv
[4.015s] -- Symlinking: /home/zyf/crazyflies/CrazySim/ros2_ws/install/motion_capture_tracking_interfaces/share/ament_index/resource_index/packages/motion_capture_tracking_interfaces
[4.025s] -- Symlinking: /home/zyf/crazyflies/CrazySim/ros2_ws/install/motion_capture_tracking_interfaces/share/motion_capture_tracking_interfaces/cmake/rosidl_cmake-extras.cmake
[4.038s] -- Symlinking: /home/zyf/crazyflies/CrazySim/ros2_ws/install/motion_capture_tracking_interfaces/share/motion_capture_tracking_interfaces/cmake/ament_cmake_export_dependencies-extras.cmake
[4.063s] -- Symlinking: /home/zyf/crazyflies/CrazySim/ros2_ws/install/motion_capture_tracking_interfaces/share/motion_capture_tracking_interfaces/cmake/ament_cmake_export_include_directories-extras.cmake
[4.102s] -- Symlinking: /home/zyf/crazyflies/CrazySim/ros2_ws/install/motion_capture_tracking_interfaces/share/motion_capture_tracking_interfaces/cmake/ament_cmake_export_libraries-extras.cmake
[4.137s] -- Symlinking: /home/zyf/crazyflies/CrazySim/ros2_ws/install/motion_capture_tracking_interfaces/share/motion_capture_tracking_interfaces/cmake/ament_cmake_export_targets-extras.cmake
[4.154s] -- Symlinking: /home/zyf/crazyflies/CrazySim/ros2_ws/install/motion_capture_tracking_interfaces/share/motion_capture_tracking_interfaces/cmake/rosidl_cmake_export_typesupport_targets-extras.cmake
[4.189s] -- Symlinking: /home/zyf/crazyflies/CrazySim/ros2_ws/install/motion_capture_tracking_interfaces/share/motion_capture_tracking_interfaces/cmake/rosidl_cmake_export_typesupport_libraries-extras.cmake
[4.213s] -- Symlinking: /home/zyf/crazyflies/CrazySim/ros2_ws/install/motion_capture_tracking_interfaces/share/motion_capture_tracking_interfaces/cmake/motion_capture_tracking_interfacesConfig.cmake
[4.236s] -- Symlinking: /home/zyf/crazyflies/CrazySim/ros2_ws/install/motion_capture_tracking_interfaces/share/motion_capture_tracking_interfaces/cmake/motion_capture_tracking_interfacesConfig-version.cmake
[4.253s] -- Symlinking: /home/zyf/crazyflies/CrazySim/ros2_ws/install/motion_capture_tracking_interfaces/share/motion_capture_tracking_interfaces/package.xml
[4.267s] -- Installing: /home/zyf/crazyflies/CrazySim/ros2_ws/install/motion_capture_tracking_interfaces/lib/libmotion_capture_tracking_interfaces__rosidl_generator_c.so
[4.268s] -- Set runtime path of "/home/zyf/crazyflies/CrazySim/ros2_ws/install/motion_capture_tracking_interfaces/lib/libmotion_capture_tracking_interfaces__rosidl_generator_c.so" to ""
[4.268s] -- Installing: /home/zyf/crazyflies/CrazySim/ros2_ws/install/motion_capture_tracking_interfaces/lib/libmotion_capture_tracking_interfaces__rosidl_typesupport_fastrtps_c.so
[4.268s] -- Set runtime path of "/home/zyf/crazyflies/CrazySim/ros2_ws/install/motion_capture_tracking_interfaces/lib/libmotion_capture_tracking_interfaces__rosidl_typesupport_fastrtps_c.so" to ""
[4.269s] -- Installing: /home/zyf/crazyflies/CrazySim/ros2_ws/install/motion_capture_tracking_interfaces/lib/libmotion_capture_tracking_interfaces__rosidl_typesupport_fastrtps_cpp.so
[4.269s] -- Set runtime path of "/home/zyf/crazyflies/CrazySim/ros2_ws/install/motion_capture_tracking_interfaces/lib/libmotion_capture_tracking_interfaces__rosidl_typesupport_fastrtps_cpp.so" to ""
[4.269s] -- Installing: /home/zyf/crazyflies/CrazySim/ros2_ws/install/motion_capture_tracking_interfaces/lib/libmotion_capture_tracking_interfaces__rosidl_typesupport_introspection_c.so
[4.270s] -- Set runtime path of "/home/zyf/crazyflies/CrazySim/ros2_ws/install/motion_capture_tracking_interfaces/lib/libmotion_capture_tracking_interfaces__rosidl_typesupport_introspection_c.so" to ""
[4.270s] -- Installing: /home/zyf/crazyflies/CrazySim/ros2_ws/install/motion_capture_tracking_interfaces/lib/libmotion_capture_tracking_interfaces__rosidl_typesupport_c.so
[4.270s] -- Set runtime path of "/home/zyf/crazyflies/CrazySim/ros2_ws/install/motion_capture_tracking_interfaces/lib/libmotion_capture_tracking_interfaces__rosidl_typesupport_c.so" to ""
[4.270s] -- Installing: /home/zyf/crazyflies/CrazySim/ros2_ws/install/motion_capture_tracking_interfaces/lib/libmotion_capture_tracking_interfaces__rosidl_typesupport_introspection_cpp.so
[4.271s] -- Set runtime path of "/home/zyf/crazyflies/CrazySim/ros2_ws/install/motion_capture_tracking_interfaces/lib/libmotion_capture_tracking_interfaces__rosidl_typesupport_introspection_cpp.so" to ""
[4.271s] -- Installing: /home/zyf/crazyflies/CrazySim/ros2_ws/install/motion_capture_tracking_interfaces/lib/libmotion_capture_tracking_interfaces__rosidl_typesupport_cpp.so
[4.271s] -- Set runtime path of "/home/zyf/crazyflies/CrazySim/ros2_ws/install/motion_capture_tracking_interfaces/lib/libmotion_capture_tracking_interfaces__rosidl_typesupport_cpp.so" to ""
[4.334s] Listing '/home/zyf/crazyflies/CrazySim/ros2_ws/install/motion_capture_tracking_interfaces/local/lib/python3.10/dist-packages/motion_capture_tracking_interfaces'...
[4.334s] Compiling '/home/zyf/crazyflies/CrazySim/ros2_ws/install/motion_capture_tracking_interfaces/local/lib/python3.10/dist-packages/motion_capture_tracking_interfaces/__init__.py'...
[4.334s] Listing '/home/zyf/crazyflies/CrazySim/ros2_ws/install/motion_capture_tracking_interfaces/local/lib/python3.10/dist-packages/motion_capture_tracking_interfaces/msg'...
[4.334s] Compiling '/home/zyf/crazyflies/CrazySim/ros2_ws/install/motion_capture_tracking_interfaces/local/lib/python3.10/dist-packages/motion_capture_tracking_interfaces/msg/__init__.py'...
[4.334s] Compiling '/home/zyf/crazyflies/CrazySim/ros2_ws/install/motion_capture_tracking_interfaces/local/lib/python3.10/dist-packages/motion_capture_tracking_interfaces/msg/_named_pose.py'...
[4.334s] Compiling '/home/zyf/crazyflies/CrazySim/ros2_ws/install/motion_capture_tracking_interfaces/local/lib/python3.10/dist-packages/motion_capture_tracking_interfaces/msg/_named_pose_array.py'...
[4.340s] -- Installing: /home/zyf/crazyflies/CrazySim/ros2_ws/install/motion_capture_tracking_interfaces/lib/libmotion_capture_tracking_interfaces__rosidl_generator_py.so
[4.340s] -- Set runtime path of "/home/zyf/crazyflies/CrazySim/ros2_ws/install/motion_capture_tracking_interfaces/lib/libmotion_capture_tracking_interfaces__rosidl_generator_py.so" to ""
[4.340s] -- Installing: /home/zyf/crazyflies/CrazySim/ros2_ws/install/motion_capture_tracking_interfaces/share/motion_capture_tracking_interfaces/cmake/export_motion_capture_tracking_interfaces__rosidl_generator_cExport.cmake
[4.340s] -- Installing: /home/zyf/crazyflies/CrazySim/ros2_ws/install/motion_capture_tracking_interfaces/share/motion_capture_tracking_interfaces/cmake/export_motion_capture_tracking_interfaces__rosidl_generator_cExport-noconfig.cmake
[4.341s] -- Installing: /home/zyf/crazyflies/CrazySim/ros2_ws/install/motion_capture_tracking_interfaces/share/motion_capture_tracking_interfaces/cmake/export_motion_capture_tracking_interfaces__rosidl_typesupport_fastrtps_cExport.cmake
[4.344s] -- Installing: /home/zyf/crazyflies/CrazySim/ros2_ws/install/motion_capture_tracking_interfaces/share/motion_capture_tracking_interfaces/cmake/export_motion_capture_tracking_interfaces__rosidl_typesupport_fastrtps_cExport-noconfig.cmake
[4.346s] -- Installing: /home/zyf/crazyflies/CrazySim/ros2_ws/install/motion_capture_tracking_interfaces/share/motion_capture_tracking_interfaces/cmake/export_motion_capture_tracking_interfaces__rosidl_generator_cppExport.cmake
[4.346s] -- Installing: /home/zyf/crazyflies/CrazySim/ros2_ws/install/motion_capture_tracking_interfaces/share/motion_capture_tracking_interfaces/cmake/export_motion_capture_tracking_interfaces__rosidl_typesupport_fastrtps_cppExport.cmake
[4.346s] -- Installing: /home/zyf/crazyflies/CrazySim/ros2_ws/install/motion_capture_tracking_interfaces/share/motion_capture_tracking_interfaces/cmake/export_motion_capture_tracking_interfaces__rosidl_typesupport_fastrtps_cppExport-noconfig.cmake
[4.347s] -- Installing: /home/zyf/crazyflies/CrazySim/ros2_ws/install/motion_capture_tracking_interfaces/share/motion_capture_tracking_interfaces/cmake/motion_capture_tracking_interfaces__rosidl_typesupport_introspection_cExport.cmake
[4.347s] -- Installing: /home/zyf/crazyflies/CrazySim/ros2_ws/install/motion_capture_tracking_interfaces/share/motion_capture_tracking_interfaces/cmake/motion_capture_tracking_interfaces__rosidl_typesupport_introspection_cExport-noconfig.cmake
[4.347s] -- Installing: /home/zyf/crazyflies/CrazySim/ros2_ws/install/motion_capture_tracking_interfaces/share/motion_capture_tracking_interfaces/cmake/motion_capture_tracking_interfaces__rosidl_typesupport_cExport.cmake
[4.347s] -- Installing: /home/zyf/crazyflies/CrazySim/ros2_ws/install/motion_capture_tracking_interfaces/share/motion_capture_tracking_interfaces/cmake/motion_capture_tracking_interfaces__rosidl_typesupport_cExport-noconfig.cmake
[4.347s] -- Installing: /home/zyf/crazyflies/CrazySim/ros2_ws/install/motion_capture_tracking_interfaces/share/motion_capture_tracking_interfaces/cmake/motion_capture_tracking_interfaces__rosidl_typesupport_introspection_cppExport.cmake
[4.347s] -- Installing: /home/zyf/crazyflies/CrazySim/ros2_ws/install/motion_capture_tracking_interfaces/share/motion_capture_tracking_interfaces/cmake/motion_capture_tracking_interfaces__rosidl_typesupport_introspection_cppExport-noconfig.cmake
[4.347s] -- Installing: /home/zyf/crazyflies/CrazySim/ros2_ws/install/motion_capture_tracking_interfaces/share/motion_capture_tracking_interfaces/cmake/motion_capture_tracking_interfaces__rosidl_typesupport_cppExport.cmake
[4.347s] -- Installing: /home/zyf/crazyflies/CrazySim/ros2_ws/install/motion_capture_tracking_interfaces/share/motion_capture_tracking_interfaces/cmake/motion_capture_tracking_interfaces__rosidl_typesupport_cppExport-noconfig.cmake
[4.347s] -- Installing: /home/zyf/crazyflies/CrazySim/ros2_ws/install/motion_capture_tracking_interfaces/share/motion_capture_tracking_interfaces/cmake/export_motion_capture_tracking_interfaces__rosidl_generator_pyExport.cmake
[4.347s] -- Installing: /home/zyf/crazyflies/CrazySim/ros2_ws/install/motion_capture_tracking_interfaces/share/motion_capture_tracking_interfaces/cmake/export_motion_capture_tracking_interfaces__rosidl_generator_pyExport-noconfig.cmake
[4.351s] Invoked command in '/home/zyf/crazyflies/CrazySim/ros2_ws/build/motion_capture_tracking_interfaces' returned '0': CMAKE_PREFIX_PATH=/opt/ros/humble /usr/bin/cmake --install /home/zyf/crazyflies/CrazySim/ros2_ws/build/motion_capture_tracking_interfaces
