[0.007s] Invoking command in '/home/zyf/crazyflies/group-crazyflie-1/test/sim_test/CrazySim/ros2_ws/build/motion_capture_tracking': AMENT_PREFIX_PATH=/home/zyf/crazyflies/CrazySim/ros2_ws/install/motion_capture_tracking_interfaces:${AMENT_PREFIX_PATH} CMAKE_PREFIX_PATH=/home/zyf/crazyflies/group-crazyflie-1/test/sim_test/CrazySim/ros2_ws/install/motion_capture_tracking_interfaces:/opt/ros/humble LD_LIBRARY_PATH=/home/zyf/crazyflies/CrazySim/ros2_ws/install/motion_capture_tracking_interfaces/lib:/home/zyf/crazyflies/group-crazyflie-1/test/sim_test/CrazySim/ros2_ws/install/motion_capture_tracking_interfaces/lib:${LD_LIBRARY_PATH} PYTHONPATH=/home/zyf/crazyflies/CrazySim/ros2_ws/install/motion_capture_tracking_interfaces/local/lib/python3.10/dist-packages:${PYTHONPATH} /usr/bin/cmake --build /home/zyf/crazyflies/group-crazyflie-1/test/sim_test/CrazySim/ros2_ws/build/motion_capture_tracking -- -j16 -l16
[0.014s] [0mCMake Error: The current CMakeCache.txt directory /home/zyf/crazyflies/group-crazyflie-1/test/sim_test/CrazySim/ros2_ws/build/motion_capture_tracking/CMakeCache.txt is different than the directory /home/zyf/crazyflies/CrazySim/ros2_ws/build/motion_capture_tracking where CMakeCache.txt was created. This may result in binaries being created in the wrong place. If you are not sure, reedit the CMakeCache.txt[0m
[0.053s] [35m[1mConsolidate compiler generated dependencies of target quat[0m
[0.054s] [35m[1mConsolidate compiler generated dependencies of target qualisys_cpp_sdk[0m
[0.054s] [35m[1mConsolidate compiler generated dependencies of target librigidbodytracker[0m
[0.060s] [35m[1mConsolidate compiler generated dependencies of target ViconDataStreamSDK_CPP[0m
[0.063s] [  7%] Built target quat
[0.066s] [ 15%] Built target qualisys_cpp_sdk
[0.074s] [35m[1mConsolidate compiler generated dependencies of target vrpn[0m
[0.076s] [ 19%] Built target librigidbodytracker
[0.095s] [ 65%] Built target vrpn
[0.107s] [ 82%] Built target ViconDataStreamSDK_CPP
[0.119s] [35m[1mConsolidate compiler generated dependencies of target libmotioncapture[0m
[0.148s] [ 96%] Built target libmotioncapture
[0.157s] [35m[1mConsolidate compiler generated dependencies of target motion_capture_tracking_node[0m
[0.179s] [100%] Built target motion_capture_tracking_node
[0.196s] Invoked command in '/home/zyf/crazyflies/group-crazyflie-1/test/sim_test/CrazySim/ros2_ws/build/motion_capture_tracking' returned '0': AMENT_PREFIX_PATH=/home/zyf/crazyflies/CrazySim/ros2_ws/install/motion_capture_tracking_interfaces:${AMENT_PREFIX_PATH} CMAKE_PREFIX_PATH=/home/zyf/crazyflies/group-crazyflie-1/test/sim_test/CrazySim/ros2_ws/install/motion_capture_tracking_interfaces:/opt/ros/humble LD_LIBRARY_PATH=/home/zyf/crazyflies/CrazySim/ros2_ws/install/motion_capture_tracking_interfaces/lib:/home/zyf/crazyflies/group-crazyflie-1/test/sim_test/CrazySim/ros2_ws/install/motion_capture_tracking_interfaces/lib:${LD_LIBRARY_PATH} PYTHONPATH=/home/zyf/crazyflies/CrazySim/ros2_ws/install/motion_capture_tracking_interfaces/local/lib/python3.10/dist-packages:${PYTHONPATH} /usr/bin/cmake --build /home/zyf/crazyflies/group-crazyflie-1/test/sim_test/CrazySim/ros2_ws/build/motion_capture_tracking -- -j16 -l16
[0.241s] Invoking command in '/home/zyf/crazyflies/group-crazyflie-1/test/sim_test/CrazySim/ros2_ws/build/motion_capture_tracking': AMENT_PREFIX_PATH=/home/zyf/crazyflies/CrazySim/ros2_ws/install/motion_capture_tracking_interfaces:${AMENT_PREFIX_PATH} CMAKE_PREFIX_PATH=/home/zyf/crazyflies/group-crazyflie-1/test/sim_test/CrazySim/ros2_ws/install/motion_capture_tracking_interfaces:/opt/ros/humble LD_LIBRARY_PATH=/home/zyf/crazyflies/CrazySim/ros2_ws/install/motion_capture_tracking_interfaces/lib:/home/zyf/crazyflies/group-crazyflie-1/test/sim_test/CrazySim/ros2_ws/install/motion_capture_tracking_interfaces/lib:${LD_LIBRARY_PATH} PYTHONPATH=/home/zyf/crazyflies/CrazySim/ros2_ws/install/motion_capture_tracking_interfaces/local/lib/python3.10/dist-packages:${PYTHONPATH} /usr/bin/cmake --install /home/zyf/crazyflies/group-crazyflie-1/test/sim_test/CrazySim/ros2_ws/build/motion_capture_tracking
[0.247s] -- Install configuration: ""
[0.247s] -- Execute custom install script
[0.248s] -- Up-to-date symlink: /home/zyf/crazyflies/CrazySim/ros2_ws/install/motion_capture_tracking/lib/motion_capture_tracking/motion_capture_tracking_node
[0.248s] -- Up-to-date symlink: /home/zyf/crazyflies/CrazySim/ros2_ws/install/motion_capture_tracking/lib/motion_capture_tracking/libNatNet.so
[0.248s] -- Up-to-date symlink: /home/zyf/crazyflies/CrazySim/ros2_ws/install/motion_capture_tracking/share/motion_capture_tracking//launch/launch.py
[0.248s] -- Up-to-date symlink: /home/zyf/crazyflies/CrazySim/ros2_ws/install/motion_capture_tracking/share/motion_capture_tracking//launch/node.launch
[0.248s] -- Up-to-date symlink: /home/zyf/crazyflies/CrazySim/ros2_ws/install/motion_capture_tracking/share/motion_capture_tracking//config/cfg.yaml
[0.248s] -- Up-to-date symlink: /home/zyf/crazyflies/CrazySim/ros2_ws/install/motion_capture_tracking/share/motion_capture_tracking//config/rviz.rviz
[0.248s] -- Up-to-date symlink: /home/zyf/crazyflies/CrazySim/ros2_ws/install/motion_capture_tracking/share/ament_index/resource_index/package_run_dependencies/motion_capture_tracking
[0.248s] -- Up-to-date symlink: /home/zyf/crazyflies/CrazySim/ros2_ws/install/motion_capture_tracking/share/ament_index/resource_index/parent_prefix_path/motion_capture_tracking
[0.248s] -- Up-to-date symlink: /home/zyf/crazyflies/CrazySim/ros2_ws/install/motion_capture_tracking/share/motion_capture_tracking/environment/ament_prefix_path.sh
[0.249s] -- Up-to-date symlink: /home/zyf/crazyflies/CrazySim/ros2_ws/install/motion_capture_tracking/share/motion_capture_tracking/environment/ament_prefix_path.dsv
[0.249s] -- Up-to-date symlink: /home/zyf/crazyflies/CrazySim/ros2_ws/install/motion_capture_tracking/share/motion_capture_tracking/environment/path.sh
[0.249s] -- Up-to-date symlink: /home/zyf/crazyflies/CrazySim/ros2_ws/install/motion_capture_tracking/share/motion_capture_tracking/environment/path.dsv
[0.249s] -- Up-to-date symlink: /home/zyf/crazyflies/CrazySim/ros2_ws/install/motion_capture_tracking/share/motion_capture_tracking/local_setup.bash
[0.249s] -- Up-to-date symlink: /home/zyf/crazyflies/CrazySim/ros2_ws/install/motion_capture_tracking/share/motion_capture_tracking/local_setup.sh
[0.249s] -- Up-to-date symlink: /home/zyf/crazyflies/CrazySim/ros2_ws/install/motion_capture_tracking/share/motion_capture_tracking/local_setup.zsh
[0.249s] -- Up-to-date symlink: /home/zyf/crazyflies/CrazySim/ros2_ws/install/motion_capture_tracking/share/motion_capture_tracking/local_setup.dsv
[0.249s] -- Symlinking: /home/zyf/crazyflies/CrazySim/ros2_ws/install/motion_capture_tracking/share/motion_capture_tracking/package.dsv
[0.256s] -- Up-to-date symlink: /home/zyf/crazyflies/CrazySim/ros2_ws/install/motion_capture_tracking/share/ament_index/resource_index/packages/motion_capture_tracking
[0.257s] -- Up-to-date symlink: /home/zyf/crazyflies/CrazySim/ros2_ws/install/motion_capture_tracking/share/motion_capture_tracking/cmake/motion_capture_trackingConfig.cmake
[0.257s] -- Up-to-date symlink: /home/zyf/crazyflies/CrazySim/ros2_ws/install/motion_capture_tracking/share/motion_capture_tracking/cmake/motion_capture_trackingConfig-version.cmake
[0.257s] -- Up-to-date symlink: /home/zyf/crazyflies/CrazySim/ros2_ws/install/motion_capture_tracking/share/motion_capture_tracking/package.xml
[0.258s] Invoked command in '/home/zyf/crazyflies/group-crazyflie-1/test/sim_test/CrazySim/ros2_ws/build/motion_capture_tracking' returned '0': AMENT_PREFIX_PATH=/home/zyf/crazyflies/CrazySim/ros2_ws/install/motion_capture_tracking_interfaces:${AMENT_PREFIX_PATH} CMAKE_PREFIX_PATH=/home/zyf/crazyflies/group-crazyflie-1/test/sim_test/CrazySim/ros2_ws/install/motion_capture_tracking_interfaces:/opt/ros/humble LD_LIBRARY_PATH=/home/zyf/crazyflies/CrazySim/ros2_ws/install/motion_capture_tracking_interfaces/lib:/home/zyf/crazyflies/group-crazyflie-1/test/sim_test/CrazySim/ros2_ws/install/motion_capture_tracking_interfaces/lib:${LD_LIBRARY_PATH} PYTHONPATH=/home/zyf/crazyflies/CrazySim/ros2_ws/install/motion_capture_tracking_interfaces/local/lib/python3.10/dist-packages:${PYTHONPATH} /usr/bin/cmake --install /home/zyf/crazyflies/group-crazyflie-1/test/sim_test/CrazySim/ros2_ws/build/motion_capture_tracking
