[0.547s] Invoking command in '/home/zyf/crazyflies/group-crazyflie-1/test/sim_test/CrazySim/ros2_ws/src/crazyswarm2/crazyflie_py': CMAKE_PREFIX_PATH=/home/zyf/crazyflies/group-crazyflie-1/test/sim_test/CrazySim/ros2_ws/install/crazyflie_interfaces:/home/zyf/crazyflies/group-crazyflie-1/test/sim_test/CrazySim/ros2_ws/install/motion_capture_tracking:/home/zyf/crazyflies/group-crazyflie-1/test/sim_test/CrazySim/ros2_ws/install/crazyflie:/home/zyf/crazyflies/group-crazyflie-1/test/sim_test/CrazySim/ros2_ws/install/motion_capture_tracking_interfaces:/home/zyf/crazyflies/group-crazyflie-1/test/sim_test/CrazySim/ros2_ws/install/crazyflie_sim:/home/zyf/crazyflies/group-crazyflie-1/test/sim_test/CrazySim/ros2_ws/install/crazyflie_examples LD_LIBRARY_PATH=/home/zyf/crazyflies/group-crazyflie-1/test/sim_test/CrazySim/ros2_ws/install/crazyflie_interfaces/lib:/home/zyf/crazyflies/group-crazyflie-1/test/sim_test/CrazySim/ros2_ws/install/motion_capture_tracking_interfaces/lib:/opt/ros/humble/opt/rviz_ogre_vendor/lib:/opt/ros/humble/lib/x86_64-linux-gnu:/opt/ros/humble/lib:/home/zyf/crazyflies/acados/lib PYTHONPATH=/home/zyf/crazyflies/group-crazyflie-1/test/sim_test/CrazySim/ros2_ws/build/crazyflie_py/prefix_override:/home/zyf/crazyflies/group-crazyflie-1/test/sim_test/CrazySim/ros2_ws/install/crazyflie_py/lib/python3.10/site-packages:${PYTHONPATH} /usr/bin/python3 -W ignore:setup.py install is deprecated setup.py egg_info --egg-base ../../../build/crazyflie_py build --build-base /home/zyf/crazyflies/group-crazyflie-1/test/sim_test/CrazySim/ros2_ws/build/crazyflie_py/build install --record /home/zyf/crazyflies/group-crazyflie-1/test/sim_test/CrazySim/ros2_ws/build/crazyflie_py/install.log --single-version-externally-managed install_data
[0.732s] running egg_info
[0.733s] writing ../../../build/crazyflie_py/crazyflie_py.egg-info/PKG-INFO
[0.733s] writing dependency_links to ../../../build/crazyflie_py/crazyflie_py.egg-info/dependency_links.txt
[0.733s] writing entry points to ../../../build/crazyflie_py/crazyflie_py.egg-info/entry_points.txt
[0.733s] writing requirements to ../../../build/crazyflie_py/crazyflie_py.egg-info/requires.txt
[0.733s] writing top-level names to ../../../build/crazyflie_py/crazyflie_py.egg-info/top_level.txt
[0.735s] reading manifest file '../../../build/crazyflie_py/crazyflie_py.egg-info/SOURCES.txt'
[0.736s] writing manifest file '../../../build/crazyflie_py/crazyflie_py.egg-info/SOURCES.txt'
[0.736s] running build
[0.736s] running build_py
[0.736s] running install
[0.737s] running install_lib
[0.738s] running install_data
[0.738s] running install_egg_info
[0.740s] removing '/home/zyf/crazyflies/group-crazyflie-1/test/sim_test/CrazySim/ros2_ws/install/crazyflie_py/lib/python3.10/site-packages/crazyflie_py-2.0.0-py3.10.egg-info' (and everything under it)
[0.740s] Copying ../../../build/crazyflie_py/crazyflie_py.egg-info to /home/zyf/crazyflies/group-crazyflie-1/test/sim_test/CrazySim/ros2_ws/install/crazyflie_py/lib/python3.10/site-packages/crazyflie_py-2.0.0-py3.10.egg-info
[0.741s] running install_scripts
[0.759s] writing list of installed files to '/home/zyf/crazyflies/group-crazyflie-1/test/sim_test/CrazySim/ros2_ws/build/crazyflie_py/install.log'
[0.826s] Invoked command in '/home/zyf/crazyflies/group-crazyflie-1/test/sim_test/CrazySim/ros2_ws/src/crazyswarm2/crazyflie_py' returned '0': CMAKE_PREFIX_PATH=/home/zyf/crazyflies/group-crazyflie-1/test/sim_test/CrazySim/ros2_ws/install/crazyflie_interfaces:/home/zyf/crazyflies/group-crazyflie-1/test/sim_test/CrazySim/ros2_ws/install/motion_capture_tracking:/home/zyf/crazyflies/group-crazyflie-1/test/sim_test/CrazySim/ros2_ws/install/crazyflie:/home/zyf/crazyflies/group-crazyflie-1/test/sim_test/CrazySim/ros2_ws/install/motion_capture_tracking_interfaces:/home/zyf/crazyflies/group-crazyflie-1/test/sim_test/CrazySim/ros2_ws/install/crazyflie_sim:/home/zyf/crazyflies/group-crazyflie-1/test/sim_test/CrazySim/ros2_ws/install/crazyflie_examples LD_LIBRARY_PATH=/home/zyf/crazyflies/group-crazyflie-1/test/sim_test/CrazySim/ros2_ws/install/crazyflie_interfaces/lib:/home/zyf/crazyflies/group-crazyflie-1/test/sim_test/CrazySim/ros2_ws/install/motion_capture_tracking_interfaces/lib:/opt/ros/humble/opt/rviz_ogre_vendor/lib:/opt/ros/humble/lib/x86_64-linux-gnu:/opt/ros/humble/lib:/home/zyf/crazyflies/acados/lib PYTHONPATH=/home/zyf/crazyflies/group-crazyflie-1/test/sim_test/CrazySim/ros2_ws/build/crazyflie_py/prefix_override:/home/zyf/crazyflies/group-crazyflie-1/test/sim_test/CrazySim/ros2_ws/install/crazyflie_py/lib/python3.10/site-packages:${PYTHONPATH} /usr/bin/python3 -W ignore:setup.py install is deprecated setup.py egg_info --egg-base ../../../build/crazyflie_py build --build-base /home/zyf/crazyflies/group-crazyflie-1/test/sim_test/CrazySim/ros2_ws/build/crazyflie_py/build install --record /home/zyf/crazyflies/group-crazyflie-1/test/sim_test/CrazySim/ros2_ws/build/crazyflie_py/install.log --single-version-externally-managed install_data
